#
# There is insufficient memory for the Java Runtime Environment to continue.
# Native memory allocation (mmap) failed to map 65536 bytes for Failed to commit metaspace.
# Possible reasons:
#   The system is out of physical RAM or swap space
#   The process is running with CompressedOops enabled, and the Java Heap may be blocking the growth of the native heap
# Possible solutions:
#   Reduce memory load on the system
#   Increase physical memory or swap space
#   Check if swap backing store is full
#   Decrease Java heap size (-Xmx/-Xms)
#   Decrease number of Java threads
#   Decrease Java thread stack sizes (-Xss)
#   Set larger code cache with -XX:ReservedCodeCacheSize=
#   JVM is running with Zero Based Compressed Oops mode in which the Java heap is
#     placed in the first 32GB address space. The Java Heap base address is the
#     maximum limit for the native heap growth. Please use -XX:HeapBaseMinAddress
#     to set the Java Heap base and to place the Java Heap above 32GB virtual address.
# This output file may be truncated or incomplete.
#
#  Out of Memory Error (virtualSpaceNode.cpp:110), pid=27980, tid=28100
#
# JRE version: Java(TM) SE Runtime Environment (17.0.4+11) (build 17.0.4+11-LTS-179)
# Java VM: Java HotSpot(TM) 64-Bit Server VM (17.0.4+11-LTS-179, mixed mode, sharing, tiered, compressed oops, compressed class ptrs, g1 gc, windows-amd64)
# No core dump will be written. Minidumps are not enabled by default on client versions of Windows
#

---------------  S U M M A R Y ------------

Command Line: -Dfile.encoding=UTF-8 --module-path=E:\BCA Programms\Practice Programming languages\NetBeansProjects\news_application\build\classes news_application.Signup

Host: AMD Ryzen 3 3200G with Radeon Vega Graphics    , 4 cores, 13G,  Windows 10 , 64 bit Build 19041 (10.0.19041.662)
Time: Fri Dec 29 00:13:35 2023 India Standard Time elapsed time: 0.367378 seconds (0d 0h 0m 0s)

---------------  T H R E A D  ---------------

Current thread (0x00000230c9a6cf10):  JavaThread "AWT-EventQueue-0" [_thread_in_vm, id=28100, stack(0x00000055e6400000,0x00000055e6500000)]

Stack: [0x00000055e6400000,0x00000055e6500000]
Native frames: (J=compiled Java code, j=interpreted, Vv=VM code, C=native code)
V  [jvm.dll+0x6723da]
V  [jvm.dll+0x7d1f74]
V  [jvm.dll+0x7d371e]
V  [jvm.dll+0x7d3d83]
V  [jvm.dll+0x242ed5]
V  [jvm.dll+0x7cdf1b]
V  [jvm.dll+0x618186]
V  [jvm.dll+0x6181ea]
V  [jvm.dll+0x61a9fa]
V  [jvm.dll+0x618b26]
V  [jvm.dll+0x622887]
V  [jvm.dll+0x1e82bb]
V  [jvm.dll+0x1e87f5]
V  [jvm.dll+0x1e922f]
V  [jvm.dll+0x1de6e1]
V  [jvm.dll+0x538b90]
V  [jvm.dll+0x1eeec7]
V  [jvm.dll+0x74bdfb]
V  [jvm.dll+0x74d1a2]
V  [jvm.dll+0x74d939]
V  [jvm.dll+0x1e94e4]
V  [jvm.dll+0x1de6fa]
V  [jvm.dll+0x538b90]
V  [jvm.dll+0x1eeec7]
V  [jvm.dll+0x74bdfb]
V  [jvm.dll+0x74d1a2]
V  [jvm.dll+0x74d4d8]
V  [jvm.dll+0x23b34e]
V  [jvm.dll+0x37bb7e]
C  0x00000230b00db82d

Java frames: (J=compiled Java code, j=interpreted, Vv=VM code)
j  java.awt.DefaultKeyboardFocusManager.sendMessage(Ljava/awt/Component;Ljava/awt/AWTEvent;)Z+14 java.desktop@17.0.4
j  java.awt.DefaultKeyboardFocusManager.dispatchEvent(Ljava/awt/AWTEvent;)Z+270 java.desktop@17.0.4
j  java.awt.Component.dispatchEventImpl(Ljava/awt/AWTEvent;)V+131 java.desktop@17.0.4
j  java.awt.Container.dispatchEventImpl(Ljava/awt/AWTEvent;)V+42 java.desktop@17.0.4
j  java.awt.Window.dispatchEventImpl(Ljava/awt/AWTEvent;)V+19 java.desktop@17.0.4
j  java.awt.Component.dispatchEvent(Ljava/awt/AWTEvent;)V+2 java.desktop@17.0.4
j  java.awt.EventQueue.dispatchEventImpl(Ljava/awt/AWTEvent;Ljava/lang/Object;)V+41 java.desktop@17.0.4
j  java.awt.EventQueue$4.run()Ljava/lang/Void;+32 java.desktop@17.0.4
j  java.awt.EventQueue$4.run()Ljava/lang/Object;+1 java.desktop@17.0.4
j  java.security.AccessController.executePrivileged(Ljava/security/PrivilegedAction;Ljava/security/AccessControlContext;Ljava/lang/Class;)Ljava/lang/Object;+29 java.base@17.0.4
j  java.security.AccessController.doPrivileged(Ljava/security/PrivilegedAction;Ljava/security/AccessControlContext;)Ljava/lang/Object;+13 java.base@17.0.4
j  java.security.ProtectionDomain$JavaSecurityAccessImpl.doIntersectionPrivilege(Ljava/security/PrivilegedAction;Ljava/security/AccessControlContext;Ljava/security/AccessControlContext;)Ljava/lang/Object;+18 java.base@17.0.4
j  java.security.ProtectionDomain$JavaSecurityAccessImpl.doIntersectionPrivilege(Ljava/security/PrivilegedAction;Ljava/security/AccessControlContext;)Ljava/lang/Object;+6 java.base@17.0.4
j  java.awt.EventQueue$5.run()Ljava/lang/Void;+11 java.desktop@17.0.4
j  java.awt.EventQueue$5.run()Ljava/lang/Object;+1 java.desktop@17.0.4
j  java.security.AccessController.executePrivileged(Ljava/security/PrivilegedAction;Ljava/security/AccessControlContext;Ljava/lang/Class;)Ljava/lang/Object;+29 java.base@17.0.4
j  java.security.AccessController.doPrivileged(Ljava/security/PrivilegedAction;Ljava/security/AccessControlContext;)Ljava/lang/Object;+13 java.base@17.0.4
j  java.security.ProtectionDomain$JavaSecurityAccessImpl.doIntersectionPrivilege(Ljava/security/PrivilegedAction;Ljava/security/AccessControlContext;Ljava/security/AccessControlContext;)Ljava/lang/Object;+18 java.base@17.0.4
j  java.awt.EventQueue.dispatchEvent(Ljava/awt/AWTEvent;)V+73 java.desktop@17.0.4
j  java.awt.SequencedEvent.dispatch()V+150 java.desktop@17.0.4
j  java.awt.EventQueue.dispatchEventImpl(Ljava/awt/AWTEvent;Ljava/lang/Object;)V+21 java.desktop@17.0.4
j  java.awt.EventQueue$4.run()Ljava/lang/Void;+32 java.desktop@17.0.4
j  java.awt.EventQueue$4.run()Ljava/lang/Object;+1 java.desktop@17.0.4
j  java.security.AccessController.executePrivileged(Ljava/security/PrivilegedAction;Ljava/security/AccessControlContext;Ljava/lang/Class;)Ljava/lang/Object;+29 java.base@17.0.4
j  java.security.AccessController.doPrivileged(Ljava/security/PrivilegedAction;Ljava/security/AccessControlContext;)Ljava/lang/Object;+13 java.base@17.0.4
j  java.security.ProtectionDomain$JavaSecurityAccessImpl.doIntersectionPrivilege(Ljava/security/PrivilegedAction;Ljava/security/AccessControlContext;Ljava/security/AccessControlContext;)Ljava/lang/Object;+18 java.base@17.0.4
j  java.security.ProtectionDomain$JavaSecurityAccessImpl.doIntersectionPrivilege(Ljava/security/PrivilegedAction;Ljava/security/AccessControlContext;)Ljava/lang/Object;+6 java.base@17.0.4
j  java.awt.EventQueue$5.run()Ljava/lang/Void;+11 java.desktop@17.0.4
j  java.awt.EventQueue$5.run()Ljava/lang/Object;+1 java.desktop@17.0.4
j  java.security.AccessController.executePrivileged(Ljava/security/PrivilegedAction;Ljava/security/AccessControlContext;Ljava/lang/Class;)Ljava/lang/Object;+29 java.base@17.0.4
j  java.security.AccessController.doPrivileged(Ljava/security/PrivilegedAction;Ljava/security/AccessControlContext;)Ljava/lang/Object;+13 java.base@17.0.4
j  java.security.ProtectionDomain$JavaSecurityAccessImpl.doIntersectionPrivilege(Ljava/security/PrivilegedAction;Ljava/security/AccessControlContext;Ljava/security/AccessControlContext;)Ljava/lang/Object;+18 java.base@17.0.4
j  java.awt.EventQueue.dispatchEvent(Ljava/awt/AWTEvent;)V+73 java.desktop@17.0.4
j  java.awt.EventDispatchThread.pumpOneEventForFilters(I)V+78 java.desktop@17.0.4
j  java.awt.EventDispatchThread.pumpEventsForFilter(ILjava/awt/Conditional;Ljava/awt/EventFilter;)V+35 java.desktop@17.0.4
j  java.awt.EventDispatchThread.pumpEventsForHierarchy(ILjava/awt/Conditional;Ljava/awt/Component;)V+11 java.desktop@17.0.4
j  java.awt.EventDispatchThread.pumpEvents(ILjava/awt/Conditional;)V+4 java.desktop@17.0.4
j  java.awt.EventDispatchThread.pumpEvents(Ljava/awt/Conditional;)V+3 java.desktop@17.0.4
j  java.awt.EventDispatchThread.run()V+9 java.desktop@17.0.4
v  ~StubRoutines::call_stub

---------------  P R O C E S S  ---------------

Threads class SMR info:
_java_thread_list=0x00000230ca771970, length=16, elements={
0x00000230a883b950, 0x00000230c9a56600, 0x00000230c9a585a0, 0x00000230c9a678a0,
0x00000230c9a69170, 0x00000230c9a6a240, 0x00000230c9a6d3e0, 0x00000230c9a729f0,
0x00000230c9a7b3b0, 0x00000230c9a7dcc0, 0x00000230c9a6ca40, 0x00000230c9a6b700,
0x00000230c9a6bbd0, 0x00000230c9a6c0a0, 0x00000230c9a6e720, 0x00000230c9a6cf10
}

Java Threads: ( => current thread )
  0x00000230a883b950 JavaThread "main" [_thread_in_native, id=28016, stack(0x00000055e4800000,0x00000055e4900000)]
  0x00000230c9a56600 JavaThread "Reference Handler" daemon [_thread_blocked, id=14960, stack(0x00000055e4f00000,0x00000055e5000000)]
  0x00000230c9a585a0 JavaThread "Finalizer" daemon [_thread_blocked, id=28056, stack(0x00000055e5000000,0x00000055e5100000)]
  0x00000230c9a678a0 JavaThread "Signal Dispatcher" daemon [_thread_blocked, id=27084, stack(0x00000055e5100000,0x00000055e5200000)]
  0x00000230c9a69170 JavaThread "Attach Listener" daemon [_thread_blocked, id=27616, stack(0x00000055e5200000,0x00000055e5300000)]
  0x00000230c9a6a240 JavaThread "Service Thread" daemon [_thread_blocked, id=27620, stack(0x00000055e5300000,0x00000055e5400000)]
  0x00000230c9a6d3e0 JavaThread "Monitor Deflation Thread" daemon [_thread_blocked, id=28080, stack(0x00000055e5400000,0x00000055e5500000)]
  0x00000230c9a729f0 JavaThread "C2 CompilerThread0" daemon [_thread_blocked, id=28088, stack(0x00000055e5500000,0x00000055e5600000)]
  0x00000230c9a7b3b0 JavaThread "C1 CompilerThread0" daemon [_thread_blocked, id=28084, stack(0x00000055e5600000,0x00000055e5700000)]
  0x00000230c9a7dcc0 JavaThread "Sweeper thread" daemon [_thread_blocked, id=27516, stack(0x00000055e5700000,0x00000055e5800000)]
  0x00000230c9a6ca40 JavaThread "Common-Cleaner" daemon [_thread_blocked, id=28132, stack(0x00000055e5800000,0x00000055e5900000)]
  0x00000230c9a6b700 JavaThread "Notification Thread" daemon [_thread_blocked, id=28140, stack(0x00000055e5900000,0x00000055e5a00000)]
  0x00000230c9a6bbd0 JavaThread "Java2D Disposer" daemon [_thread_blocked, id=28128, stack(0x00000055e5b00000,0x00000055e5c00000)]
  0x00000230c9a6c0a0 JavaThread "AWT-Shutdown" [_thread_blocked, id=28268, stack(0x00000055e5c00000,0x00000055e5d00000)]
  0x00000230c9a6e720 JavaThread "AWT-Windows" daemon [_thread_in_vm, id=28272, stack(0x00000055e5d00000,0x00000055e5e00000)]
=>0x00000230c9a6cf10 JavaThread "AWT-EventQueue-0" [_thread_in_vm, id=28100, stack(0x00000055e6400000,0x00000055e6500000)]

Other Threads:
  0x00000230c9a513b0 VMThread "VM Thread" [stack: 0x00000055e4e00000,0x00000055e4f00000] [id=27408]
  0x00000230a88b4f70 WatcherThread [stack: 0x00000055e5a00000,0x00000055e5b00000] [id=28136]
  0x00000230a889d020 GCTaskThread "GC Thread#0" [stack: 0x00000055e4900000,0x00000055e4a00000] [id=28060]
  0x00000230a88ad5d0 ConcurrentGCThread "G1 Main Marker" [stack: 0x00000055e4a00000,0x00000055e4b00000] [id=28064]
  0x00000230a88ae680 ConcurrentGCThread "G1 Conc#0" [stack: 0x00000055e4b00000,0x00000055e4c00000] [id=28068]
  0x00000230c990c110 ConcurrentGCThread "G1 Refine#0" [stack: 0x00000055e4c00000,0x00000055e4d00000] [id=28076]
  0x00000230c990ca30 ConcurrentGCThread "G1 Service" [stack: 0x00000055e4d00000,0x00000055e4e00000] [id=28072]

Threads with active compile tasks:

VM state: not at safepoint (normal execution)

VM Mutex/Monitor currently owned by a thread:  ([mutex/lock_event])
[0x00000230a8834370] Metaspace_lock - owner thread: 0x00000230c9a6cf10

Heap address: 0x0000000720c00000, size: 3572 MB, Compressed Oops mode: Zero based, Oop shift amount: 3

CDS archive(s) mapped at: [0x0000000800000000-0x0000000800bc0000-0x0000000800bc0000), size 12320768, SharedBaseAddress: 0x0000000800000000, ArchiveRelocationMode: 0.
Compressed class space mapped at: 0x0000000800c00000-0x0000000840c00000, reserved size: 1073741824
Narrow klass base: 0x0000000800000000, Narrow klass shift: 0, Narrow klass range: 0x100000000

GC Precious Log:
 CPUs: 4 total, 4 available
 Memory: 14284M
 Large Page Support: Disabled
 NUMA Support: Disabled
 Compressed Oops: Enabled (Zero based)
 Heap Region Size: 2M
 Heap Min Capacity: 8M
 Heap Initial Capacity: 224M
 Heap Max Capacity: 3572M
 Pre-touch: Disabled
 Parallel Workers: 4
 Concurrent Workers: 1
 Concurrent Refinement Workers: 4
 Periodic GC: Disabled

Heap:
 garbage-first heap   total 229376K, used 4096K [0x0000000720c00000, 0x0000000800000000)
  region size 2048K, 3 young (6144K), 0 survivors (0K)
 Metaspace       used 5482K, committed 5632K, reserved 1056768K
  class space    used 607K, committed 704K, reserved 1048576K

Heap Regions: E=young(eden), S=young(survivor), O=old, HS=humongous(starts), HC=humongous(continues), CS=collection set, F=free, OA=open archive, CA=closed archive, TAMS=top-at-mark-start (previous, next)
|   0|0x0000000720c00000, 0x0000000720c00000, 0x0000000720e00000|  0%| F|  |TAMS 0x0000000720c00000, 0x0000000720c00000| Untracked 
|   1|0x0000000720e00000, 0x0000000720e00000, 0x0000000721000000|  0%| F|  |TAMS 0x0000000720e00000, 0x0000000720e00000| Untracked 
|   2|0x0000000721000000, 0x0000000721000000, 0x0000000721200000|  0%| F|  |TAMS 0x0000000721000000, 0x0000000721000000| Untracked 
|   3|0x0000000721200000, 0x0000000721200000, 0x0000000721400000|  0%| F|  |TAMS 0x0000000721200000, 0x0000000721200000| Untracked 
|   4|0x0000000721400000, 0x0000000721400000, 0x0000000721600000|  0%| F|  |TAMS 0x0000000721400000, 0x0000000721400000| Untracked 
|   5|0x0000000721600000, 0x0000000721600000, 0x0000000721800000|  0%| F|  |TAMS 0x0000000721600000, 0x0000000721600000| Untracked 
|   6|0x0000000721800000, 0x0000000721800000, 0x0000000721a00000|  0%| F|  |TAMS 0x0000000721800000, 0x0000000721800000| Untracked 
|   7|0x0000000721a00000, 0x0000000721a00000, 0x0000000721c00000|  0%| F|  |TAMS 0x0000000721a00000, 0x0000000721a00000| Untracked 
|   8|0x0000000721c00000, 0x0000000721c00000, 0x0000000721e00000|  0%| F|  |TAMS 0x0000000721c00000, 0x0000000721c00000| Untracked 
|   9|0x0000000721e00000, 0x0000000721e00000, 0x0000000722000000|  0%| F|  |TAMS 0x0000000721e00000, 0x0000000721e00000| Untracked 
|  10|0x0000000722000000, 0x0000000722000000, 0x0000000722200000|  0%| F|  |TAMS 0x0000000722000000, 0x0000000722000000| Untracked 
|  11|0x0000000722200000, 0x0000000722200000, 0x0000000722400000|  0%| F|  |TAMS 0x0000000722200000, 0x0000000722200000| Untracked 
|  12|0x0000000722400000, 0x0000000722400000, 0x0000000722600000|  0%| F|  |TAMS 0x0000000722400000, 0x0000000722400000| Untracked 
|  13|0x0000000722600000, 0x0000000722600000, 0x0000000722800000|  0%| F|  |TAMS 0x0000000722600000, 0x0000000722600000| Untracked 
|  14|0x0000000722800000, 0x0000000722800000, 0x0000000722a00000|  0%| F|  |TAMS 0x0000000722800000, 0x0000000722800000| Untracked 
|  15|0x0000000722a00000, 0x0000000722a00000, 0x0000000722c00000|  0%| F|  |TAMS 0x0000000722a00000, 0x0000000722a00000| Untracked 
|  16|0x0000000722c00000, 0x0000000722c00000, 0x0000000722e00000|  0%| F|  |TAMS 0x0000000722c00000, 0x0000000722c00000| Untracked 
|  17|0x0000000722e00000, 0x0000000722e00000, 0x0000000723000000|  0%| F|  |TAMS 0x0000000722e00000, 0x0000000722e00000| Untracked 
|  18|0x0000000723000000, 0x0000000723000000, 0x0000000723200000|  0%| F|  |TAMS 0x0000000723000000, 0x0000000723000000| Untracked 
|  19|0x0000000723200000, 0x0000000723200000, 0x0000000723400000|  0%| F|  |TAMS 0x0000000723200000, 0x0000000723200000| Untracked 
|  20|0x0000000723400000, 0x0000000723400000, 0x0000000723600000|  0%| F|  |TAMS 0x0000000723400000, 0x0000000723400000| Untracked 
|  21|0x0000000723600000, 0x0000000723600000, 0x0000000723800000|  0%| F|  |TAMS 0x0000000723600000, 0x0000000723600000| Untracked 
|  22|0x0000000723800000, 0x0000000723800000, 0x0000000723a00000|  0%| F|  |TAMS 0x0000000723800000, 0x0000000723800000| Untracked 
|  23|0x0000000723a00000, 0x0000000723a00000, 0x0000000723c00000|  0%| F|  |TAMS 0x0000000723a00000, 0x0000000723a00000| Untracked 
|  24|0x0000000723c00000, 0x0000000723c00000, 0x0000000723e00000|  0%| F|  |TAMS 0x0000000723c00000, 0x0000000723c00000| Untracked 
|  25|0x0000000723e00000, 0x0000000723e00000, 0x0000000724000000|  0%| F|  |TAMS 0x0000000723e00000, 0x0000000723e00000| Untracked 
|  26|0x0000000724000000, 0x0000000724000000, 0x0000000724200000|  0%| F|  |TAMS 0x0000000724000000, 0x0000000724000000| Untracked 
|  27|0x0000000724200000, 0x0000000724200000, 0x0000000724400000|  0%| F|  |TAMS 0x0000000724200000, 0x0000000724200000| Untracked 
|  28|0x0000000724400000, 0x0000000724400000, 0x0000000724600000|  0%| F|  |TAMS 0x0000000724400000, 0x0000000724400000| Untracked 
|  29|0x0000000724600000, 0x0000000724600000, 0x0000000724800000|  0%| F|  |TAMS 0x0000000724600000, 0x0000000724600000| Untracked 
|  30|0x0000000724800000, 0x0000000724800000, 0x0000000724a00000|  0%| F|  |TAMS 0x0000000724800000, 0x0000000724800000| Untracked 
|  31|0x0000000724a00000, 0x0000000724a00000, 0x0000000724c00000|  0%| F|  |TAMS 0x0000000724a00000, 0x0000000724a00000| Untracked 
|  32|0x0000000724c00000, 0x0000000724c00000, 0x0000000724e00000|  0%| F|  |TAMS 0x0000000724c00000, 0x0000000724c00000| Untracked 
|  33|0x0000000724e00000, 0x0000000724e00000, 0x0000000725000000|  0%| F|  |TAMS 0x0000000724e00000, 0x0000000724e00000| Untracked 
|  34|0x0000000725000000, 0x0000000725000000, 0x0000000725200000|  0%| F|  |TAMS 0x0000000725000000, 0x0000000725000000| Untracked 
|  35|0x0000000725200000, 0x0000000725200000, 0x0000000725400000|  0%| F|  |TAMS 0x0000000725200000, 0x0000000725200000| Untracked 
|  36|0x0000000725400000, 0x0000000725400000, 0x0000000725600000|  0%| F|  |TAMS 0x0000000725400000, 0x0000000725400000| Untracked 
|  37|0x0000000725600000, 0x0000000725600000, 0x0000000725800000|  0%| F|  |TAMS 0x0000000725600000, 0x0000000725600000| Untracked 
|  38|0x0000000725800000, 0x0000000725800000, 0x0000000725a00000|  0%| F|  |TAMS 0x0000000725800000, 0x0000000725800000| Untracked 
|  39|0x0000000725a00000, 0x0000000725a00000, 0x0000000725c00000|  0%| F|  |TAMS 0x0000000725a00000, 0x0000000725a00000| Untracked 
|  40|0x0000000725c00000, 0x0000000725c00000, 0x0000000725e00000|  0%| F|  |TAMS 0x0000000725c00000, 0x0000000725c00000| Untracked 
|  41|0x0000000725e00000, 0x0000000725e00000, 0x0000000726000000|  0%| F|  |TAMS 0x0000000725e00000, 0x0000000725e00000| Untracked 
|  42|0x0000000726000000, 0x0000000726000000, 0x0000000726200000|  0%| F|  |TAMS 0x0000000726000000, 0x0000000726000000| Untracked 
|  43|0x0000000726200000, 0x0000000726200000, 0x0000000726400000|  0%| F|  |TAMS 0x0000000726200000, 0x0000000726200000| Untracked 
|  44|0x0000000726400000, 0x0000000726400000, 0x0000000726600000|  0%| F|  |TAMS 0x0000000726400000, 0x0000000726400000| Untracked 
|  45|0x0000000726600000, 0x0000000726600000, 0x0000000726800000|  0%| F|  |TAMS 0x0000000726600000, 0x0000000726600000| Untracked 
|  46|0x0000000726800000, 0x0000000726800000, 0x0000000726a00000|  0%| F|  |TAMS 0x0000000726800000, 0x0000000726800000| Untracked 
|  47|0x0000000726a00000, 0x0000000726a00000, 0x0000000726c00000|  0%| F|  |TAMS 0x0000000726a00000, 0x0000000726a00000| Untracked 
|  48|0x0000000726c00000, 0x0000000726c00000, 0x0000000726e00000|  0%| F|  |TAMS 0x0000000726c00000, 0x0000000726c00000| Untracked 
|  49|0x0000000726e00000, 0x0000000726e00000, 0x0000000727000000|  0%| F|  |TAMS 0x0000000726e00000, 0x0000000726e00000| Untracked 
|  50|0x0000000727000000, 0x0000000727000000, 0x0000000727200000|  0%| F|  |TAMS 0x0000000727000000, 0x0000000727000000| Untracked 
|  51|0x0000000727200000, 0x0000000727200000, 0x0000000727400000|  0%| F|  |TAMS 0x0000000727200000, 0x0000000727200000| Untracked 
|  52|0x0000000727400000, 0x0000000727400000, 0x0000000727600000|  0%| F|  |TAMS 0x0000000727400000, 0x0000000727400000| Untracked 
|  53|0x0000000727600000, 0x0000000727600000, 0x0000000727800000|  0%| F|  |TAMS 0x0000000727600000, 0x0000000727600000| Untracked 
|  54|0x0000000727800000, 0x0000000727800000, 0x0000000727a00000|  0%| F|  |TAMS 0x0000000727800000, 0x0000000727800000| Untracked 
|  55|0x0000000727a00000, 0x0000000727a00000, 0x0000000727c00000|  0%| F|  |TAMS 0x0000000727a00000, 0x0000000727a00000| Untracked 
|  56|0x0000000727c00000, 0x0000000727c00000, 0x0000000727e00000|  0%| F|  |TAMS 0x0000000727c00000, 0x0000000727c00000| Untracked 
|  57|0x0000000727e00000, 0x0000000727e00000, 0x0000000728000000|  0%| F|  |TAMS 0x0000000727e00000, 0x0000000727e00000| Untracked 
|  58|0x0000000728000000, 0x0000000728000000, 0x0000000728200000|  0%| F|  |TAMS 0x0000000728000000, 0x0000000728000000| Untracked 
|  59|0x0000000728200000, 0x0000000728200000, 0x0000000728400000|  0%| F|  |TAMS 0x0000000728200000, 0x0000000728200000| Untracked 
|  60|0x0000000728400000, 0x0000000728400000, 0x0000000728600000|  0%| F|  |TAMS 0x0000000728400000, 0x0000000728400000| Untracked 
|  61|0x0000000728600000, 0x0000000728600000, 0x0000000728800000|  0%| F|  |TAMS 0x0000000728600000, 0x0000000728600000| Untracked 
|  62|0x0000000728800000, 0x0000000728800000, 0x0000000728a00000|  0%| F|  |TAMS 0x0000000728800000, 0x0000000728800000| Untracked 
|  63|0x0000000728a00000, 0x0000000728a00000, 0x0000000728c00000|  0%| F|  |TAMS 0x0000000728a00000, 0x0000000728a00000| Untracked 
|  64|0x0000000728c00000, 0x0000000728c00000, 0x0000000728e00000|  0%| F|  |TAMS 0x0000000728c00000, 0x0000000728c00000| Untracked 
|  65|0x0000000728e00000, 0x0000000728e00000, 0x0000000729000000|  0%| F|  |TAMS 0x0000000728e00000, 0x0000000728e00000| Untracked 
|  66|0x0000000729000000, 0x0000000729000000, 0x0000000729200000|  0%| F|  |TAMS 0x0000000729000000, 0x0000000729000000| Untracked 
|  67|0x0000000729200000, 0x0000000729200000, 0x0000000729400000|  0%| F|  |TAMS 0x0000000729200000, 0x0000000729200000| Untracked 
|  68|0x0000000729400000, 0x0000000729400000, 0x0000000729600000|  0%| F|  |TAMS 0x0000000729400000, 0x0000000729400000| Untracked 
|  69|0x0000000729600000, 0x0000000729600000, 0x0000000729800000|  0%| F|  |TAMS 0x0000000729600000, 0x0000000729600000| Untracked 
|  70|0x0000000729800000, 0x0000000729800000, 0x0000000729a00000|  0%| F|  |TAMS 0x0000000729800000, 0x0000000729800000| Untracked 
|  71|0x0000000729a00000, 0x0000000729a00000, 0x0000000729c00000|  0%| F|  |TAMS 0x0000000729a00000, 0x0000000729a00000| Untracked 
|  72|0x0000000729c00000, 0x0000000729c00000, 0x0000000729e00000|  0%| F|  |TAMS 0x0000000729c00000, 0x0000000729c00000| Untracked 
|  73|0x0000000729e00000, 0x0000000729e00000, 0x000000072a000000|  0%| F|  |TAMS 0x0000000729e00000, 0x0000000729e00000| Untracked 
|  74|0x000000072a000000, 0x000000072a000000, 0x000000072a200000|  0%| F|  |TAMS 0x000000072a000000, 0x000000072a000000| Untracked 
|  75|0x000000072a200000, 0x000000072a200000, 0x000000072a400000|  0%| F|  |TAMS 0x000000072a200000, 0x000000072a200000| Untracked 
|  76|0x000000072a400000, 0x000000072a400000, 0x000000072a600000|  0%| F|  |TAMS 0x000000072a400000, 0x000000072a400000| Untracked 
|  77|0x000000072a600000, 0x000000072a600000, 0x000000072a800000|  0%| F|  |TAMS 0x000000072a600000, 0x000000072a600000| Untracked 
|  78|0x000000072a800000, 0x000000072a800000, 0x000000072aa00000|  0%| F|  |TAMS 0x000000072a800000, 0x000000072a800000| Untracked 
|  79|0x000000072aa00000, 0x000000072aa00000, 0x000000072ac00000|  0%| F|  |TAMS 0x000000072aa00000, 0x000000072aa00000| Untracked 
|  80|0x000000072ac00000, 0x000000072ac00000, 0x000000072ae00000|  0%| F|  |TAMS 0x000000072ac00000, 0x000000072ac00000| Untracked 
|  81|0x000000072ae00000, 0x000000072ae00000, 0x000000072b000000|  0%| F|  |TAMS 0x000000072ae00000, 0x000000072ae00000| Untracked 
|  82|0x000000072b000000, 0x000000072b000000, 0x000000072b200000|  0%| F|  |TAMS 0x000000072b000000, 0x000000072b000000| Untracked 
|  83|0x000000072b200000, 0x000000072b200000, 0x000000072b400000|  0%| F|  |TAMS 0x000000072b200000, 0x000000072b200000| Untracked 
|  84|0x000000072b400000, 0x000000072b400000, 0x000000072b600000|  0%| F|  |TAMS 0x000000072b400000, 0x000000072b400000| Untracked 
|  85|0x000000072b600000, 0x000000072b600000, 0x000000072b800000|  0%| F|  |TAMS 0x000000072b600000, 0x000000072b600000| Untracked 
|  86|0x000000072b800000, 0x000000072b800000, 0x000000072ba00000|  0%| F|  |TAMS 0x000000072b800000, 0x000000072b800000| Untracked 
|  87|0x000000072ba00000, 0x000000072ba00000, 0x000000072bc00000|  0%| F|  |TAMS 0x000000072ba00000, 0x000000072ba00000| Untracked 
|  88|0x000000072bc00000, 0x000000072bc00000, 0x000000072be00000|  0%| F|  |TAMS 0x000000072bc00000, 0x000000072bc00000| Untracked 
|  89|0x000000072be00000, 0x000000072be00000, 0x000000072c000000|  0%| F|  |TAMS 0x000000072be00000, 0x000000072be00000| Untracked 
|  90|0x000000072c000000, 0x000000072c000000, 0x000000072c200000|  0%| F|  |TAMS 0x000000072c000000, 0x000000072c000000| Untracked 
|  91|0x000000072c200000, 0x000000072c200000, 0x000000072c400000|  0%| F|  |TAMS 0x000000072c200000, 0x000000072c200000| Untracked 
|  92|0x000000072c400000, 0x000000072c400000, 0x000000072c600000|  0%| F|  |TAMS 0x000000072c400000, 0x000000072c400000| Untracked 
|  93|0x000000072c600000, 0x000000072c600000, 0x000000072c800000|  0%| F|  |TAMS 0x000000072c600000, 0x000000072c600000| Untracked 
|  94|0x000000072c800000, 0x000000072c800000, 0x000000072ca00000|  0%| F|  |TAMS 0x000000072c800000, 0x000000072c800000| Untracked 
|  95|0x000000072ca00000, 0x000000072ca00000, 0x000000072cc00000|  0%| F|  |TAMS 0x000000072ca00000, 0x000000072ca00000| Untracked 
|  96|0x000000072cc00000, 0x000000072cc00000, 0x000000072ce00000|  0%| F|  |TAMS 0x000000072cc00000, 0x000000072cc00000| Untracked 
|  97|0x000000072ce00000, 0x000000072ce00000, 0x000000072d000000|  0%| F|  |TAMS 0x000000072ce00000, 0x000000072ce00000| Untracked 
|  98|0x000000072d000000, 0x000000072d000000, 0x000000072d200000|  0%| F|  |TAMS 0x000000072d000000, 0x000000072d000000| Untracked 
|  99|0x000000072d200000, 0x000000072d200000, 0x000000072d400000|  0%| F|  |TAMS 0x000000072d200000, 0x000000072d200000| Untracked 
| 100|0x000000072d400000, 0x000000072d400000, 0x000000072d600000|  0%| F|  |TAMS 0x000000072d400000, 0x000000072d400000| Untracked 
| 101|0x000000072d600000, 0x000000072d600000, 0x000000072d800000|  0%| F|  |TAMS 0x000000072d600000, 0x000000072d600000| Untracked 
| 102|0x000000072d800000, 0x000000072d800000, 0x000000072da00000|  0%| F|  |TAMS 0x000000072d800000, 0x000000072d800000| Untracked 
| 103|0x000000072da00000, 0x000000072da00000, 0x000000072dc00000|  0%| F|  |TAMS 0x000000072da00000, 0x000000072da00000| Untracked 
| 104|0x000000072dc00000, 0x000000072dc00000, 0x000000072de00000|  0%| F|  |TAMS 0x000000072dc00000, 0x000000072dc00000| Untracked 
| 105|0x000000072de00000, 0x000000072de00000, 0x000000072e000000|  0%| F|  |TAMS 0x000000072de00000, 0x000000072de00000| Untracked 
| 106|0x000000072e000000, 0x000000072e000000, 0x000000072e200000|  0%| F|  |TAMS 0x000000072e000000, 0x000000072e000000| Untracked 
| 107|0x000000072e200000, 0x000000072e200000, 0x000000072e400000|  0%| F|  |TAMS 0x000000072e200000, 0x000000072e200000| Untracked 
| 108|0x000000072e400000, 0x000000072e400000, 0x000000072e600000|  0%| F|  |TAMS 0x000000072e400000, 0x000000072e400000| Untracked 
| 109|0x000000072e600000, 0x000000072e771748, 0x000000072e800000| 72%| E|  |TAMS 0x000000072e600000, 0x000000072e600000| Complete 
| 110|0x000000072e800000, 0x000000072ea00000, 0x000000072ea00000|100%| E|CS|TAMS 0x000000072e800000, 0x000000072e800000| Complete 
| 111|0x000000072ea00000, 0x000000072ec00000, 0x000000072ec00000|100%| E|CS|TAMS 0x000000072ea00000, 0x000000072ea00000| Complete 

Card table byte_map: [0x00000230bf7c0000,0x00000230bfec0000] _byte_map_base: 0x00000230bbeba000

Marking Bits (Prev, Next): (CMBitMap*) 0x00000230a889e540, (CMBitMap*) 0x00000230a889e580
 Prev Bits: [0x00000230c05c0000, 0x00000230c3d90000)
 Next Bits: [0x00000230c3d90000, 0x00000230c7560000)

Polling page: 0x00000230a8020000

Metaspace:

Usage:
  Non-class:      4.76 MB used.
      Class:    607.05 KB used.
       Both:      5.35 MB used.

Virtual space:
  Non-class space:        8.00 MB reserved,       4.81 MB ( 60%) committed,  1 nodes.
      Class space:        1.00 GB reserved,     704.00 KB ( <1%) committed,  1 nodes.
             Both:        1.01 GB reserved,       5.50 MB ( <1%) committed. 

Chunk freelists:
   Non-Class:  2.90 MB
       Class:  3.24 MB
        Both:  6.14 MB

MaxMetaspaceSize: unlimited
CompressedClassSpaceSize: 1.00 GB
Initial GC threshold: 21.00 MB
Current GC threshold: 21.00 MB
CDS: on
MetaspaceReclaimPolicy: balanced
 - commit_granule_bytes: 65536.
 - commit_granule_words: 8192.
 - virtual_space_node_default_size: 1048576.
 - enlarge_chunks_in_place: 1.
 - new_chunks_are_fully_committed: 0.
 - uncommit_free_chunks: 1.
 - use_allocation_guard: 0.
 - handle_deallocations: 1.


Internal statistics:

num_allocs_failed_limit: 0.
num_arena_births: 104.
num_arena_deaths: 0.
num_vsnodes_births: 2.
num_vsnodes_deaths: 0.
num_space_committed: 88.
num_space_uncommitted: 0.
num_chunks_returned_to_freelist: 0.
num_chunks_taken_from_freelist: 143.
num_chunk_merges: 0.
num_chunk_splits: 78.
num_chunks_enlarged: 21.
num_purges: 0.
num_inconsistent_stats: 0.

CodeHeap 'non-profiled nmethods': size=120000Kb used=169Kb max_used=169Kb free=119830Kb
 bounds [0x00000230b7b90000, 0x00000230b7e00000, 0x00000230bf0c0000]
CodeHeap 'profiled nmethods': size=120000Kb used=877Kb max_used=877Kb free=119123Kb
 bounds [0x00000230b0660000, 0x00000230b08d0000, 0x00000230b7b90000]
CodeHeap 'non-nmethods': size=5760Kb used=1231Kb max_used=1244Kb free=4528Kb
 bounds [0x00000230b00c0000, 0x00000230b0330000, 0x00000230b0660000]
 total_blobs=1149 nmethods=607 adapters=455
 compilation: enabled
              stopped_count=0, restarted_count=0
 full_count=0

Compilation events (20 events):
Event: 0.355 Thread 0x00000230c9a7b3b0 nmethod 594 0x00000230b0733410 code [0x00000230b07335e0, 0x00000230b0733b48]
Event: 0.355 Thread 0x00000230c9a7b3b0  597   !   3       java.lang.invoke.MemberName::getFieldType (176 bytes)
Event: 0.356 Thread 0x00000230c9a729f0 nmethod 580% 0x00000230b7bb9290 code [0x00000230b7bb9420, 0x00000230b7bb95f8]
Event: 0.356 Thread 0x00000230c9a729f0  581       4       java.lang.CharacterDataLatin1::getProperties (11 bytes)
Event: 0.356 Thread 0x00000230c9a729f0 nmethod 581 0x00000230b7bb9710 code [0x00000230b7bb9880, 0x00000230b7bb9918]
Event: 0.356 Thread 0x00000230c9a7b3b0 nmethod 597 0x00000230b0733d10 code [0x00000230b0734040, 0x00000230b07355f8]
Event: 0.357 Thread 0x00000230c9a7b3b0  600       3       java.util.concurrent.ConcurrentHashMap$Traverser::advance (188 bytes)
Event: 0.358 Thread 0x00000230c9a7b3b0 nmethod 600 0x00000230b0735c90 code [0x00000230b0735ee0, 0x00000230b0736b08]
Event: 0.358 Thread 0x00000230c9a7b3b0  601       3       jdk.internal.jimage.ImageLocation::readValue (61 bytes)
Event: 0.358 Thread 0x00000230c9a729f0  602       4       java.nio.DirectByteBuffer::ix (10 bytes)
Event: 0.358 Thread 0x00000230c9a7b3b0 nmethod 601 0x00000230b0736d90 code [0x00000230b0736f60, 0x00000230b0737338]
Event: 0.358 Thread 0x00000230c9a7b3b0  604       1       jdk.internal.jimage.ImageHeader::getTableLength (5 bytes)
Event: 0.358 Thread 0x00000230c9a7b3b0 nmethod 604 0x00000230b7bb9e10 code [0x00000230b7bb9fa0, 0x00000230b7bba078]
Event: 0.358 Thread 0x00000230c9a729f0 nmethod 602 0x00000230b7bba110 code [0x00000230b7bba280, 0x00000230b7bba2f8]
Event: 0.360 Thread 0x00000230c9a7b3b0  605   !   3       sun.awt.AppContext::get (123 bytes)
Event: 0.360 Thread 0x00000230c9a7b3b0 nmethod 605 0x00000230b0737510 code [0x00000230b0737720, 0x00000230b07381e8]
Event: 0.360 Thread 0x00000230c9a7b3b0  607       3       java.lang.Enum::<init> (15 bytes)
Event: 0.361 Thread 0x00000230c9a7b3b0 nmethod 607 0x00000230b0738590 code [0x00000230b0738720, 0x00000230b07388f8]
Event: 0.361 Thread 0x00000230c9a7b3b0  608       3       java.lang.invoke.MethodHandles$Lookup::checkSecurityManager (97 bytes)
Event: 0.362 Thread 0x00000230c9a7b3b0 nmethod 608 0x00000230b0738990 code [0x00000230b0738da0, 0x00000230b073aad8]

GC Heap History (0 events):
No events

Deoptimization events (4 events):
Event: 0.099 Thread 0x00000230a883b950 Uncommon trap: trap_request=0xffffff45 fr.pc=0x00000230b7b9e764 relative=0x0000000000000804
Event: 0.099 Thread 0x00000230a883b950 Uncommon trap: reason=unstable_if action=reinterpret pc=0x00000230b7b9e764 method=java.util.HashMap.putVal(ILjava/lang/Object;Ljava/lang/Object;ZZ)Ljava/lang/Object; @ 81 c2
Event: 0.099 Thread 0x00000230a883b950 DEOPT PACKING pc=0x00000230b7b9e764 sp=0x00000055e48fe730
Event: 0.099 Thread 0x00000230a883b950 DEOPT UNPACKING pc=0x00000230b01123a3 sp=0x00000055e48fe6d0 mode 2

Classes unloaded (0 events):
No events

Classes redefined (0 events):
No events

Internal exceptions (15 events):
Event: 0.072 Thread 0x00000230a883b950 Exception <a 'sun/nio/fs/WindowsException'{0x000000072eb30bf8}> (0x000000072eb30bf8) 
thrown [s\open\src\hotspot\share\prims\jni.cpp, line 516]
Event: 0.072 Thread 0x00000230a883b950 Exception <a 'sun/nio/fs/WindowsException'{0x000000072eb311d8}> (0x000000072eb311d8) 
thrown [s\open\src\hotspot\share\prims\jni.cpp, line 516]
Event: 0.073 Thread 0x00000230a883b950 Exception <a 'sun/nio/fs/WindowsException'{0x000000072eb33af8}> (0x000000072eb33af8) 
thrown [s\open\src\hotspot\share\prims\jni.cpp, line 516]
Event: 0.074 Thread 0x00000230a883b950 Exception <a 'sun/nio/fs/WindowsException'{0x000000072eb34730}> (0x000000072eb34730) 
thrown [s\open\src\hotspot\share\prims\jni.cpp, line 516]
Event: 0.115 Thread 0x00000230a883b950 Exception <a 'java/lang/ClassNotFoundException'{0x000000072e803368}: sun/awt/resources/spi/awtProvider> (0x000000072e803368) 
thrown [s\open\src\hotspot\share\classfile\systemDictionary.cpp, line 256]
Event: 0.137 Thread 0x00000230a883b950 Exception <a 'java/io/FileNotFoundException'{0x000000072e856630}> (0x000000072e856630) 
thrown [s\open\src\hotspot\share\prims\jni.cpp, line 516]
Event: 0.144 Thread 0x00000230a883b950 Exception <a 'java/io/FileNotFoundException'{0x000000072e883778}> (0x000000072e883778) 
thrown [s\open\src\hotspot\share\prims\jni.cpp, line 516]
Event: 0.182 Thread 0x00000230a883b950 Exception <a 'java/lang/NoSuchMethodError'{0x000000072e8c7c60}: 'java.lang.Object java.lang.invoke.DirectMethodHandle$Holder.invokeStaticInit(java.lang.Object)'> (0x000000072e8c7c60) 
thrown [s\open\src\hotspot\share\interpreter\linkResolver.cpp, line 759]
Event: 0.260 Thread 0x00000230a883b950 Exception <a 'java/lang/NoSuchMethodError'{0x000000072e950078}: 'void java.lang.invoke.DirectMethodHandle$Holder.invokeSpecial(java.lang.Object, java.lang.Object, java.lang.Object)'> (0x000000072e950078) 
thrown [s\open\src\hotspot\share\interpreter\linkResolver.cpp, line 759]
Event: 0.268 Thread 0x00000230a883b950 Exception <a 'java/lang/NoSuchMethodError'{0x000000072e97a510}: 'java.lang.Object java.lang.invoke.DirectMethodHandle$Holder.newInvokeSpecial(java.lang.Object, java.lang.Object, java.lang.Object, java.lang.Object, java.lang.Object)'> (0x000000072e97a510) 
thrown [s\open\src\hotspot\share\interpreter\linkResolver.cpp, line 759]
Event: 0.269 Thread 0x00000230a883b950 Exception <a 'java/lang/NoSuchMethodError'{0x000000072e985ed8}: 'java.lang.Object java.lang.invoke.DirectMethodHandle$Holder.invokeStatic(java.lang.Object, int, java.lang.Object, java.lang.Object, java.lang.Object, java.lang.Object)'> (0x000000072e985ed8) 
thrown [s\open\src\hotspot\share\interpreter\linkResolver.cpp, line 759]
Event: 0.273 Thread 0x00000230a883b950 Exception <a 'java/lang/NoSuchMethodError'{0x000000072e9ab698}: 'java.lang.Object java.lang.invoke.DirectMethodHandle$Holder.invokeStatic(java.lang.Object, int, java.lang.Object)'> (0x000000072e9ab698) 
thrown [s\open\src\hotspot\share\interpreter\linkResolver.cpp, line 759]
Event: 0.297 Thread 0x00000230a883b950 Exception <a 'java/lang/ClassNotFoundException'{0x000000072e664300}: com/sun/swing/internal/plaf/metal/resources/spi/metalProvider> (0x000000072e664300) 
thrown [s\open\src\hotspot\share\classfile\systemDictionary.cpp, line 256]
Event: 0.298 Thread 0x00000230a883b950 Exception <a 'java/lang/ClassNotFoundException'{0x000000072e668108}: com/sun/swing/internal/plaf/basic/resources/spi/basicProvider> (0x000000072e668108) 
thrown [s\open\src\hotspot\share\classfile\systemDictionary.cpp, line 256]
Event: 0.328 Thread 0x00000230a883b950 Exception <a 'java/lang/NoSuchMethodError'{0x000000072e6a7290}: 'void java.lang.invoke.DirectMethodHandle$Holder.invokeStaticInit(java.lang.Object)'> (0x000000072e6a7290) 
thrown [s\open\src\hotspot\share\interpreter\linkResolver.cpp, line 759]

VM Operations (6 events):
Event: 0.075 Executing VM operation: HandshakeAllThreads
Event: 0.075 Executing VM operation: HandshakeAllThreads done
Event: 0.319 Executing VM operation: HandshakeAllThreads
Event: 0.319 Executing VM operation: HandshakeAllThreads done
Event: 0.349 Executing VM operation: HandshakeAllThreads
Event: 0.349 Executing VM operation: HandshakeAllThreads done

Events (20 events):
Event: 0.360 loading class java/awt/event/MouseEvent
Event: 0.360 loading class java/awt/event/MouseEvent done
Event: 0.360 loading class sun/awt/dnd/SunDropTargetEvent done
Event: 0.360 loading class java/awt/Dialog done
Event: 0.360 loading class java/awt/event/FocusEvent
Event: 0.360 loading class java/awt/event/FocusEvent done
Event: 0.360 loading class java/awt/Dialog$ModalityType
Event: 0.360 loading class java/awt/Dialog$ModalityType done
Event: 0.360 loading class java/util/concurrent/locks/AbstractQueuedSynchronizer$ConditionNode
Event: 0.360 loading class java/util/concurrent/ForkJoinPool$ManagedBlocker
Event: 0.360 loading class java/util/concurrent/ForkJoinPool$ManagedBlocker done
Event: 0.360 loading class java/util/concurrent/locks/AbstractQueuedSynchronizer$Node
Event: 0.361 loading class java/util/concurrent/locks/AbstractQueuedSynchronizer$Node done
Event: 0.361 loading class java/util/concurrent/locks/AbstractQueuedSynchronizer$ConditionNode done
Event: 0.365 loading class sun/awt/TimedWindowEvent
Event: 0.365 loading class sun/awt/TimedWindowEvent done
Event: 0.365 loading class java/util/concurrent/locks/AbstractQueuedSynchronizer$ExclusiveNode
Event: 0.365 loading class java/util/concurrent/locks/AbstractQueuedSynchronizer$ExclusiveNode done
Event: 0.366 loading class java/awt/DefaultKeyboardFocusManager$DefaultKeyboardFocusManagerSentEvent
Event: 0.366 loading class java/awt/SentEvent


Dynamic libraries:
0x00007ff7b4b90000 - 0x00007ff7b4ba0000 	C:\Program Files\Java\jdk-17.0.4\bin\java.exe
0x00007ffa6cc90000 - 0x00007ffa6ce86000 	C:\WINDOWS\SYSTEM32\ntdll.dll
0x00007ffa6ada0000 - 0x00007ffa6ae5d000 	C:\WINDOWS\System32\KERNEL32.DLL
0x00007ffa6a3d0000 - 0x00007ffa6a699000 	C:\WINDOWS\System32\KERNELBASE.dll
0x00007ffa6a960000 - 0x00007ffa6aa60000 	C:\WINDOWS\System32\ucrtbase.dll
0x00007ffa552f0000 - 0x00007ffa5530a000 	C:\Program Files\Java\jdk-17.0.4\bin\VCRUNTIME140.dll
0x00007ffa67560000 - 0x00007ffa67578000 	C:\Program Files\Java\jdk-17.0.4\bin\jli.dll
0x00007ffa6af00000 - 0x00007ffa6afac000 	C:\WINDOWS\System32\ADVAPI32.dll
0x00007ffa6ae60000 - 0x00007ffa6aefe000 	C:\WINDOWS\System32\msvcrt.dll
0x00007ffa6b920000 - 0x00007ffa6b9bc000 	C:\WINDOWS\System32\sechost.dll
0x00007ffa6c530000 - 0x00007ffa6c65b000 	C:\WINDOWS\System32\RPCRT4.dll
0x00007ffa6c7c0000 - 0x00007ffa6c960000 	C:\WINDOWS\System32\USER32.dll
0x00007ffa6a6a0000 - 0x00007ffa6a6c2000 	C:\WINDOWS\System32\win32u.dll
0x00007ffa6c4d0000 - 0x00007ffa6c4fa000 	C:\WINDOWS\System32\GDI32.dll
0x00007ffa4a400000 - 0x00007ffa4a69b000 	C:\WINDOWS\WinSxS\amd64_microsoft.windows.common-controls_6595b64144ccf1df_6.0.19041.746_none_ca02b4b61b8320a4\COMCTL32.dll
0x00007ffa6a850000 - 0x00007ffa6a95b000 	C:\WINDOWS\System32\gdi32full.dll
0x00007ffa6a6d0000 - 0x00007ffa6a76d000 	C:\WINDOWS\System32\msvcp_win.dll
0x00007ffa63340000 - 0x00007ffa6334a000 	C:\WINDOWS\SYSTEM32\VERSION.dll
0x00007ffa6c500000 - 0x00007ffa6c530000 	C:\WINDOWS\System32\IMM32.DLL
0x00007ffa67660000 - 0x00007ffa6766c000 	C:\Program Files\Java\jdk-17.0.4\bin\vcruntime140_1.dll
0x00007ffa37870000 - 0x00007ffa378fd000 	C:\Program Files\Java\jdk-17.0.4\bin\msvcp140.dll
0x00007ffa23380000 - 0x00007ffa23f42000 	C:\Program Files\Java\jdk-17.0.4\bin\server\jvm.dll
0x00007ffa6c4c0000 - 0x00007ffa6c4c8000 	C:\WINDOWS\System32\PSAPI.DLL
0x00007ffa5caa0000 - 0x00007ffa5caa9000 	C:\WINDOWS\SYSTEM32\WSOCK32.dll
0x00007ffa6ba80000 - 0x00007ffa6baeb000 	C:\WINDOWS\System32\WS2_32.dll
0x00007ffa60bc0000 - 0x00007ffa60be7000 	C:\WINDOWS\SYSTEM32\WINMM.dll
0x00007ffa68d00000 - 0x00007ffa68d12000 	C:\WINDOWS\SYSTEM32\kernel.appcore.dll
0x00007ffa67530000 - 0x00007ffa6753a000 	C:\Program Files\Java\jdk-17.0.4\bin\jimage.dll
0x00007ffa681c0000 - 0x00007ffa683a4000 	C:\WINDOWS\SYSTEM32\DBGHELP.DLL
0x00007ffa5e4c0000 - 0x00007ffa5e4ec000 	C:\WINDOWS\SYSTEM32\dbgcore.DLL
0x00007ffa6aa60000 - 0x00007ffa6aae0000 	C:\WINDOWS\System32\bcryptPrimitives.dll
0x00007ffa552a0000 - 0x00007ffa552c5000 	C:\Program Files\Java\jdk-17.0.4\bin\java.dll
0x00007ffa3ead0000 - 0x00007ffa3eba6000 	C:\Program Files\Java\jdk-17.0.4\bin\jsvml.dll
0x00007ffa6afd0000 - 0x00007ffa6b713000 	C:\WINDOWS\System32\SHELL32.dll
0x00007ffa683b0000 - 0x00007ffa68b3f000 	C:\WINDOWS\SYSTEM32\windows.storage.dll
0x00007ffa6c160000 - 0x00007ffa6c4b6000 	C:\WINDOWS\System32\combase.dll
0x00007ffa69d60000 - 0x00007ffa69d8c000 	C:\WINDOWS\SYSTEM32\Wldp.dll
0x00007ffa6bb00000 - 0x00007ffa6bbae000 	C:\WINDOWS\System32\SHCORE.dll
0x00007ffa6b9c0000 - 0x00007ffa6ba15000 	C:\WINDOWS\System32\shlwapi.dll
0x00007ffa6a300000 - 0x00007ffa6a326000 	C:\WINDOWS\SYSTEM32\profapi.dll
0x00007ffa52760000 - 0x00007ffa52779000 	C:\Program Files\Java\jdk-17.0.4\bin\net.dll
0x00007ffa65440000 - 0x00007ffa65540000 	C:\WINDOWS\SYSTEM32\WINHTTP.dll
0x00007ffa69ae0000 - 0x00007ffa69b4a000 	C:\WINDOWS\system32\mswsock.dll
0x00007ffa526b0000 - 0x00007ffa526c6000 	C:\Program Files\Java\jdk-17.0.4\bin\nio.dll
0x00007ffa4f260000 - 0x00007ffa4f278000 	C:\Program Files\Java\jdk-17.0.4\bin\zip.dll
0x00007ffa231f0000 - 0x00007ffa2337f000 	C:\Program Files\Java\jdk-17.0.4\bin\awt.dll
0x00007ffa6c6f0000 - 0x00007ffa6c7bd000 	C:\WINDOWS\System32\OLEAUT32.dll
0x00007ffa67830000 - 0x00007ffa678c0000 	C:\WINDOWS\SYSTEM32\apphelp.dll
0x00007ffa67e10000 - 0x00007ffa67e3f000 	C:\WINDOWS\system32\DWMAPI.DLL
0x00007ffa679c0000 - 0x00007ffa67a5e000 	C:\WINDOWS\system32\uxtheme.dll
0x00007ffa34750000 - 0x00007ffa34875000 	C:\WINDOWS\system32\opengl32.dll
0x00007ffa4d6c0000 - 0x00007ffa4d6ec000 	C:\WINDOWS\SYSTEM32\GLU32.dll
0x00007ffa6b780000 - 0x00007ffa6b896000 	C:\WINDOWS\System32\MSCTF.dll
0x00007ffa6c970000 - 0x00007ffa6ca9a000 	C:\WINDOWS\System32\ole32.dll
0x00007ff9fd1d0000 - 0x00007ff9fd39f000 	C:\WINDOWS\system32\d3d9.dll
0x00007ffa60bf0000 - 0x00007ffa60dcb000 	C:\WINDOWS\System32\DriverStore\FileRepository\u0366490.inf_amd64_c0dea8a43cb81731\B366217\aticfx64.dll
0x00007ffa52780000 - 0x00007ffa527b3000 	C:\WINDOWS\System32\DriverStore\FileRepository\u0366490.inf_amd64_c0dea8a43cb81731\B366217\atiu9p64.dll
0x00007ffa21fb0000 - 0x00007ffa22d0a000 	C:\WINDOWS\System32\DriverStore\FileRepository\u0366490.inf_amd64_c0dea8a43cb81731\B366217\atiumd64.dll
0x00007ffa5e230000 - 0x00007ffa5e260000 	C:\WINDOWS\SYSTEM32\amdihk64.dll
0x00007ffa60dd0000 - 0x00007ffa60e0b000 	C:\WINDOWS\SYSTEM32\dxcore.dll
0x00007ffa6a800000 - 0x00007ffa6a84e000 	C:\WINDOWS\System32\cfgmgr32.dll
0x00007ffa37210000 - 0x00007ffa37299000 	C:\Program Files\Java\jdk-17.0.4\bin\freetype.dll
0x00007ffa31990000 - 0x00007ffa31a38000 	C:\Program Files\Java\jdk-17.0.4\bin\fontmanager.dll

dbghelp: loaded successfully - version: 4.0.5 - missing functions: none
symbol engine: initialized successfully - sym options: 0x614 - pdb path: .;C:\Program Files\Java\jdk-17.0.4\bin;C:\WINDOWS\SYSTEM32;C:\WINDOWS\WinSxS\amd64_microsoft.windows.common-controls_6595b64144ccf1df_6.0.19041.746_none_ca02b4b61b8320a4;C:\Program Files\Java\jdk-17.0.4\bin\server;C:\WINDOWS\System32\DriverStore\FileRepository\u0366490.inf_amd64_c0dea8a43cb81731\B366217

VM Arguments:
jvm_args: -Dfile.encoding=UTF-8 --module-path=E:\BCA Programms\Practice Programming languages\NetBeansProjects\news_application\build\classes 
java_command: news_application.Signup
java_class_path (initial): C:\Users\AZHAR\Downloads\mysql-connector-java-8.0.28.jar;C:\Users\AZHAR\Downloads\jcalendar-tz-1.3.3-4.jar;E:\BCA Programms\Practice Programming languages\NetBeansProjects\news_application\build\classes
Launcher Type: SUN_STANDARD

[Global flags]
     intx CICompilerCount                          = 3                                         {product} {ergonomic}
     uint ConcGCThreads                            = 1                                         {product} {ergonomic}
     uint G1ConcRefinementThreads                  = 4                                         {product} {ergonomic}
   size_t G1HeapRegionSize                         = 2097152                                   {product} {ergonomic}
    uintx GCDrainStackTargetSize                   = 64                                        {product} {ergonomic}
   size_t InitialHeapSize                          = 234881024                                 {product} {ergonomic}
   size_t MarkStackSize                            = 4194304                                   {product} {ergonomic}
   size_t MaxHeapSize                              = 3745513472                                {product} {ergonomic}
   size_t MaxNewSize                               = 2246049792                                {product} {ergonomic}
   size_t MinHeapDeltaBytes                        = 2097152                                   {product} {ergonomic}
   size_t MinHeapSize                              = 8388608                                   {product} {ergonomic}
    uintx NonNMethodCodeHeapSize                   = 5832780                                {pd product} {ergonomic}
    uintx NonProfiledCodeHeapSize                  = 122912730                              {pd product} {ergonomic}
    uintx ProfiledCodeHeapSize                     = 122912730                              {pd product} {ergonomic}
    uintx ReservedCodeCacheSize                    = 251658240                              {pd product} {ergonomic}
     bool SegmentedCodeCache                       = true                                      {product} {ergonomic}
   size_t SoftMaxHeapSize                          = 3745513472                             {manageable} {ergonomic}
     bool UseCompressedClassPointers               = true                           {product lp64_product} {ergonomic}
     bool UseCompressedOops                        = true                           {product lp64_product} {ergonomic}
     bool UseG1GC                                  = true                                      {product} {ergonomic}
     bool UseLargePagesIndividualAllocation        = false                                  {pd product} {ergonomic}

Logging:
Log output configuration:
 #0: stdout all=warning uptime,level,tags
 #1: stderr all=off uptime,level,tags

Environment Variables:
PATH=C:\Program Files (x86)\Common Files\Oracle\Java\javapath;C:\Program Files\Microsoft\jdk-11.0.16.101-hotspot\bin;C:\Program Files\Common Files\Oracle\Java\javapath;C:\WINDOWS\system32;C:\WINDOWS;C:\WINDOWS\System32\Wbem;C:\WINDOWS\System32\WindowsPowerShell\v1.0\;C:\WINDOWS\System32\OpenSSH\;C:\Program Files (x86)\dotnet\;C:\Program Files\dotnet\;C:\Program Files\MySQL\MySQL Shell 8.0\bin\;C:\Users\AZHAR\AppData\Local\Microsoft\WindowsApps;C:\Users\AZHAR\AppData\Local\Programs\Microsoft VS Code\bin;C:\Program Files (x86)\mingw-w64\i686-8.1.0-posix-dwarf-rt_v6-rev0\mingw32\bin;C:\Program Files (x86)\mingw-w64\i686-8.1.0-posix-dwarf-rt_v6-rev0\mingw32\bin;C:\Program Files\Java\jdk-17.0.4\bin;C:\Users\AZHAR\.dotnet\tools
USERNAME=AZHAR
OS=Windows_NT
PROCESSOR_IDENTIFIER=AMD64 Family 23 Model 24 Stepping 1, AuthenticAMD



---------------  S Y S T E M  ---------------

OS:
 Windows 10 , 64 bit Build 19041 (10.0.19041.662)
OS uptime: 0 days 1:19 hours

CPU: total 4 (initial active 4) (4 cores per cpu, 1 threads per core) family 23 model 24 stepping 1 microcode 0x0, cx8, cmov, fxsr, mmx, 3dnowpref, sse, sse2, sse3, ssse3, sse4a, sse4.1, sse4.2, popcnt, lzcnt, tsc, tscinvbit, avx, avx2, aes, clmul, bmi1, bmi2, adx, sha, fma, vzeroupper, clflush, clflushopt

Memory: 4k page, system-wide physical 14284M (3395M free)
TotalPageFile size 40132M (AvailPageFile size 4M)
current process WorkingSet (physical memory assigned to process): 56M, peak: 56M
current process commit charge ("private bytes"): 316M, peak: 317M

vm_info: Java HotSpot(TM) 64-Bit Server VM (17.0.4+11-LTS-179) for windows-amd64 JRE (17.0.4+11-LTS-179), built on Jun 28 2022 08:23:05 by "mach5one" with MS VC++ 16.8 / 16.9 (VS2019)

END.
