#
# There is insufficient memory for the Java Runtime Environment to continue.
# Native memory allocation (mmap) failed to map 234881024 bytes for G1 virtual space
# Possible reasons:
#   The system is out of physical RAM or swap space
#   The process is running with CompressedOops enabled, and the Java Heap may be blocking the growth of the native heap
# Possible solutions:
#   Reduce memory load on the system
#   Increase physical memory or swap space
#   Check if swap backing store is full
#   Decrease Java heap size (-Xmx/-Xms)
#   Decrease number of Java threads
#   Decrease Java thread stack sizes (-Xss)
#   Set larger code cache with -XX:ReservedCodeCacheSize=
#   JVM is running with Zero Based Compressed Oops mode in which the Java heap is
#     placed in the first 32GB address space. The Java Heap base address is the
#     maximum limit for the native heap growth. Please use -XX:HeapBaseMinAddress
#     to set the Java Heap base and to place the Java Heap above 32GB virtual address.
# This output file may be truncated or incomplete.
#
#  Out of Memory Error (os_windows.cpp:3600), pid=5164, tid=30584
#
# JRE version:  (21.0.1+12) (build )
# Java VM: Java HotSpot(TM) 64-Bit Server VM (21.0.1+12-LTS-29, mixed mode, sharing, tiered, compressed oops, compressed class ptrs, g1 gc, windows-amd64)
# No core dump will be written. Minidumps are not enabled by default on client versions of Windows
#

---------------  S U M M A R Y ------------

Command Line: -Dfile.encoding=UTF-8 --module-path=D:\BCA Programs(imp)\Practice Programming languages\NetBeansProjects\news_application\build\classes news_application.ContactUs

Host: AMD Ryzen 3 3200G with Radeon Vega Graphics    , 4 cores, 13G,  Windows 11 , 64 bit Build 22621 (10.0.22621.2506)
Time: Sun Jan  7 14:26:21 2024 India Standard Time elapsed time: 0.018394 seconds (0d 0h 0m 0s)

---------------  T H R E A D  ---------------

Current thread (0x00000231423d5750):  JavaThread "Unknown thread" [_thread_in_vm, id=30584, stack(0x000000423fa00000,0x000000423fb00000) (1024K)]

Stack: [0x000000423fa00000,0x000000423fb00000]
Native frames: (J=compiled Java code, j=interpreted, Vv=VM code, C=native code)
V  [jvm.dll+0x6c9029]
V  [jvm.dll+0x854b81]
V  [jvm.dll+0x856e5e]
V  [jvm.dll+0x857543]
V  [jvm.dll+0x280c06]
V  [jvm.dll+0x6c5715]
V  [jvm.dll+0x6ba10a]
V  [jvm.dll+0x3557ea]
V  [jvm.dll+0x35d436]
V  [jvm.dll+0x3ae1be]
V  [jvm.dll+0x3ae468]
V  [jvm.dll+0x3291fc]
V  [jvm.dll+0x329d8b]
V  [jvm.dll+0x81d179]
V  [jvm.dll+0x3bb4f1]
V  [jvm.dll+0x805ae8]
V  [jvm.dll+0x44effe]
V  [jvm.dll+0x450901]
C  [jli.dll+0x52a3]
C  [ucrtbase.dll+0x29363]
C  [KERNEL32.DLL+0x1257d]
C  [ntdll.dll+0x5aa58]


---------------  P R O C E S S  ---------------

Threads class SMR info:
_java_thread_list=0x00007ff900b49b88, length=0, elements={
}

Java Threads: ( => current thread )
Total: 0

Other Threads:
  0x000002314456ad30 WorkerThread "GC Thread#0"                     [id=30596, stack(0x000000423fb00000,0x000000423fc00000) (1024K)]
  0x0000023144579e00 ConcurrentGCThread "G1 Main Marker"            [id=26868, stack(0x000000423fc00000,0x000000423fd00000) (1024K)]
  0x000002314457b0a0 WorkerThread "G1 Conc#0"                       [id=30600, stack(0x000000423fd00000,0x000000423fe00000) (1024K)]

[error occurred during error reporting (printing all threads), id 0xc0000005, EXCEPTION_ACCESS_VIOLATION (0xc0000005) at pc=0x00007ff9002bc2c7]
VM state: not at safepoint (not fully initialized)

VM Mutex/Monitor currently owned by a thread:  ([mutex/lock_event])
[0x00007ff900bba6f8] Heap_lock - owner thread: 0x00000231423d5750

Heap address: 0x0000000720c00000, size: 3572 MB, Compressed Oops mode: Zero based, Oop shift amount: 3

CDS archive(s) mapped at: [0x0000000000000000-0x0000000000000000-0x0000000000000000), size 0, SharedBaseAddress: 0x0000000800000000, ArchiveRelocationMode: 1.
Narrow klass base: 0x0000000000000000, Narrow klass shift: 0, Narrow klass range: 0x0

GC Precious Log:
 CardTable entry size: 512
 Card Set container configuration: InlinePtr #cards 4 size 8 Array Of Cards #cards 16 size 48 Howl #buckets 8 coarsen threshold 3686 Howl Bitmap #cards 512 size 80 coarsen threshold 460 Card regions per heap region 1 cards per card region 4096

Heap:
 garbage-first heap   total 0K, used 0K [0x0000000720c00000, 0x0000000800000000)
  region size 2048K, 0 young (0K), 0 survivors (0K)

[error occurred during error reporting (printing heap information), id 0xc0000005, EXCEPTION_ACCESS_VIOLATION (0xc0000005) at pc=0x00007ff9006a1be9]
GC Heap History (0 events):
No events

Dll operation events (1 events):
Event: 0.013 Loaded shared library C:\Program Files\Java\jdk-21\bin\java.dll

Deoptimization events (0 events):
No events

Classes loaded (0 events):
No events

Classes unloaded (0 events):
No events

Classes redefined (0 events):
No events

Internal exceptions (0 events):
No events

ZGC Phase Switch (0 events):
No events

VM Operations (0 events):
No events

Events (0 events):
No events


Dynamic libraries:
0x00007ff722d10000 - 0x00007ff722d20000 	C:\Program Files\Java\jdk-21\bin\java.exe
0x00007ff979c50000 - 0x00007ff979e67000 	C:\Windows\SYSTEM32\ntdll.dll
0x00007ff978200000 - 0x00007ff9782c4000 	C:\Windows\System32\KERNEL32.DLL
0x00007ff977060000 - 0x00007ff977406000 	C:\Windows\System32\KERNELBASE.dll
0x00007ff9777c0000 - 0x00007ff9778d1000 	C:\Windows\System32\ucrtbase.dll
0x00007ff9549b0000 - 0x00007ff9549cb000 	C:\Program Files\Java\jdk-21\bin\VCRUNTIME140.dll
0x00007ff972500000 - 0x00007ff972519000 	C:\Program Files\Java\jdk-21\bin\jli.dll
0x00007ff9795b0000 - 0x00007ff979661000 	C:\Windows\System32\ADVAPI32.dll
0x00007ff979350000 - 0x00007ff9793f7000 	C:\Windows\System32\msvcrt.dll
0x00007ff978150000 - 0x00007ff9781f5000 	C:\Windows\System32\sechost.dll
0x00007ff978640000 - 0x00007ff978757000 	C:\Windows\System32\RPCRT4.dll
0x00007ff9782d0000 - 0x00007ff97847e000 	C:\Windows\System32\USER32.dll
0x00007ff976fc0000 - 0x00007ff976fe6000 	C:\Windows\System32\win32u.dll
0x00007ff9792a0000 - 0x00007ff9792c9000 	C:\Windows\System32\GDI32.dll
0x00007ff977410000 - 0x00007ff977528000 	C:\Windows\System32\gdi32full.dll
0x00007ff9775b0000 - 0x00007ff97764a000 	C:\Windows\System32\msvcp_win.dll
0x00007ff95c8c0000 - 0x00007ff95cb53000 	C:\Windows\WinSxS\amd64_microsoft.windows.common-controls_6595b64144ccf1df_6.0.22621.2506_none_270c5ae97388e100\COMCTL32.dll
0x00007ff96f130000 - 0x00007ff96f13a000 	C:\Windows\SYSTEM32\VERSION.dll
0x00007ff978800000 - 0x00007ff978831000 	C:\Windows\System32\IMM32.DLL
0x00007ff95abe0000 - 0x00007ff95abec000 	C:\Program Files\Java\jdk-21\bin\vcruntime140_1.dll
0x00007ff946ac0000 - 0x00007ff946b4e000 	C:\Program Files\Java\jdk-21\bin\msvcp140.dll
0x00007ff8fff80000 - 0x00007ff900c95000 	C:\Program Files\Java\jdk-21\bin\server\jvm.dll
0x00007ff979470000 - 0x00007ff9794e1000 	C:\Windows\System32\WS2_32.dll
0x00007ff96da40000 - 0x00007ff96da74000 	C:\Windows\SYSTEM32\WINMM.dll
0x00007ff976e90000 - 0x00007ff976edd000 	C:\Windows\SYSTEM32\POWRPROF.dll
0x00007ff976e70000 - 0x00007ff976e83000 	C:\Windows\SYSTEM32\UMPDC.dll
0x00007ff975f20000 - 0x00007ff975f38000 	C:\Windows\SYSTEM32\kernel.appcore.dll
0x00007ff955200000 - 0x00007ff95520a000 	C:\Program Files\Java\jdk-21\bin\jimage.dll
0x00007ff96f560000 - 0x00007ff96f793000 	C:\Windows\SYSTEM32\DBGHELP.DLL
0x00007ff977dc0000 - 0x00007ff978149000 	C:\Windows\System32\combase.dll
0x00007ff978840000 - 0x00007ff978917000 	C:\Windows\System32\OLEAUT32.dll
0x00007ff95e7e0000 - 0x00007ff95e812000 	C:\Windows\SYSTEM32\dbgcore.DLL
0x00007ff977530000 - 0x00007ff9775aa000 	C:\Windows\System32\bcryptPrimitives.dll
0x00007ff94d8b0000 - 0x00007ff94d8cf000 	C:\Program Files\Java\jdk-21\bin\java.dll

dbghelp: loaded successfully - version: 4.0.5 - missing functions: none
symbol engine: initialized successfully - sym options: 0x614 - pdb path: .;C:\Program Files\Java\jdk-21\bin;C:\Windows\SYSTEM32;C:\Windows\WinSxS\amd64_microsoft.windows.common-controls_6595b64144ccf1df_6.0.22621.2506_none_270c5ae97388e100;C:\Program Files\Java\jdk-21\bin\server

VM Arguments:
jvm_args: -Dfile.encoding=UTF-8 --module-path=D:\BCA Programs(imp)\Practice Programming languages\NetBeansProjects\news_application\build\classes 
java_command: news_application.ContactUs
java_class_path (initial): C:\Users\asazh\Downloads\mysql-connector-java-8.0.28.jar;D:\BCA Programs(imp)\Practice Programming languages\NetBeansProjects\news_application\build\classes
Launcher Type: SUN_STANDARD

[Global flags]
     intx CICompilerCount                          = 3                                         {product} {ergonomic}
     uint ConcGCThreads                            = 1                                         {product} {ergonomic}
     uint G1ConcRefinementThreads                  = 4                                         {product} {ergonomic}
   size_t G1HeapRegionSize                         = 2097152                                   {product} {ergonomic}
    uintx GCDrainStackTargetSize                   = 64                                        {product} {ergonomic}
   size_t InitialHeapSize                          = 234881024                                 {product} {ergonomic}
   size_t MarkStackSize                            = 4194304                                   {product} {ergonomic}
   size_t MaxHeapSize                              = 3745513472                                {product} {ergonomic}
   size_t MinHeapDeltaBytes                        = 2097152                                   {product} {ergonomic}
   size_t MinHeapSize                              = 8388608                                   {product} {ergonomic}
    uintx NonNMethodCodeHeapSize                   = 5832780                                {pd product} {ergonomic}
    uintx NonProfiledCodeHeapSize                  = 122912730                              {pd product} {ergonomic}
    uintx ProfiledCodeHeapSize                     = 122912730                              {pd product} {ergonomic}
    uintx ReservedCodeCacheSize                    = 251658240                              {pd product} {ergonomic}
     bool SegmentedCodeCache                       = true                                      {product} {ergonomic}
   size_t SoftMaxHeapSize                          = 3745513472                             {manageable} {ergonomic}
     bool UseCompressedOops                        = true                           {product lp64_product} {ergonomic}
     bool UseG1GC                                  = true                                      {product} {ergonomic}
     bool UseLargePagesIndividualAllocation        = false                                  {pd product} {ergonomic}

Logging:
Log output configuration:
 #0: stdout all=warning uptime,level,tags foldmultilines=false
 #1: stderr all=off uptime,level,tags foldmultilines=false

Environment Variables:
PATH=C:\Program Files\Python312\Scripts\;C:\Program Files\Python312\;C:\Program Files\Common Files\Oracle\Java\javapath;C:\Windows\system32;C:\Windows;C:\Windows\System32\Wbem;C:\Windows\System32\WindowsPowerShell\v1.0\;C:\Windows\System32\OpenSSH\;C:\Program Files\Microsoft SQL Server\150\Tools\Binn\;C:\Program Files\Microsoft SQL Server\Client SDK\ODBC\170\Tools\Binn\;C:\Program Files\dotnet\;C:\Program Files\MySQL\MySQL Shell 8.0\bin\;C:\Users\asazh\AppData\Local\Microsoft\WindowsApps;C:\Users\asazh\AppData\Local\Programs\Microsoft VS Code\bin;C:\MinGW\bin;C:\Users\asazh\.dotnet\tools
USERNAME=asazh
OS=Windows_NT
PROCESSOR_IDENTIFIER=AMD64 Family 23 Model 24 Stepping 1, AuthenticAMD
TMP=C:\Users\asazh\AppData\Local\Temp
TEMP=C:\Users\asazh\AppData\Local\Temp




Periodic native trim disabled

---------------  S Y S T E M  ---------------

OS:
 Windows 11 , 64 bit Build 22621 (10.0.22621.2506)
OS uptime: 0 days 1:19 hours
Hyper-V role detected

CPU: total 4 (initial active 4) (4 cores per cpu, 1 threads per core) family 23 model 24 stepping 1 microcode 0x0, cx8, cmov, fxsr, mmx, 3dnowpref, sse, sse2, sse3, ssse3, sse4a, sse4.1, sse4.2, popcnt, lzcnt, tsc, tscinvbit, avx, avx2, aes, clmul, bmi1, bmi2, adx, sha, fma, vzeroupper, clflush, clflushopt, hv, rdtscp, f16c
Processor Information for all 4 processors :
  Max Mhz: 3600, Current Mhz: 3600, Mhz Limit: 3600

Memory: 4k page, system-wide physical 14284M (3928M free)
TotalPageFile size 39173M (AvailPageFile size 123M)
current process WorkingSet (physical memory assigned to process): 11M, peak: 11M
current process commit charge ("private bytes"): 52M, peak: 275M

vm_info: Java HotSpot(TM) 64-Bit Server VM (21.0.1+12-LTS-29) for windows-amd64 JRE (21.0.1+12-LTS-29), built on 2023-10-05T13:27:09Z by "mach5one" with MS VC++ 17.1 (VS2022)

END.
