#
# There is insufficient memory for the Java Runtime Environment to continue.
# Native memory allocation (mmap) failed to map 234881024 bytes for G1 virtual space
# Possible reasons:
#   The system is out of physical RAM or swap space
#   The process is running with CompressedOops enabled, and the Java Heap may be blocking the growth of the native heap
# Possible solutions:
#   Reduce memory load on the system
#   Increase physical memory or swap space
#   Check if swap backing store is full
#   Decrease Java heap size (-Xmx/-Xms)
#   Decrease number of Java threads
#   Decrease Java thread stack sizes (-Xss)
#   Set larger code cache with -XX:ReservedCodeCacheSize=
#   JVM is running with Zero Based Compressed Oops mode in which the Java heap is
#     placed in the first 32GB address space. The Java Heap base address is the
#     maximum limit for the native heap growth. Please use -XX:HeapBaseMinAddress
#     to set the Java Heap base and to place the Java Heap above 32GB virtual address.
# This output file may be truncated or incomplete.
#
#  Out of Memory Error (os_windows.cpp:3535), pid=540, tid=28500
#
# JRE version:  (17.0.4+11) (build )
# Java VM: Java HotSpot(TM) 64-Bit Server VM (17.0.4+11-LTS-179, mixed mode, sharing, tiered, compressed oops, compressed class ptrs, g1 gc, windows-amd64)
# No core dump will be written. Minidumps are not enabled by default on client versions of Windows
#

---------------  S U M M A R Y ------------

Command Line: -Dfile.encoding=UTF-8 --module-path=E:\BCA Programms\Practice Programming languages\NetBeansProjects\news_application\build\classes news_application.demo

Host: AMD Ryzen 3 3200G with Radeon Vega Graphics    , 4 cores, 13G,  Windows 10 , 64 bit Build 19041 (10.0.19041.662)
Time: Fri Dec 29 00:20:34 2023 India Standard Time elapsed time: 0.019597 seconds (0d 0h 0m 0s)

---------------  T H R E A D  ---------------

Current thread (0x0000023549a68e50):  JavaThread "Unknown thread" [_thread_in_vm, id=28500, stack(0x000000545b300000,0x000000545b400000)]

Stack: [0x000000545b300000,0x000000545b400000]
Native frames: (J=compiled Java code, j=interpreted, Vv=VM code, C=native code)
V  [jvm.dll+0x6723da]
V  [jvm.dll+0x7d1f74]
V  [jvm.dll+0x7d371e]
V  [jvm.dll+0x7d3d83]
V  [jvm.dll+0x242ed5]
V  [jvm.dll+0x66f2f9]
V  [jvm.dll+0x663c42]
V  [jvm.dll+0x30103b]
V  [jvm.dll+0x3085d6]
V  [jvm.dll+0x35844e]
V  [jvm.dll+0x35867f]
V  [jvm.dll+0x2d8258]
V  [jvm.dll+0x2d91c4]
V  [jvm.dll+0x7a3a51]
V  [jvm.dll+0x3662a1]
V  [jvm.dll+0x782dcc]
V  [jvm.dll+0x3e8bff]
V  [jvm.dll+0x3ea6a1]
C  [jli.dll+0x527b]
C  [ucrtbase.dll+0x214c2]
C  [KERNEL32.DLL+0x17034]
C  [ntdll.dll+0x4d0d1]


---------------  P R O C E S S  ---------------

Threads class SMR info:
_java_thread_list=0x00007ffa23e1a858, length=0, elements={
}

Java Threads: ( => current thread )

Other Threads:
  0x0000023549ac9d60 GCTaskThread "GC Thread#0" [stack: 0x000000545b400000,0x000000545b500000] [id=3220]
  0x0000023549ad8be0 ConcurrentGCThread "G1 Main Marker" [stack: 0x000000545b500000,0x000000545b600000] [id=17000]
  0x0000023549adaa00 ConcurrentGCThread "G1 Conc#0" [stack: 0x000000545b600000,0x000000545b700000] [id=5968]

[error occurred during error reporting (printing all threads), id 0xc0000005, EXCEPTION_ACCESS_VIOLATION (0xc0000005) at pc=0x00007ffa23668c47]

VM state: not at safepoint (not fully initialized)

VM Mutex/Monitor currently owned by a thread:  ([mutex/lock_event])
[0x0000023549a64420] Heap_lock - owner thread: 0x0000023549a68e50

Heap address: 0x0000000720c00000, size: 3572 MB, Compressed Oops mode: Zero based, Oop shift amount: 3

CDS archive(s) mapped at: [0x0000000000000000-0x0000000000000000-0x0000000000000000), size 0, SharedBaseAddress: 0x0000000800000000, ArchiveRelocationMode: 0.
Narrow klass base: 0x0000000000000000, Narrow klass shift: 0, Narrow klass range: 0x0

GC Precious Log:
<Empty>

Heap:
 garbage-first heap   total 0K, used 0K [0x0000000720c00000, 0x0000000800000000)
  region size 2048K, 0 young (0K), 0 survivors (0K)

[error occurred during error reporting (printing heap information), id 0xc0000005, EXCEPTION_ACCESS_VIOLATION (0xc0000005) at pc=0x00007ffa23a4b889]

GC Heap History (0 events):
No events

Deoptimization events (0 events):
No events

Classes unloaded (0 events):
No events

Classes redefined (0 events):
No events

Internal exceptions (0 events):
No events

VM Operations (0 events):
No events

Events (1 events):
Event: 0.009 Loaded shared library C:\Program Files\Java\jdk-17.0.4\bin\java.dll


Dynamic libraries:
0x00007ff7b4b90000 - 0x00007ff7b4ba0000 	C:\Program Files\Java\jdk-17.0.4\bin\java.exe
0x00007ffa6cc90000 - 0x00007ffa6ce86000 	C:\WINDOWS\SYSTEM32\ntdll.dll
0x00007ffa6ada0000 - 0x00007ffa6ae5d000 	C:\WINDOWS\System32\KERNEL32.DLL
0x00007ffa6a3d0000 - 0x00007ffa6a699000 	C:\WINDOWS\System32\KERNELBASE.dll
0x00007ffa6a960000 - 0x00007ffa6aa60000 	C:\WINDOWS\System32\ucrtbase.dll
0x00007ffa67560000 - 0x00007ffa67578000 	C:\Program Files\Java\jdk-17.0.4\bin\jli.dll
0x00007ffa6af00000 - 0x00007ffa6afac000 	C:\WINDOWS\System32\ADVAPI32.dll
0x00007ffa6ae60000 - 0x00007ffa6aefe000 	C:\WINDOWS\System32\msvcrt.dll
0x00007ffa6b920000 - 0x00007ffa6b9bc000 	C:\WINDOWS\System32\sechost.dll
0x00007ffa6c530000 - 0x00007ffa6c65b000 	C:\WINDOWS\System32\RPCRT4.dll
0x00007ffa6c7c0000 - 0x00007ffa6c960000 	C:\WINDOWS\System32\USER32.dll
0x00007ffa552f0000 - 0x00007ffa5530a000 	C:\Program Files\Java\jdk-17.0.4\bin\VCRUNTIME140.dll
0x00007ffa6a6a0000 - 0x00007ffa6a6c2000 	C:\WINDOWS\System32\win32u.dll
0x00007ffa6c4d0000 - 0x00007ffa6c4fa000 	C:\WINDOWS\System32\GDI32.dll
0x00007ffa6a850000 - 0x00007ffa6a95b000 	C:\WINDOWS\System32\gdi32full.dll
0x00007ffa4a400000 - 0x00007ffa4a69b000 	C:\WINDOWS\WinSxS\amd64_microsoft.windows.common-controls_6595b64144ccf1df_6.0.19041.746_none_ca02b4b61b8320a4\COMCTL32.dll
0x00007ffa6a6d0000 - 0x00007ffa6a76d000 	C:\WINDOWS\System32\msvcp_win.dll
0x00007ffa63340000 - 0x00007ffa6334a000 	C:\WINDOWS\SYSTEM32\VERSION.dll
0x00007ffa6c500000 - 0x00007ffa6c530000 	C:\WINDOWS\System32\IMM32.DLL
0x00007ffa67660000 - 0x00007ffa6766c000 	C:\Program Files\Java\jdk-17.0.4\bin\vcruntime140_1.dll
0x00007ffa37870000 - 0x00007ffa378fd000 	C:\Program Files\Java\jdk-17.0.4\bin\msvcp140.dll
0x00007ffa23380000 - 0x00007ffa23f42000 	C:\Program Files\Java\jdk-17.0.4\bin\server\jvm.dll
0x00007ffa6c4c0000 - 0x00007ffa6c4c8000 	C:\WINDOWS\System32\PSAPI.DLL
0x00007ffa60bc0000 - 0x00007ffa60be7000 	C:\WINDOWS\SYSTEM32\WINMM.dll
0x00007ffa5caa0000 - 0x00007ffa5caa9000 	C:\WINDOWS\SYSTEM32\WSOCK32.dll
0x00007ffa6ba80000 - 0x00007ffa6baeb000 	C:\WINDOWS\System32\WS2_32.dll
0x00007ffa68d00000 - 0x00007ffa68d12000 	C:\WINDOWS\SYSTEM32\kernel.appcore.dll
0x00007ffa67530000 - 0x00007ffa6753a000 	C:\Program Files\Java\jdk-17.0.4\bin\jimage.dll
0x00007ffa681c0000 - 0x00007ffa683a4000 	C:\WINDOWS\SYSTEM32\DBGHELP.DLL
0x00007ffa5e4c0000 - 0x00007ffa5e4ec000 	C:\WINDOWS\SYSTEM32\dbgcore.DLL
0x00007ffa6aa60000 - 0x00007ffa6aae0000 	C:\WINDOWS\System32\bcryptPrimitives.dll
0x00007ffa552a0000 - 0x00007ffa552c5000 	C:\Program Files\Java\jdk-17.0.4\bin\java.dll

dbghelp: loaded successfully - version: 4.0.5 - missing functions: none
symbol engine: initialized successfully - sym options: 0x614 - pdb path: .;C:\Program Files\Java\jdk-17.0.4\bin;C:\WINDOWS\SYSTEM32;C:\WINDOWS\WinSxS\amd64_microsoft.windows.common-controls_6595b64144ccf1df_6.0.19041.746_none_ca02b4b61b8320a4;C:\Program Files\Java\jdk-17.0.4\bin\server

VM Arguments:
jvm_args: -Dfile.encoding=UTF-8 --module-path=E:\BCA Programms\Practice Programming languages\NetBeansProjects\news_application\build\classes 
java_command: news_application.demo
java_class_path (initial): C:\Users\AZHAR\Downloads\mysql-connector-java-8.0.28.jar;C:\Users\AZHAR\Downloads\jcalendar-tz-1.3.3-4.jar;E:\BCA Programms\Practice Programming languages\NetBeansProjects\news_application\build\classes
Launcher Type: SUN_STANDARD

[Global flags]
     intx CICompilerCount                          = 3                                         {product} {ergonomic}
     uint ConcGCThreads                            = 1                                         {product} {ergonomic}
     uint G1ConcRefinementThreads                  = 4                                         {product} {ergonomic}
   size_t G1HeapRegionSize                         = 2097152                                   {product} {ergonomic}
    uintx GCDrainStackTargetSize                   = 64                                        {product} {ergonomic}
   size_t InitialHeapSize                          = 234881024                                 {product} {ergonomic}
   size_t MarkStackSize                            = 4194304                                   {product} {ergonomic}
   size_t MaxHeapSize                              = 3745513472                                {product} {ergonomic}
   size_t MinHeapDeltaBytes                        = 2097152                                   {product} {ergonomic}
   size_t MinHeapSize                              = 8388608                                   {product} {ergonomic}
    uintx NonNMethodCodeHeapSize                   = 5832780                                {pd product} {ergonomic}
    uintx NonProfiledCodeHeapSize                  = 122912730                              {pd product} {ergonomic}
    uintx ProfiledCodeHeapSize                     = 122912730                              {pd product} {ergonomic}
    uintx ReservedCodeCacheSize                    = 251658240                              {pd product} {ergonomic}
     bool SegmentedCodeCache                       = true                                      {product} {ergonomic}
   size_t SoftMaxHeapSize                          = 3745513472                             {manageable} {ergonomic}
     bool UseCompressedClassPointers               = true                           {product lp64_product} {ergonomic}
     bool UseCompressedOops                        = true                           {product lp64_product} {ergonomic}
     bool UseG1GC                                  = true                                      {product} {ergonomic}
     bool UseLargePagesIndividualAllocation        = false                                  {pd product} {ergonomic}

Logging:
Log output configuration:
 #0: stdout all=warning uptime,level,tags
 #1: stderr all=off uptime,level,tags

Environment Variables:
PATH=C:\Program Files (x86)\Common Files\Oracle\Java\javapath;C:\Program Files\Microsoft\jdk-11.0.16.101-hotspot\bin;C:\Program Files\Common Files\Oracle\Java\javapath;C:\WINDOWS\system32;C:\WINDOWS;C:\WINDOWS\System32\Wbem;C:\WINDOWS\System32\WindowsPowerShell\v1.0\;C:\WINDOWS\System32\OpenSSH\;C:\Program Files (x86)\dotnet\;C:\Program Files\dotnet\;C:\Program Files\MySQL\MySQL Shell 8.0\bin\;C:\Users\AZHAR\AppData\Local\Microsoft\WindowsApps;C:\Users\AZHAR\AppData\Local\Programs\Microsoft VS Code\bin;C:\Program Files (x86)\mingw-w64\i686-8.1.0-posix-dwarf-rt_v6-rev0\mingw32\bin;C:\Program Files (x86)\mingw-w64\i686-8.1.0-posix-dwarf-rt_v6-rev0\mingw32\bin;C:\Program Files\Java\jdk-17.0.4\bin;C:\Users\AZHAR\.dotnet\tools
USERNAME=AZHAR
OS=Windows_NT
PROCESSOR_IDENTIFIER=AMD64 Family 23 Model 24 Stepping 1, AuthenticAMD



---------------  S Y S T E M  ---------------

OS:
 Windows 10 , 64 bit Build 19041 (10.0.19041.662)
OS uptime: 0 days 1:26 hours

CPU: total 4 (initial active 4) (4 cores per cpu, 1 threads per core) family 23 model 24 stepping 1 microcode 0x0, cx8, cmov, fxsr, mmx, 3dnowpref, sse, sse2, sse3, ssse3, sse4a, sse4.1, sse4.2, popcnt, lzcnt, tsc, tscinvbit, avx, avx2, aes, clmul, bmi1, bmi2, adx, sha, fma, vzeroupper, clflush, clflushopt

Memory: 4k page, system-wide physical 14284M (4233M free)
TotalPageFile size 40132M (AvailPageFile size 121M)
current process WorkingSet (physical memory assigned to process): 10M, peak: 10M
current process commit charge ("private bytes"): 51M, peak: 275M

vm_info: Java HotSpot(TM) 64-Bit Server VM (17.0.4+11-LTS-179) for windows-amd64 JRE (17.0.4+11-LTS-179), built on Jun 28 2022 08:23:05 by "mach5one" with MS VC++ 16.8 / 16.9 (VS2019)

END.
