#
# There is insufficient memory for the Java Runtime Environment to continue.
# Native memory allocation (mmap) failed to map 234881024 bytes for G1 virtual space
# Possible reasons:
#   The system is out of physical RAM or swap space
#   The process is running with CompressedOops enabled, and the Java Heap may be blocking the growth of the native heap
# Possible solutions:
#   Reduce memory load on the system
#   Increase physical memory or swap space
#   Check if swap backing store is full
#   Decrease Java heap size (-Xmx/-Xms)
#   Decrease number of Java threads
#   Decrease Java thread stack sizes (-Xss)
#   Set larger code cache with -XX:ReservedCodeCacheSize=
#   JVM is running with Zero Based Compressed Oops mode in which the Java heap is
#     placed in the first 32GB address space. The Java Heap base address is the
#     maximum limit for the native heap growth. Please use -XX:HeapBaseMinAddress
#     to set the Java Heap base and to place the Java Heap above 32GB virtual address.
# This output file may be truncated or incomplete.
#
#  Out of Memory Error (os_windows.cpp:3600), pid=24676, tid=26476
#
# JRE version:  (21.0.1+12) (build )
# Java VM: Java HotSpot(TM) 64-Bit Server VM (21.0.1+12-LTS-29, mixed mode, sharing, tiered, compressed oops, compressed class ptrs, g1 gc, windows-amd64)
# No core dump will be written. Minidumps are not enabled by default on client versions of Windows
#

---------------  S U M M A R Y ------------

Command Line: -Dfile.encoding=UTF-8 --module-path=D:\BCA Programs(imp)\Practice Programming languages\NetBeansProjects\news_application\build\classes news_application.Login

Host: AMD Ryzen 3 3200G with Radeon Vega Graphics    , 4 cores, 13G,  Windows 11 , 64 bit Build 22621 (10.0.22621.2506)
Time: Wed Jan  3 17:02:34 2024 India Standard Time elapsed time: 0.012754 seconds (0d 0h 0m 0s)

---------------  T H R E A D  ---------------

Current thread (0x0000029582d3ab50):  JavaThread "Unknown thread" [_thread_in_vm, id=26476, stack(0x000000a885900000,0x000000a885a00000) (1024K)]

Stack: [0x000000a885900000,0x000000a885a00000]
Native frames: (J=compiled Java code, j=interpreted, Vv=VM code, C=native code)
V  [jvm.dll+0x6c9029]
V  [jvm.dll+0x854b81]
V  [jvm.dll+0x856e5e]
V  [jvm.dll+0x857543]
V  [jvm.dll+0x280c06]
V  [jvm.dll+0x6c5715]
V  [jvm.dll+0x6ba10a]
V  [jvm.dll+0x3557ea]
V  [jvm.dll+0x35d436]
V  [jvm.dll+0x3ae1be]
V  [jvm.dll+0x3ae468]
V  [jvm.dll+0x3291fc]
V  [jvm.dll+0x329d8b]
V  [jvm.dll+0x81d179]
V  [jvm.dll+0x3bb4f1]
V  [jvm.dll+0x805ae8]
V  [jvm.dll+0x44effe]
V  [jvm.dll+0x450901]
C  [jli.dll+0x52a3]
C  [ucrtbase.dll+0x29363]
C  [KERNEL32.DLL+0x1257d]
C  [ntdll.dll+0x5aa58]


---------------  P R O C E S S  ---------------

Threads class SMR info:
_java_thread_list=0x00007ffd72959b88, length=0, elements={
}

Java Threads: ( => current thread )
Total: 0

Other Threads:
  0x0000029584e9c740 WorkerThread "GC Thread#0"                     [id=25668, stack(0x000000a885a00000,0x000000a885b00000) (1024K)]
  0x0000029584eab660 ConcurrentGCThread "G1 Main Marker"            [id=25036, stack(0x000000a885b00000,0x000000a885c00000) (1024K)]
  0x0000029584eac310 WorkerThread "G1 Conc#0"                       [id=20832, stack(0x000000a885c00000,0x000000a885d00000) (1024K)]

[error occurred during error reporting (printing all threads), id 0xc0000005, EXCEPTION_ACCESS_VIOLATION (0xc0000005) at pc=0x00007ffd720cc2c7]
VM state: not at safepoint (not fully initialized)

VM Mutex/Monitor currently owned by a thread:  ([mutex/lock_event])
[0x00007ffd729ca6f8] Heap_lock - owner thread: 0x0000029582d3ab50

Heap address: 0x0000000720c00000, size: 3572 MB, Compressed Oops mode: Zero based, Oop shift amount: 3

CDS archive(s) mapped at: [0x0000000000000000-0x0000000000000000-0x0000000000000000), size 0, SharedBaseAddress: 0x0000000800000000, ArchiveRelocationMode: 1.
Narrow klass base: 0x0000000000000000, Narrow klass shift: 0, Narrow klass range: 0x0

GC Precious Log:
 CardTable entry size: 512
 Card Set container configuration: InlinePtr #cards 4 size 8 Array Of Cards #cards 16 size 48 Howl #buckets 8 coarsen threshold 3686 Howl Bitmap #cards 512 size 80 coarsen threshold 460 Card regions per heap region 1 cards per card region 4096

Heap:
 garbage-first heap   total 0K, used 0K [0x0000000720c00000, 0x0000000800000000)
  region size 2048K, 0 young (0K), 0 survivors (0K)

[error occurred during error reporting (printing heap information), id 0xc0000005, EXCEPTION_ACCESS_VIOLATION (0xc0000005) at pc=0x00007ffd724b1be9]
GC Heap History (0 events):
No events

Dll operation events (1 events):
Event: 0.009 Loaded shared library C:\Program Files\Java\jdk-21\bin\java.dll

Deoptimization events (0 events):
No events

Classes loaded (0 events):
No events

Classes unloaded (0 events):
No events

Classes redefined (0 events):
No events

Internal exceptions (0 events):
No events

ZGC Phase Switch (0 events):
No events

VM Operations (0 events):
No events

Events (0 events):
No events


Dynamic libraries:
0x00007ff76b590000 - 0x00007ff76b5a0000 	C:\Program Files\Java\jdk-21\bin\java.exe
0x00007ffdaa670000 - 0x00007ffdaa887000 	C:\Windows\SYSTEM32\ntdll.dll
0x00007ffda92f0000 - 0x00007ffda93b4000 	C:\Windows\System32\KERNEL32.DLL
0x00007ffda7d10000 - 0x00007ffda80b6000 	C:\Windows\System32\KERNELBASE.dll
0x00007ffda8230000 - 0x00007ffda8341000 	C:\Windows\System32\ucrtbase.dll
0x00007ffd9e330000 - 0x00007ffd9e349000 	C:\Program Files\Java\jdk-21\bin\jli.dll
0x00007ffd9d4f0000 - 0x00007ffd9d50b000 	C:\Program Files\Java\jdk-21\bin\VCRUNTIME140.dll
0x00007ffda8700000 - 0x00007ffda87b1000 	C:\Windows\System32\ADVAPI32.dll
0x00007ffda8420000 - 0x00007ffda84c7000 	C:\Windows\System32\msvcrt.dll
0x00007ffda9990000 - 0x00007ffda9a35000 	C:\Windows\System32\sechost.dll
0x00007ffda8d90000 - 0x00007ffda8ea7000 	C:\Windows\System32\RPCRT4.dll
0x00007ffda8eb0000 - 0x00007ffda905e000 	C:\Windows\System32\USER32.dll
0x00007ffda7c60000 - 0x00007ffda7c86000 	C:\Windows\System32\win32u.dll
0x00007ffda84d0000 - 0x00007ffda84f9000 	C:\Windows\System32\GDI32.dll
0x00007ffd98950000 - 0x00007ffd98be3000 	C:\Windows\WinSxS\amd64_microsoft.windows.common-controls_6595b64144ccf1df_6.0.22621.2506_none_270c5ae97388e100\COMCTL32.dll
0x00007ffda7aa0000 - 0x00007ffda7bb8000 	C:\Windows\System32\gdi32full.dll
0x00007ffda7bc0000 - 0x00007ffda7c5a000 	C:\Windows\System32\msvcp_win.dll
0x00007ffd9f850000 - 0x00007ffd9f85a000 	C:\Windows\SYSTEM32\VERSION.dll
0x00007ffda92b0000 - 0x00007ffda92e1000 	C:\Windows\System32\IMM32.DLL
0x00007ffd9d4b0000 - 0x00007ffd9d4bc000 	C:\Program Files\Java\jdk-21\bin\vcruntime140_1.dll
0x00007ffd99060000 - 0x00007ffd990ee000 	C:\Program Files\Java\jdk-21\bin\msvcp140.dll
0x00007ffd71d90000 - 0x00007ffd72aa5000 	C:\Program Files\Java\jdk-21\bin\server\jvm.dll
0x00007ffda9c70000 - 0x00007ffda9ce1000 	C:\Windows\System32\WS2_32.dll
0x00007ffda78b0000 - 0x00007ffda78fd000 	C:\Windows\SYSTEM32\POWRPROF.dll
0x00007ffd98800000 - 0x00007ffd98834000 	C:\Windows\SYSTEM32\WINMM.dll
0x00007ffda7890000 - 0x00007ffda78a3000 	C:\Windows\SYSTEM32\UMPDC.dll
0x00007ffda69e0000 - 0x00007ffda69f8000 	C:\Windows\SYSTEM32\kernel.appcore.dll
0x00007ffd9ef60000 - 0x00007ffd9ef6a000 	C:\Program Files\Java\jdk-21\bin\jimage.dll
0x00007ffda53a0000 - 0x00007ffda55d3000 	C:\Windows\SYSTEM32\DBGHELP.DLL
0x00007ffda93c0000 - 0x00007ffda9749000 	C:\Windows\System32\combase.dll
0x00007ffda9060000 - 0x00007ffda9137000 	C:\Windows\System32\OLEAUT32.dll
0x00007ffd8f0e0000 - 0x00007ffd8f112000 	C:\Windows\SYSTEM32\dbgcore.DLL
0x00007ffda7c90000 - 0x00007ffda7d0a000 	C:\Windows\System32\bcryptPrimitives.dll
0x00007ffd9d890000 - 0x00007ffd9d8af000 	C:\Program Files\Java\jdk-21\bin\java.dll

dbghelp: loaded successfully - version: 4.0.5 - missing functions: none
symbol engine: initialized successfully - sym options: 0x614 - pdb path: .;C:\Program Files\Java\jdk-21\bin;C:\Windows\SYSTEM32;C:\Windows\WinSxS\amd64_microsoft.windows.common-controls_6595b64144ccf1df_6.0.22621.2506_none_270c5ae97388e100;C:\Program Files\Java\jdk-21\bin\server

VM Arguments:
jvm_args: -Dfile.encoding=UTF-8 --module-path=D:\BCA Programs(imp)\Practice Programming languages\NetBeansProjects\news_application\build\classes 
java_command: news_application.Login
java_class_path (initial): C:\Users\asazh\Downloads\mysql-connector-java-8.0.28.jar;D:\BCA Programs(imp)\Practice Programming languages\NetBeansProjects\news_application\build\classes
Launcher Type: SUN_STANDARD

[Global flags]
     intx CICompilerCount                          = 3                                         {product} {ergonomic}
     uint ConcGCThreads                            = 1                                         {product} {ergonomic}
     uint G1ConcRefinementThreads                  = 4                                         {product} {ergonomic}
   size_t G1HeapRegionSize                         = 2097152                                   {product} {ergonomic}
    uintx GCDrainStackTargetSize                   = 64                                        {product} {ergonomic}
   size_t InitialHeapSize                          = 234881024                                 {product} {ergonomic}
   size_t MarkStackSize                            = 4194304                                   {product} {ergonomic}
   size_t MaxHeapSize                              = 3745513472                                {product} {ergonomic}
   size_t MinHeapDeltaBytes                        = 2097152                                   {product} {ergonomic}
   size_t MinHeapSize                              = 8388608                                   {product} {ergonomic}
    uintx NonNMethodCodeHeapSize                   = 5832780                                {pd product} {ergonomic}
    uintx NonProfiledCodeHeapSize                  = 122912730                              {pd product} {ergonomic}
    uintx ProfiledCodeHeapSize                     = 122912730                              {pd product} {ergonomic}
    uintx ReservedCodeCacheSize                    = 251658240                              {pd product} {ergonomic}
     bool SegmentedCodeCache                       = true                                      {product} {ergonomic}
   size_t SoftMaxHeapSize                          = 3745513472                             {manageable} {ergonomic}
     bool UseCompressedOops                        = true                           {product lp64_product} {ergonomic}
     bool UseG1GC                                  = true                                      {product} {ergonomic}
     bool UseLargePagesIndividualAllocation        = false                                  {pd product} {ergonomic}

Logging:
Log output configuration:
 #0: stdout all=warning uptime,level,tags foldmultilines=false
 #1: stderr all=off uptime,level,tags foldmultilines=false

Environment Variables:
PATH=C:\Program Files\Python312\Scripts\;C:\Program Files\Python312\;C:\Program Files\Common Files\Oracle\Java\javapath;C:\Windows\system32;C:\Windows;C:\Windows\System32\Wbem;C:\Windows\System32\WindowsPowerShell\v1.0\;C:\Windows\System32\OpenSSH\;C:\Program Files\Microsoft SQL Server\150\Tools\Binn\;C:\Program Files\Microsoft SQL Server\Client SDK\ODBC\170\Tools\Binn\;C:\Program Files\dotnet\;C:\Program Files\MySQL\MySQL Shell 8.0\bin\;C:\Users\asazh\AppData\Local\Microsoft\WindowsApps;C:\Users\asazh\AppData\Local\Programs\Microsoft VS Code\bin;C:\MinGW\bin;C:\Users\asazh\.dotnet\tools
USERNAME=asazh
OS=Windows_NT
PROCESSOR_IDENTIFIER=AMD64 Family 23 Model 24 Stepping 1, AuthenticAMD
TMP=C:\Users\asazh\AppData\Local\Temp
TEMP=C:\Users\asazh\AppData\Local\Temp




Periodic native trim disabled

---------------  S Y S T E M  ---------------

OS:
 Windows 11 , 64 bit Build 22621 (10.0.22621.2506)
OS uptime: 0 days 22:17 hours

CPU: total 4 (initial active 4) (4 cores per cpu, 1 threads per core) family 23 model 24 stepping 1 microcode 0x0, cx8, cmov, fxsr, mmx, 3dnowpref, sse, sse2, sse3, ssse3, sse4a, sse4.1, sse4.2, popcnt, lzcnt, tsc, tscinvbit, avx, avx2, aes, clmul, bmi1, bmi2, adx, sha, fma, vzeroupper, clflush, clflushopt, rdtscp, f16c
Processor Information for all 4 processors :
  Max Mhz: 3600, Current Mhz: 3600, Mhz Limit: 3600

Memory: 4k page, system-wide physical 14284M (4806M free)
TotalPageFile size 39173M (AvailPageFile size 148M)
current process WorkingSet (physical memory assigned to process): 11M, peak: 11M
current process commit charge ("private bytes"): 52M, peak: 275M

vm_info: Java HotSpot(TM) 64-Bit Server VM (21.0.1+12-LTS-29) for windows-amd64 JRE (21.0.1+12-LTS-29), built on 2023-10-05T13:27:09Z by "mach5one" with MS VC++ 17.1 (VS2022)

END.
