#
# There is insufficient memory for the Java Runtime Environment to continue.
# Native memory allocation (malloc) failed to allocate 226896 bytes for Chunk::new
# Possible reasons:
#   The system is out of physical RAM or swap space
#   The process is running with CompressedOops enabled, and the Java Heap may be blocking the growth of the native heap
# Possible solutions:
#   Reduce memory load on the system
#   Increase physical memory or swap space
#   Check if swap backing store is full
#   Decrease Java heap size (-Xmx/-Xms)
#   Decrease number of Java threads
#   Decrease Java thread stack sizes (-Xss)
#   Set larger code cache with -XX:ReservedCodeCacheSize=
#   JVM is running with Zero Based Compressed Oops mode in which the Java heap is
#     placed in the first 32GB address space. The Java Heap base address is the
#     maximum limit for the native heap growth. Please use -XX:HeapBaseMinAddress
#     to set the Java Heap base and to place the Java Heap above 32GB virtual address.
# This output file may be truncated or incomplete.
#
#  Out of Memory Error (arena.cpp:168), pid=27292, tid=27412
#
# JRE version: Java(TM) SE Runtime Environment (21.0.1+12) (build 21.0.1+12-LTS-29)
# Java VM: Java HotSpot(TM) 64-Bit Server VM (21.0.1+12-LTS-29, mixed mode, sharing, tiered, compressed oops, compressed class ptrs, g1 gc, windows-amd64)
# No core dump will be written. Minidumps are not enabled by default on client versions of Windows
#

---------------  S U M M A R Y ------------

Command Line: -Dfile.encoding=UTF-8 --module-path=D:\BCA Programs(imp)\Practice Programming languages\NetBeansProjects\news_application\build\classes news_application.Login

Host: AMD Ryzen 3 3200G with Radeon Vega Graphics    , 4 cores, 13G,  Windows 11 , 64 bit Build 22621 (10.0.22621.2506)
Time: Wed Jan  3 17:03:48 2024 India Standard Time elapsed time: 0.361533 seconds (0d 0h 0m 0s)

---------------  T H R E A D  ---------------

Current thread (0x000001da7f6137d0):  JavaThread "C2 CompilerThread0" daemon [_thread_in_native, id=27412, stack(0x0000008023000000,0x0000008023100000) (1024K)]


Current CompileTask:
C2:    361  648       4       java.util.HashMap::resize (356 bytes)

Stack: [0x0000008023000000,0x0000008023100000]
Native frames: (J=compiled Java code, j=interpreted, Vv=VM code, C=native code)
V  [jvm.dll+0x6c9029]
V  [jvm.dll+0x854b81]
V  [jvm.dll+0x856e5e]
V  [jvm.dll+0x857543]
V  [jvm.dll+0x280c06]
V  [jvm.dll+0xc3ead]
V  [jvm.dll+0xc43c3]
V  [jvm.dll+0x3b5732]
V  [jvm.dll+0x382475]
V  [jvm.dll+0x3818ea]
V  [jvm.dll+0x249ad0]
V  [jvm.dll+0x2490b1]
V  [jvm.dll+0x1c9ca1]
V  [jvm.dll+0x2586b9]
V  [jvm.dll+0x256c9a]
V  [jvm.dll+0x3ef1b6]
V  [jvm.dll+0x7fd728]
V  [jvm.dll+0x6c777d]
C  [ucrtbase.dll+0x29363]
C  [KERNEL32.DLL+0x1257d]
C  [ntdll.dll+0x5aa58]


---------------  P R O C E S S  ---------------

Threads class SMR info:
_java_thread_list=0x000001da66e96f30, length=15, elements={
0x000001da7e2833b0, 0x000001da7f5fd940, 0x000001da7f5ff8c0, 0x000001da7f608190,
0x000001da7f601630, 0x000001da7f60d710, 0x000001da7f60e910, 0x000001da7f6137d0,
0x000001da7f616b50, 0x000001da6205b0a0, 0x000001da621599c0, 0x000001da622cb900,
0x000001da622cf660, 0x000001da622d2dc0, 0x000001da66e97aa0
}

Java Threads: ( => current thread )
  0x000001da7e2833b0 JavaThread "main"                              [_thread_blocked, id=27356, stack(0x0000008022200000,0x0000008022300000) (1024K)]
  0x000001da7f5fd940 JavaThread "Reference Handler"          daemon [_thread_blocked, id=27388, stack(0x0000008022a00000,0x0000008022b00000) (1024K)]
  0x000001da7f5ff8c0 JavaThread "Finalizer"                  daemon [_thread_blocked, id=27392, stack(0x0000008022b00000,0x0000008022c00000) (1024K)]
  0x000001da7f608190 JavaThread "Signal Dispatcher"          daemon [_thread_blocked, id=27396, stack(0x0000008022c00000,0x0000008022d00000) (1024K)]
  0x000001da7f601630 JavaThread "Attach Listener"            daemon [_thread_blocked, id=27400, stack(0x0000008022d00000,0x0000008022e00000) (1024K)]
  0x000001da7f60d710 JavaThread "Service Thread"             daemon [_thread_blocked, id=27404, stack(0x0000008022e00000,0x0000008022f00000) (1024K)]
  0x000001da7f60e910 JavaThread "Monitor Deflation Thread"   daemon [_thread_blocked, id=27408, stack(0x0000008022f00000,0x0000008023000000) (1024K)]
=>0x000001da7f6137d0 JavaThread "C2 CompilerThread0"         daemon [_thread_in_native, id=27412, stack(0x0000008023000000,0x0000008023100000) (1024K)]
  0x000001da7f616b50 JavaThread "C1 CompilerThread0"         daemon [_thread_in_native, id=27416, stack(0x0000008023100000,0x0000008023200000) (1024K)]
  0x000001da6205b0a0 JavaThread "Common-Cleaner"             daemon [_thread_blocked, id=27420, stack(0x0000008023200000,0x0000008023300000) (1024K)]
  0x000001da621599c0 JavaThread "Notification Thread"        daemon [_thread_blocked, id=27424, stack(0x0000008023300000,0x0000008023400000) (1024K)]
  0x000001da622cb900 JavaThread "Java2D Disposer"            daemon [_thread_blocked, id=27428, stack(0x0000008023400000,0x0000008023500000) (1024K)]
  0x000001da622cf660 JavaThread "AWT-Shutdown"                      [_thread_blocked, id=27432, stack(0x0000008023500000,0x0000008023600000) (1024K)]
  0x000001da622d2dc0 JavaThread "AWT-Windows"                daemon [_thread_in_native, id=27436, stack(0x0000008023600000,0x0000008023700000) (1024K)]
  0x000001da66e97aa0 JavaThread "Image Fetcher 0"            daemon [_thread_in_Java, id=27464, stack(0x0000008023d00000,0x0000008023e00000) (1024K)]
Total: 15

Other Threads:
  0x000001da7f5e3350 VMThread "VM Thread"                           [id=27384, stack(0x0000008022900000,0x0000008022a00000) (1024K)]
  0x000001da7f5c9b80 WatcherThread "VM Periodic Task Thread"        [id=27380, stack(0x0000008022800000,0x0000008022900000) (1024K)]
  0x000001da7e2dafa0 WorkerThread "GC Thread#0"                     [id=27360, stack(0x0000008022300000,0x0000008022400000) (1024K)]
  0x000001da7e2eb080 ConcurrentGCThread "G1 Main Marker"            [id=27364, stack(0x0000008022400000,0x0000008022500000) (1024K)]
  0x000001da7e2ebb80 WorkerThread "G1 Conc#0"                       [id=27368, stack(0x0000008022500000,0x0000008022600000) (1024K)]
  0x000001da7f4a14b0 ConcurrentGCThread "G1 Refine#0"               [id=27372, stack(0x0000008022600000,0x0000008022700000) (1024K)]
  0x000001da7f4a1f30 ConcurrentGCThread "G1 Service"                [id=27376, stack(0x0000008022700000,0x0000008022800000) (1024K)]
Total: 7

Threads with active compile tasks:
C2 CompilerThread0      381  648       4       java.util.HashMap::resize (356 bytes)
C1 CompilerThread0      382  685       3       sun.util.locale.LocaleUtils::toLowerString (95 bytes)
Total: 2

VM state: not at safepoint (normal execution)

VM Mutex/Monitor currently owned by a thread: None

Heap address: 0x0000000720c00000, size: 3572 MB, Compressed Oops mode: Zero based, Oop shift amount: 3

CDS archive(s) mapped at: [0x000001da1d000000-0x000001da1dc90000-0x000001da1dc90000), size 13172736, SharedBaseAddress: 0x000001da1d000000, ArchiveRelocationMode: 1.
Compressed class space mapped at: 0x000001da1e000000-0x000001da5e000000, reserved size: 1073741824
Narrow klass base: 0x000001da1d000000, Narrow klass shift: 0, Narrow klass range: 0x100000000

GC Precious Log:
 CardTable entry size: 512
 Card Set container configuration: InlinePtr #cards 4 size 8 Array Of Cards #cards 16 size 48 Howl #buckets 8 coarsen threshold 3686 Howl Bitmap #cards 512 size 80 coarsen threshold 460 Card regions per heap region 1 cards per card region 4096
 CPUs: 4 total, 4 available
 Memory: 14284M
 Large Page Support: Disabled
 NUMA Support: Disabled
 Compressed Oops: Enabled (Zero based)
 Heap Region Size: 2M
 Heap Min Capacity: 8M
 Heap Initial Capacity: 224M
 Heap Max Capacity: 3572M
 Pre-touch: Disabled
 Parallel Workers: 4
 Concurrent Workers: 1
 Concurrent Refinement Workers: 4
 Periodic GC: Disabled

Heap:
 garbage-first heap   total 229376K, used 6144K [0x0000000720c00000, 0x0000000800000000)
  region size 2048K, 4 young (8192K), 0 survivors (0K)
 Metaspace       used 5882K, committed 6080K, reserved 1114112K
  class space    used 659K, committed 768K, reserved 1048576K

Heap Regions: E=young(eden), S=young(survivor), O=old, HS=humongous(starts), HC=humongous(continues), CS=collection set, F=free, TAMS=top-at-mark-start, PB=parsable bottom
|   0|0x0000000720c00000, 0x0000000720c00000, 0x0000000720e00000|  0%| F|  |TAMS 0x0000000720c00000| PB 0x0000000720c00000| Untracked 
|   1|0x0000000720e00000, 0x0000000720e00000, 0x0000000721000000|  0%| F|  |TAMS 0x0000000720e00000| PB 0x0000000720e00000| Untracked 
|   2|0x0000000721000000, 0x0000000721000000, 0x0000000721200000|  0%| F|  |TAMS 0x0000000721000000| PB 0x0000000721000000| Untracked 
|   3|0x0000000721200000, 0x0000000721200000, 0x0000000721400000|  0%| F|  |TAMS 0x0000000721200000| PB 0x0000000721200000| Untracked 
|   4|0x0000000721400000, 0x0000000721400000, 0x0000000721600000|  0%| F|  |TAMS 0x0000000721400000| PB 0x0000000721400000| Untracked 
|   5|0x0000000721600000, 0x0000000721600000, 0x0000000721800000|  0%| F|  |TAMS 0x0000000721600000| PB 0x0000000721600000| Untracked 
|   6|0x0000000721800000, 0x0000000721800000, 0x0000000721a00000|  0%| F|  |TAMS 0x0000000721800000| PB 0x0000000721800000| Untracked 
|   7|0x0000000721a00000, 0x0000000721a00000, 0x0000000721c00000|  0%| F|  |TAMS 0x0000000721a00000| PB 0x0000000721a00000| Untracked 
|   8|0x0000000721c00000, 0x0000000721c00000, 0x0000000721e00000|  0%| F|  |TAMS 0x0000000721c00000| PB 0x0000000721c00000| Untracked 
|   9|0x0000000721e00000, 0x0000000721e00000, 0x0000000722000000|  0%| F|  |TAMS 0x0000000721e00000| PB 0x0000000721e00000| Untracked 
|  10|0x0000000722000000, 0x0000000722000000, 0x0000000722200000|  0%| F|  |TAMS 0x0000000722000000| PB 0x0000000722000000| Untracked 
|  11|0x0000000722200000, 0x0000000722200000, 0x0000000722400000|  0%| F|  |TAMS 0x0000000722200000| PB 0x0000000722200000| Untracked 
|  12|0x0000000722400000, 0x0000000722400000, 0x0000000722600000|  0%| F|  |TAMS 0x0000000722400000| PB 0x0000000722400000| Untracked 
|  13|0x0000000722600000, 0x0000000722600000, 0x0000000722800000|  0%| F|  |TAMS 0x0000000722600000| PB 0x0000000722600000| Untracked 
|  14|0x0000000722800000, 0x0000000722800000, 0x0000000722a00000|  0%| F|  |TAMS 0x0000000722800000| PB 0x0000000722800000| Untracked 
|  15|0x0000000722a00000, 0x0000000722a00000, 0x0000000722c00000|  0%| F|  |TAMS 0x0000000722a00000| PB 0x0000000722a00000| Untracked 
|  16|0x0000000722c00000, 0x0000000722c00000, 0x0000000722e00000|  0%| F|  |TAMS 0x0000000722c00000| PB 0x0000000722c00000| Untracked 
|  17|0x0000000722e00000, 0x0000000722e00000, 0x0000000723000000|  0%| F|  |TAMS 0x0000000722e00000| PB 0x0000000722e00000| Untracked 
|  18|0x0000000723000000, 0x0000000723000000, 0x0000000723200000|  0%| F|  |TAMS 0x0000000723000000| PB 0x0000000723000000| Untracked 
|  19|0x0000000723200000, 0x0000000723200000, 0x0000000723400000|  0%| F|  |TAMS 0x0000000723200000| PB 0x0000000723200000| Untracked 
|  20|0x0000000723400000, 0x0000000723400000, 0x0000000723600000|  0%| F|  |TAMS 0x0000000723400000| PB 0x0000000723400000| Untracked 
|  21|0x0000000723600000, 0x0000000723600000, 0x0000000723800000|  0%| F|  |TAMS 0x0000000723600000| PB 0x0000000723600000| Untracked 
|  22|0x0000000723800000, 0x0000000723800000, 0x0000000723a00000|  0%| F|  |TAMS 0x0000000723800000| PB 0x0000000723800000| Untracked 
|  23|0x0000000723a00000, 0x0000000723a00000, 0x0000000723c00000|  0%| F|  |TAMS 0x0000000723a00000| PB 0x0000000723a00000| Untracked 
|  24|0x0000000723c00000, 0x0000000723c00000, 0x0000000723e00000|  0%| F|  |TAMS 0x0000000723c00000| PB 0x0000000723c00000| Untracked 
|  25|0x0000000723e00000, 0x0000000723e00000, 0x0000000724000000|  0%| F|  |TAMS 0x0000000723e00000| PB 0x0000000723e00000| Untracked 
|  26|0x0000000724000000, 0x0000000724000000, 0x0000000724200000|  0%| F|  |TAMS 0x0000000724000000| PB 0x0000000724000000| Untracked 
|  27|0x0000000724200000, 0x0000000724200000, 0x0000000724400000|  0%| F|  |TAMS 0x0000000724200000| PB 0x0000000724200000| Untracked 
|  28|0x0000000724400000, 0x0000000724400000, 0x0000000724600000|  0%| F|  |TAMS 0x0000000724400000| PB 0x0000000724400000| Untracked 
|  29|0x0000000724600000, 0x0000000724600000, 0x0000000724800000|  0%| F|  |TAMS 0x0000000724600000| PB 0x0000000724600000| Untracked 
|  30|0x0000000724800000, 0x0000000724800000, 0x0000000724a00000|  0%| F|  |TAMS 0x0000000724800000| PB 0x0000000724800000| Untracked 
|  31|0x0000000724a00000, 0x0000000724a00000, 0x0000000724c00000|  0%| F|  |TAMS 0x0000000724a00000| PB 0x0000000724a00000| Untracked 
|  32|0x0000000724c00000, 0x0000000724c00000, 0x0000000724e00000|  0%| F|  |TAMS 0x0000000724c00000| PB 0x0000000724c00000| Untracked 
|  33|0x0000000724e00000, 0x0000000724e00000, 0x0000000725000000|  0%| F|  |TAMS 0x0000000724e00000| PB 0x0000000724e00000| Untracked 
|  34|0x0000000725000000, 0x0000000725000000, 0x0000000725200000|  0%| F|  |TAMS 0x0000000725000000| PB 0x0000000725000000| Untracked 
|  35|0x0000000725200000, 0x0000000725200000, 0x0000000725400000|  0%| F|  |TAMS 0x0000000725200000| PB 0x0000000725200000| Untracked 
|  36|0x0000000725400000, 0x0000000725400000, 0x0000000725600000|  0%| F|  |TAMS 0x0000000725400000| PB 0x0000000725400000| Untracked 
|  37|0x0000000725600000, 0x0000000725600000, 0x0000000725800000|  0%| F|  |TAMS 0x0000000725600000| PB 0x0000000725600000| Untracked 
|  38|0x0000000725800000, 0x0000000725800000, 0x0000000725a00000|  0%| F|  |TAMS 0x0000000725800000| PB 0x0000000725800000| Untracked 
|  39|0x0000000725a00000, 0x0000000725a00000, 0x0000000725c00000|  0%| F|  |TAMS 0x0000000725a00000| PB 0x0000000725a00000| Untracked 
|  40|0x0000000725c00000, 0x0000000725c00000, 0x0000000725e00000|  0%| F|  |TAMS 0x0000000725c00000| PB 0x0000000725c00000| Untracked 
|  41|0x0000000725e00000, 0x0000000725e00000, 0x0000000726000000|  0%| F|  |TAMS 0x0000000725e00000| PB 0x0000000725e00000| Untracked 
|  42|0x0000000726000000, 0x0000000726000000, 0x0000000726200000|  0%| F|  |TAMS 0x0000000726000000| PB 0x0000000726000000| Untracked 
|  43|0x0000000726200000, 0x0000000726200000, 0x0000000726400000|  0%| F|  |TAMS 0x0000000726200000| PB 0x0000000726200000| Untracked 
|  44|0x0000000726400000, 0x0000000726400000, 0x0000000726600000|  0%| F|  |TAMS 0x0000000726400000| PB 0x0000000726400000| Untracked 
|  45|0x0000000726600000, 0x0000000726600000, 0x0000000726800000|  0%| F|  |TAMS 0x0000000726600000| PB 0x0000000726600000| Untracked 
|  46|0x0000000726800000, 0x0000000726800000, 0x0000000726a00000|  0%| F|  |TAMS 0x0000000726800000| PB 0x0000000726800000| Untracked 
|  47|0x0000000726a00000, 0x0000000726a00000, 0x0000000726c00000|  0%| F|  |TAMS 0x0000000726a00000| PB 0x0000000726a00000| Untracked 
|  48|0x0000000726c00000, 0x0000000726c00000, 0x0000000726e00000|  0%| F|  |TAMS 0x0000000726c00000| PB 0x0000000726c00000| Untracked 
|  49|0x0000000726e00000, 0x0000000726e00000, 0x0000000727000000|  0%| F|  |TAMS 0x0000000726e00000| PB 0x0000000726e00000| Untracked 
|  50|0x0000000727000000, 0x0000000727000000, 0x0000000727200000|  0%| F|  |TAMS 0x0000000727000000| PB 0x0000000727000000| Untracked 
|  51|0x0000000727200000, 0x0000000727200000, 0x0000000727400000|  0%| F|  |TAMS 0x0000000727200000| PB 0x0000000727200000| Untracked 
|  52|0x0000000727400000, 0x0000000727400000, 0x0000000727600000|  0%| F|  |TAMS 0x0000000727400000| PB 0x0000000727400000| Untracked 
|  53|0x0000000727600000, 0x0000000727600000, 0x0000000727800000|  0%| F|  |TAMS 0x0000000727600000| PB 0x0000000727600000| Untracked 
|  54|0x0000000727800000, 0x0000000727800000, 0x0000000727a00000|  0%| F|  |TAMS 0x0000000727800000| PB 0x0000000727800000| Untracked 
|  55|0x0000000727a00000, 0x0000000727a00000, 0x0000000727c00000|  0%| F|  |TAMS 0x0000000727a00000| PB 0x0000000727a00000| Untracked 
|  56|0x0000000727c00000, 0x0000000727c00000, 0x0000000727e00000|  0%| F|  |TAMS 0x0000000727c00000| PB 0x0000000727c00000| Untracked 
|  57|0x0000000727e00000, 0x0000000727e00000, 0x0000000728000000|  0%| F|  |TAMS 0x0000000727e00000| PB 0x0000000727e00000| Untracked 
|  58|0x0000000728000000, 0x0000000728000000, 0x0000000728200000|  0%| F|  |TAMS 0x0000000728000000| PB 0x0000000728000000| Untracked 
|  59|0x0000000728200000, 0x0000000728200000, 0x0000000728400000|  0%| F|  |TAMS 0x0000000728200000| PB 0x0000000728200000| Untracked 
|  60|0x0000000728400000, 0x0000000728400000, 0x0000000728600000|  0%| F|  |TAMS 0x0000000728400000| PB 0x0000000728400000| Untracked 
|  61|0x0000000728600000, 0x0000000728600000, 0x0000000728800000|  0%| F|  |TAMS 0x0000000728600000| PB 0x0000000728600000| Untracked 
|  62|0x0000000728800000, 0x0000000728800000, 0x0000000728a00000|  0%| F|  |TAMS 0x0000000728800000| PB 0x0000000728800000| Untracked 
|  63|0x0000000728a00000, 0x0000000728a00000, 0x0000000728c00000|  0%| F|  |TAMS 0x0000000728a00000| PB 0x0000000728a00000| Untracked 
|  64|0x0000000728c00000, 0x0000000728c00000, 0x0000000728e00000|  0%| F|  |TAMS 0x0000000728c00000| PB 0x0000000728c00000| Untracked 
|  65|0x0000000728e00000, 0x0000000728e00000, 0x0000000729000000|  0%| F|  |TAMS 0x0000000728e00000| PB 0x0000000728e00000| Untracked 
|  66|0x0000000729000000, 0x0000000729000000, 0x0000000729200000|  0%| F|  |TAMS 0x0000000729000000| PB 0x0000000729000000| Untracked 
|  67|0x0000000729200000, 0x0000000729200000, 0x0000000729400000|  0%| F|  |TAMS 0x0000000729200000| PB 0x0000000729200000| Untracked 
|  68|0x0000000729400000, 0x0000000729400000, 0x0000000729600000|  0%| F|  |TAMS 0x0000000729400000| PB 0x0000000729400000| Untracked 
|  69|0x0000000729600000, 0x0000000729600000, 0x0000000729800000|  0%| F|  |TAMS 0x0000000729600000| PB 0x0000000729600000| Untracked 
|  70|0x0000000729800000, 0x0000000729800000, 0x0000000729a00000|  0%| F|  |TAMS 0x0000000729800000| PB 0x0000000729800000| Untracked 
|  71|0x0000000729a00000, 0x0000000729a00000, 0x0000000729c00000|  0%| F|  |TAMS 0x0000000729a00000| PB 0x0000000729a00000| Untracked 
|  72|0x0000000729c00000, 0x0000000729c00000, 0x0000000729e00000|  0%| F|  |TAMS 0x0000000729c00000| PB 0x0000000729c00000| Untracked 
|  73|0x0000000729e00000, 0x0000000729e00000, 0x000000072a000000|  0%| F|  |TAMS 0x0000000729e00000| PB 0x0000000729e00000| Untracked 
|  74|0x000000072a000000, 0x000000072a000000, 0x000000072a200000|  0%| F|  |TAMS 0x000000072a000000| PB 0x000000072a000000| Untracked 
|  75|0x000000072a200000, 0x000000072a200000, 0x000000072a400000|  0%| F|  |TAMS 0x000000072a200000| PB 0x000000072a200000| Untracked 
|  76|0x000000072a400000, 0x000000072a400000, 0x000000072a600000|  0%| F|  |TAMS 0x000000072a400000| PB 0x000000072a400000| Untracked 
|  77|0x000000072a600000, 0x000000072a600000, 0x000000072a800000|  0%| F|  |TAMS 0x000000072a600000| PB 0x000000072a600000| Untracked 
|  78|0x000000072a800000, 0x000000072a800000, 0x000000072aa00000|  0%| F|  |TAMS 0x000000072a800000| PB 0x000000072a800000| Untracked 
|  79|0x000000072aa00000, 0x000000072aa00000, 0x000000072ac00000|  0%| F|  |TAMS 0x000000072aa00000| PB 0x000000072aa00000| Untracked 
|  80|0x000000072ac00000, 0x000000072ac00000, 0x000000072ae00000|  0%| F|  |TAMS 0x000000072ac00000| PB 0x000000072ac00000| Untracked 
|  81|0x000000072ae00000, 0x000000072ae00000, 0x000000072b000000|  0%| F|  |TAMS 0x000000072ae00000| PB 0x000000072ae00000| Untracked 
|  82|0x000000072b000000, 0x000000072b000000, 0x000000072b200000|  0%| F|  |TAMS 0x000000072b000000| PB 0x000000072b000000| Untracked 
|  83|0x000000072b200000, 0x000000072b200000, 0x000000072b400000|  0%| F|  |TAMS 0x000000072b200000| PB 0x000000072b200000| Untracked 
|  84|0x000000072b400000, 0x000000072b400000, 0x000000072b600000|  0%| F|  |TAMS 0x000000072b400000| PB 0x000000072b400000| Untracked 
|  85|0x000000072b600000, 0x000000072b600000, 0x000000072b800000|  0%| F|  |TAMS 0x000000072b600000| PB 0x000000072b600000| Untracked 
|  86|0x000000072b800000, 0x000000072b800000, 0x000000072ba00000|  0%| F|  |TAMS 0x000000072b800000| PB 0x000000072b800000| Untracked 
|  87|0x000000072ba00000, 0x000000072ba00000, 0x000000072bc00000|  0%| F|  |TAMS 0x000000072ba00000| PB 0x000000072ba00000| Untracked 
|  88|0x000000072bc00000, 0x000000072bc00000, 0x000000072be00000|  0%| F|  |TAMS 0x000000072bc00000| PB 0x000000072bc00000| Untracked 
|  89|0x000000072be00000, 0x000000072be00000, 0x000000072c000000|  0%| F|  |TAMS 0x000000072be00000| PB 0x000000072be00000| Untracked 
|  90|0x000000072c000000, 0x000000072c000000, 0x000000072c200000|  0%| F|  |TAMS 0x000000072c000000| PB 0x000000072c000000| Untracked 
|  91|0x000000072c200000, 0x000000072c200000, 0x000000072c400000|  0%| F|  |TAMS 0x000000072c200000| PB 0x000000072c200000| Untracked 
|  92|0x000000072c400000, 0x000000072c400000, 0x000000072c600000|  0%| F|  |TAMS 0x000000072c400000| PB 0x000000072c400000| Untracked 
|  93|0x000000072c600000, 0x000000072c600000, 0x000000072c800000|  0%| F|  |TAMS 0x000000072c600000| PB 0x000000072c600000| Untracked 
|  94|0x000000072c800000, 0x000000072c800000, 0x000000072ca00000|  0%| F|  |TAMS 0x000000072c800000| PB 0x000000072c800000| Untracked 
|  95|0x000000072ca00000, 0x000000072ca00000, 0x000000072cc00000|  0%| F|  |TAMS 0x000000072ca00000| PB 0x000000072ca00000| Untracked 
|  96|0x000000072cc00000, 0x000000072cc00000, 0x000000072ce00000|  0%| F|  |TAMS 0x000000072cc00000| PB 0x000000072cc00000| Untracked 
|  97|0x000000072ce00000, 0x000000072ce00000, 0x000000072d000000|  0%| F|  |TAMS 0x000000072ce00000| PB 0x000000072ce00000| Untracked 
|  98|0x000000072d000000, 0x000000072d000000, 0x000000072d200000|  0%| F|  |TAMS 0x000000072d000000| PB 0x000000072d000000| Untracked 
|  99|0x000000072d200000, 0x000000072d200000, 0x000000072d400000|  0%| F|  |TAMS 0x000000072d200000| PB 0x000000072d200000| Untracked 
| 100|0x000000072d400000, 0x000000072d400000, 0x000000072d600000|  0%| F|  |TAMS 0x000000072d400000| PB 0x000000072d400000| Untracked 
| 101|0x000000072d600000, 0x000000072d600000, 0x000000072d800000|  0%| F|  |TAMS 0x000000072d600000| PB 0x000000072d600000| Untracked 
| 102|0x000000072d800000, 0x000000072d800000, 0x000000072da00000|  0%| F|  |TAMS 0x000000072d800000| PB 0x000000072d800000| Untracked 
| 103|0x000000072da00000, 0x000000072da00000, 0x000000072dc00000|  0%| F|  |TAMS 0x000000072da00000| PB 0x000000072da00000| Untracked 
| 104|0x000000072dc00000, 0x000000072dc00000, 0x000000072de00000|  0%| F|  |TAMS 0x000000072dc00000| PB 0x000000072dc00000| Untracked 
| 105|0x000000072de00000, 0x000000072de00000, 0x000000072e000000|  0%| F|  |TAMS 0x000000072de00000| PB 0x000000072de00000| Untracked 
| 106|0x000000072e000000, 0x000000072e000000, 0x000000072e200000|  0%| F|  |TAMS 0x000000072e000000| PB 0x000000072e000000| Untracked 
| 107|0x000000072e200000, 0x000000072e200000, 0x000000072e400000|  0%| F|  |TAMS 0x000000072e200000| PB 0x000000072e200000| Untracked 
| 108|0x000000072e400000, 0x000000072e4b8d68, 0x000000072e600000| 36%| E|  |TAMS 0x000000072e400000| PB 0x000000072e400000| Complete 
| 109|0x000000072e600000, 0x000000072e800000, 0x000000072e800000|100%| E|CS|TAMS 0x000000072e600000| PB 0x000000072e600000| Complete 
| 110|0x000000072e800000, 0x000000072ea00000, 0x000000072ea00000|100%| E|CS|TAMS 0x000000072e800000| PB 0x000000072e800000| Complete 
| 111|0x000000072ea00000, 0x000000072ec00000, 0x000000072ec00000|100%| E|CS|TAMS 0x000000072ea00000| PB 0x000000072ea00000| Complete 

Card table byte_map: [0x000001da7ea50000,0x000001da7f150000] _byte_map_base: 0x000001da7b14a000

Marking Bits: (CMBitMap*) 0x000001da7e2db6a0
 Bits: [0x000001da17390000, 0x000001da1ab60000)

Polling page: 0x000001da7c1f0000

Metaspace:

Usage:
  Non-class:      5.10 MB used.
      Class:    659.80 KB used.
       Both:      5.74 MB used.

Virtual space:
  Non-class space:       64.00 MB reserved,       5.19 MB (  8%) committed,  1 nodes.
      Class space:        1.00 GB reserved,     768.00 KB ( <1%) committed,  1 nodes.
             Both:        1.06 GB reserved,       5.94 MB ( <1%) committed. 

Chunk freelists:
   Non-Class:  10.38 MB
       Class:  15.25 MB
        Both:  25.63 MB

MaxMetaspaceSize: unlimited
CompressedClassSpaceSize: 1.00 GB
Initial GC threshold: 21.00 MB
Current GC threshold: 21.00 MB
CDS: on
 - commit_granule_bytes: 65536.
 - commit_granule_words: 8192.
 - virtual_space_node_default_size: 8388608.
 - enlarge_chunks_in_place: 1.
 - use_allocation_guard: 0.


Internal statistics:

num_allocs_failed_limit: 0.
num_arena_births: 116.
num_arena_deaths: 0.
num_vsnodes_births: 2.
num_vsnodes_deaths: 0.
num_space_committed: 95.
num_space_uncommitted: 0.
num_chunks_returned_to_freelist: 0.
num_chunks_taken_from_freelist: 139.
num_chunk_merges: 0.
num_chunk_splits: 85.
num_chunks_enlarged: 35.
num_inconsistent_stats: 0.

CodeHeap 'non-profiled nmethods': size=120000Kb used=190Kb max_used=190Kb free=119809Kb
 bounds [0x000001da0fe60000, 0x000001da100d0000, 0x000001da17390000]
CodeHeap 'profiled nmethods': size=120000Kb used=975Kb max_used=975Kb free=119024Kb
 bounds [0x000001da08390000, 0x000001da08600000, 0x000001da0f8c0000]
CodeHeap 'non-nmethods': size=5760Kb used=1442Kb max_used=1455Kb free=4317Kb
 bounds [0x000001da0f8c0000, 0x000001da0fb30000, 0x000001da0fe60000]
 total_blobs=1213 nmethods=681 adapters=437
 compilation: enabled
              stopped_count=0, restarted_count=0
 full_count=0

Compilation events (20 events):
Event: 0.358 Thread 0x000001da7f616b50 nmethod 659 0x000001da0847da90 code [0x000001da0847dc20, 0x000001da0847dd68]
Event: 0.358 Thread 0x000001da7f616b50  663       3       java.util.regex.Matcher::hasMatch (13 bytes)
Event: 0.358 Thread 0x000001da7f616b50 nmethod 663 0x000001da0847de10 code [0x000001da0847dfa0, 0x000001da0847e110]
Event: 0.358 Thread 0x000001da7f616b50  664       3       java.util.ArrayList::add (25 bytes)
Event: 0.358 Thread 0x000001da7f616b50 nmethod 664 0x000001da0847e190 code [0x000001da0847e360, 0x000001da0847e798]
Event: 0.358 Thread 0x000001da7f616b50  667       3       java.util.regex.Pattern$Start::match (90 bytes)
Event: 0.358 Thread 0x000001da7f616b50 nmethod 667 0x000001da0847e990 code [0x000001da0847eb60, 0x000001da0847ef78]
Event: 0.358 Thread 0x000001da7f616b50  661       3       java.util.regex.Matcher::checkMatch (19 bytes)
Event: 0.359 Thread 0x000001da7f616b50 nmethod 661 0x000001da0847f110 code [0x000001da0847f2e0, 0x000001da0847f5b0]
Event: 0.359 Thread 0x000001da7f616b50  665       3       java.util.ArrayList::add (23 bytes)
Event: 0.359 Thread 0x000001da7f616b50 nmethod 665 0x000001da0847f690 code [0x000001da0847f860, 0x000001da0847fc20]
Event: 0.359 Thread 0x000001da7f616b50  671       3       java.util.regex.Pattern$LastNode::match (45 bytes)
Event: 0.359 Thread 0x000001da7f616b50 nmethod 671 0x000001da0847fd90 code [0x000001da0847ff40, 0x000001da08480158]
Event: 0.359 Thread 0x000001da7f616b50  668       3       java.util.regex.Matcher::start (9 bytes)
Event: 0.359 Thread 0x000001da7f616b50 nmethod 668 0x000001da08480290 code [0x000001da08480460, 0x000001da08480790]
Event: 0.359 Thread 0x000001da7f616b50  669       3       java.util.regex.Matcher::end (9 bytes)
Event: 0.359 Thread 0x000001da7f616b50 nmethod 669 0x000001da08480890 code [0x000001da08480a60, 0x000001da08480d90]
Event: 0.359 Thread 0x000001da7f616b50  670       3       java.util.regex.Matcher::find (69 bytes)
Event: 0.360 Thread 0x000001da7f616b50 nmethod 670 0x000001da08480e90 code [0x000001da08481060, 0x000001da08481360]
Event: 0.360 Thread 0x000001da7f616b50  674       3       java.util.ImmutableCollections$SetN::<init> (90 bytes)

GC Heap History (0 events):
No events

Dll operation events (7 events):
Event: 0.011 Loaded shared library C:\Program Files\Java\jdk-21\bin\java.dll
Event: 0.044 Loaded shared library C:\Program Files\Java\jdk-21\bin\jsvml.dll
Event: 0.079 Loaded shared library C:\Program Files\Java\jdk-21\bin\net.dll
Event: 0.081 Loaded shared library C:\Program Files\Java\jdk-21\bin\nio.dll
Event: 0.106 Loaded shared library C:\Program Files\Java\jdk-21\bin\zip.dll
Event: 0.120 Loaded shared library C:\Program Files\Java\jdk-21\bin\jimage.dll
Event: 0.135 Loaded shared library C:\Program Files\Java\jdk-21\bin\awt.dll

Deoptimization events (4 events):
Event: 0.264 Thread 0x000001da7e2833b0 Uncommon trap: trap_request=0xffffff45 fr.pc=0x000001da0fe7085c relative=0x0000000000000b7c
Event: 0.264 Thread 0x000001da7e2833b0 Uncommon trap: reason=unstable_if action=reinterpret pc=0x000001da0fe7085c method=java.util.HashMap.putVal(ILjava/lang/Object;Ljava/lang/Object;ZZ)Ljava/lang/Object; @ 81 c2
Event: 0.264 Thread 0x000001da7e2833b0 DEOPT PACKING pc=0x000001da0fe7085c sp=0x00000080222fdd80
Event: 0.264 Thread 0x000001da7e2833b0 DEOPT UNPACKING pc=0x000001da0f9146a2 sp=0x00000080222fdd30 mode 2

Classes loaded (20 events):
Event: 0.337 Loading class java/net/FileNameMap done
Event: 0.337 Loading class java/net/URLConnection$1 done
Event: 0.338 Loading class sun/net/www/MimeTable
Event: 0.338 Loading class sun/net/www/MimeTable done
Event: 0.338 Loading class sun/net/www/MimeTable$1
Event: 0.338 Loading class sun/net/www/MimeTable$1 done
Event: 0.338 Loading class sun/net/www/MimeTable$2
Event: 0.338 Loading class sun/net/www/MimeTable$2 done
Event: 0.338 Loading class sun/net/www/MimeTable$DefaultInstanceHolder
Event: 0.338 Loading class sun/net/www/MimeTable$DefaultInstanceHolder done
Event: 0.338 Loading class sun/net/www/MimeTable$DefaultInstanceHolder$1
Event: 0.338 Loading class sun/net/www/MimeTable$DefaultInstanceHolder$1 done
Event: 0.340 Loading class sun/net/www/MimeEntry
Event: 0.340 Loading class sun/net/www/MimeEntry done
Event: 0.352 Loading class sun/util/calendar/ZoneInfoFile$Checksum
Event: 0.352 Loading class sun/util/calendar/ZoneInfoFile$Checksum done
Event: 0.355 Loading class jdk/internal/module/ModulePatcher$PatchedModuleReader
Event: 0.355 Loading class jdk/internal/module/ModulePatcher$PatchedModuleReader done
Event: 0.355 Loading class sun/net/www/protocol/jrt/Handler
Event: 0.355 Loading class sun/net/www/protocol/jrt/Handler done

Classes unloaded (0 events):
No events

Classes redefined (0 events):
No events

Internal exceptions (12 events):
Event: 0.082 Thread 0x000001da7e2833b0 Exception <a 'sun/nio/fs/WindowsException'{0x000000072ebafa40}> (0x000000072ebafa40) 
thrown [s\open\src\hotspot\share\prims\jni.cpp, line 520]
Event: 0.084 Thread 0x000001da7e2833b0 Exception <a 'sun/nio/fs/WindowsException'{0x000000072ebb22a0}> (0x000000072ebb22a0) 
thrown [s\open\src\hotspot\share\prims\jni.cpp, line 520]
Event: 0.085 Thread 0x000001da7e2833b0 Exception <a 'sun/nio/fs/WindowsException'{0x000000072ebb2f18}> (0x000000072ebb2f18) 
thrown [s\open\src\hotspot\share\prims\jni.cpp, line 520]
Event: 0.125 Thread 0x000001da7e2833b0 Exception <a 'java/lang/ClassNotFoundException'{0x000000072e877bc8}: sun/awt/resources/spi/awtProvider> (0x000000072e877bc8) 
thrown [s\open\src\hotspot\share\classfile\systemDictionary.cpp, line 312]
Event: 0.145 Thread 0x000001da7e2833b0 Exception <a 'java/io/FileNotFoundException'{0x000000072e8cd0d8}> (0x000000072e8cd0d8) 
thrown [s\open\src\hotspot\share\prims\jni.cpp, line 520]
Event: 0.150 Thread 0x000001da7e2833b0 Exception <a 'java/io/FileNotFoundException'{0x000000072e8f7598}> (0x000000072e8f7598) 
thrown [s\open\src\hotspot\share\prims\jni.cpp, line 520]
Event: 0.266 Thread 0x000001da7e2833b0 Exception <a 'java/lang/NoSuchMethodError'{0x000000072e606268}: 'void java.lang.invoke.DirectMethodHandle$Holder.invokeSpecial(java.lang.Object, java.lang.Object, java.lang.Object)'> (0x000000072e606268) 
thrown [s\open\src\hotspot\share\interpreter\linkResolver.cpp, line 773]
Event: 0.272 Thread 0x000001da7e2833b0 Exception <a 'java/lang/NoSuchMethodError'{0x000000072e62bbf8}: 'java.lang.Object java.lang.invoke.DirectMethodHandle$Holder.newInvokeSpecial(java.lang.Object, java.lang.Object, java.lang.Object, java.lang.Object, java.lang.Object)'> (0x000000072e62bbf8) 
thrown [s\open\src\hotspot\share\interpreter\linkResolver.cpp, line 773]
Event: 0.277 Thread 0x000001da7e2833b0 Exception <a 'java/lang/NoSuchMethodError'{0x000000072e6579e8}: 'java.lang.Object java.lang.invoke.DirectMethodHandle$Holder.invokeStatic(java.lang.Object, int, java.lang.Object)'> (0x000000072e6579e8) 
thrown [s\open\src\hotspot\share\interpreter\linkResolver.cpp, line 773]
Event: 0.293 Thread 0x000001da7e2833b0 Exception <a 'java/lang/ClassNotFoundException'{0x000000072e6f75c8}: com/sun/swing/internal/plaf/metal/resources/spi/metalProvider> (0x000000072e6f75c8) 
thrown [s\open\src\hotspot\share\classfile\systemDictionary.cpp, line 312]
Event: 0.294 Thread 0x000001da7e2833b0 Exception <a 'java/lang/ClassNotFoundException'{0x000000072e6fb528}: com/sun/swing/internal/plaf/basic/resources/spi/basicProvider> (0x000000072e6fb528) 
thrown [s\open\src\hotspot\share\classfile\systemDictionary.cpp, line 312]
Event: 0.304 Thread 0x000001da7e2833b0 Exception <a 'java/lang/NoSuchMethodError'{0x000000072e71a6a8}: 'int java.lang.invoke.Invokers$Holder.invokeExact_MT(java.lang.Object, java.lang.Object)'> (0x000000072e71a6a8) 
thrown [s\open\src\hotspot\share\interpreter\linkResolver.cpp, line 773]

ZGC Phase Switch (0 events):
No events

VM Operations (4 events):
Event: 0.086 Executing VM operation: HandshakeAllThreads (Deoptimize)
Event: 0.086 Executing VM operation: HandshakeAllThreads (Deoptimize) done
Event: 0.323 Executing VM operation: HandshakeAllThreads (Deoptimize)
Event: 0.323 Executing VM operation: HandshakeAllThreads (Deoptimize) done

Events (15 events):
Event: 0.028 Thread 0x000001da7e2833b0 Thread added: 0x000001da7e2833b0
Event: 0.042 Thread 0x000001da7f5fd940 Thread added: 0x000001da7f5fd940
Event: 0.042 Thread 0x000001da7f5ff8c0 Thread added: 0x000001da7f5ff8c0
Event: 0.043 Thread 0x000001da7f608190 Thread added: 0x000001da7f608190
Event: 0.043 Thread 0x000001da7f601630 Thread added: 0x000001da7f601630
Event: 0.043 Thread 0x000001da7f60d710 Thread added: 0x000001da7f60d710
Event: 0.043 Thread 0x000001da7f60e910 Thread added: 0x000001da7f60e910
Event: 0.043 Thread 0x000001da7f6137d0 Thread added: 0x000001da7f6137d0
Event: 0.043 Thread 0x000001da7f616b50 Thread added: 0x000001da7f616b50
Event: 0.065 Thread 0x000001da6205b0a0 Thread added: 0x000001da6205b0a0
Event: 0.099 Thread 0x000001da621599c0 Thread added: 0x000001da621599c0
Event: 0.194 Thread 0x000001da622cb900 Thread added: 0x000001da622cb900
Event: 0.195 Thread 0x000001da622cf660 Thread added: 0x000001da622cf660
Event: 0.196 Thread 0x000001da622d2dc0 Thread added: 0x000001da622d2dc0
Event: 0.336 Thread 0x000001da66e97aa0 Thread added: 0x000001da66e97aa0


Dynamic libraries:
0x00007ff76b590000 - 0x00007ff76b5a0000 	C:\Program Files\Java\jdk-21\bin\java.exe
0x00007ffdaa670000 - 0x00007ffdaa887000 	C:\Windows\SYSTEM32\ntdll.dll
0x00007ffda92f0000 - 0x00007ffda93b4000 	C:\Windows\System32\KERNEL32.DLL
0x00007ffda7d10000 - 0x00007ffda80b6000 	C:\Windows\System32\KERNELBASE.dll
0x00007ffda8230000 - 0x00007ffda8341000 	C:\Windows\System32\ucrtbase.dll
0x00007ffd9d4f0000 - 0x00007ffd9d50b000 	C:\Program Files\Java\jdk-21\bin\VCRUNTIME140.dll
0x00007ffd9e330000 - 0x00007ffd9e349000 	C:\Program Files\Java\jdk-21\bin\jli.dll
0x00007ffda8700000 - 0x00007ffda87b1000 	C:\Windows\System32\ADVAPI32.dll
0x00007ffda8420000 - 0x00007ffda84c7000 	C:\Windows\System32\msvcrt.dll
0x00007ffda9990000 - 0x00007ffda9a35000 	C:\Windows\System32\sechost.dll
0x00007ffda8d90000 - 0x00007ffda8ea7000 	C:\Windows\System32\RPCRT4.dll
0x00007ffda8eb0000 - 0x00007ffda905e000 	C:\Windows\System32\USER32.dll
0x00007ffda7c60000 - 0x00007ffda7c86000 	C:\Windows\System32\win32u.dll
0x00007ffda84d0000 - 0x00007ffda84f9000 	C:\Windows\System32\GDI32.dll
0x00007ffda7aa0000 - 0x00007ffda7bb8000 	C:\Windows\System32\gdi32full.dll
0x00007ffd98950000 - 0x00007ffd98be3000 	C:\Windows\WinSxS\amd64_microsoft.windows.common-controls_6595b64144ccf1df_6.0.22621.2506_none_270c5ae97388e100\COMCTL32.dll
0x00007ffda7bc0000 - 0x00007ffda7c5a000 	C:\Windows\System32\msvcp_win.dll
0x00007ffd9f850000 - 0x00007ffd9f85a000 	C:\Windows\SYSTEM32\VERSION.dll
0x00007ffda92b0000 - 0x00007ffda92e1000 	C:\Windows\System32\IMM32.DLL
0x00007ffd9d4b0000 - 0x00007ffd9d4bc000 	C:\Program Files\Java\jdk-21\bin\vcruntime140_1.dll
0x00007ffd99060000 - 0x00007ffd990ee000 	C:\Program Files\Java\jdk-21\bin\msvcp140.dll
0x00007ffd71d90000 - 0x00007ffd72aa5000 	C:\Program Files\Java\jdk-21\bin\server\jvm.dll
0x00007ffda9c70000 - 0x00007ffda9ce1000 	C:\Windows\System32\WS2_32.dll
0x00007ffda78b0000 - 0x00007ffda78fd000 	C:\Windows\SYSTEM32\POWRPROF.dll
0x00007ffd98800000 - 0x00007ffd98834000 	C:\Windows\SYSTEM32\WINMM.dll
0x00007ffda7890000 - 0x00007ffda78a3000 	C:\Windows\SYSTEM32\UMPDC.dll
0x00007ffda69e0000 - 0x00007ffda69f8000 	C:\Windows\SYSTEM32\kernel.appcore.dll
0x00007ffd9ef60000 - 0x00007ffd9ef6a000 	C:\Program Files\Java\jdk-21\bin\jimage.dll
0x00007ffda53a0000 - 0x00007ffda55d3000 	C:\Windows\SYSTEM32\DBGHELP.DLL
0x00007ffda93c0000 - 0x00007ffda9749000 	C:\Windows\System32\combase.dll
0x00007ffda9060000 - 0x00007ffda9137000 	C:\Windows\System32\OLEAUT32.dll
0x00007ffd8f0e0000 - 0x00007ffd8f112000 	C:\Windows\SYSTEM32\dbgcore.DLL
0x00007ffda7c90000 - 0x00007ffda7d0a000 	C:\Windows\System32\bcryptPrimitives.dll
0x00007ffd9d890000 - 0x00007ffd9d8af000 	C:\Program Files\Java\jdk-21\bin\java.dll
0x00007ffda9d60000 - 0x00007ffdaa5ba000 	C:\Windows\System32\SHELL32.dll
0x00007ffda5900000 - 0x00007ffda61f6000 	C:\Windows\SYSTEM32\windows.storage.dll
0x00007ffda5650000 - 0x00007ffda578e000 	C:\Windows\SYSTEM32\wintypes.dll
0x00007ffda9140000 - 0x00007ffda9233000 	C:\Windows\System32\SHCORE.dll
0x00007ffda9250000 - 0x00007ffda92ae000 	C:\Windows\System32\shlwapi.dll
0x00007ffda7910000 - 0x00007ffda7936000 	C:\Windows\SYSTEM32\profapi.dll
0x00007ffd9a100000 - 0x00007ffd9a1d7000 	C:\Program Files\Java\jdk-21\bin\jsvml.dll
0x00007ffd9d860000 - 0x00007ffd9d870000 	C:\Program Files\Java\jdk-21\bin\net.dll
0x00007ffda1950000 - 0x00007ffda1a87000 	C:\Windows\SYSTEM32\WINHTTP.dll
0x00007ffda6e60000 - 0x00007ffda6ec9000 	C:\Windows\system32\mswsock.dll
0x00007ffd9d840000 - 0x00007ffd9d856000 	C:\Program Files\Java\jdk-21\bin\nio.dll
0x00007ffd9d490000 - 0x00007ffd9d4a8000 	C:\Program Files\Java\jdk-21\bin\zip.dll
0x00007ffd911b0000 - 0x00007ffd9133f000 	C:\Program Files\Java\jdk-21\bin\awt.dll
0x00007ffda4950000 - 0x00007ffda49e7000 	C:\Windows\SYSTEM32\apphelp.dll
0x00007ffda4e80000 - 0x00007ffda4eab000 	C:\Windows\system32\DWMAPI.DLL
0x00007ffda4a70000 - 0x00007ffda4b1b000 	C:\Windows\system32\uxtheme.dll
0x00007ffd7fd30000 - 0x00007ffd7fe30000 	C:\Windows\system32\opengl32.dll
0x00007ffd92670000 - 0x00007ffd9269d000 	C:\Windows\SYSTEM32\GLU32.dll
0x00007ffda4b60000 - 0x00007ffda4b96000 	C:\Windows\SYSTEM32\dxcore.dll
0x00007ffda8c40000 - 0x00007ffda8d90000 	C:\Windows\System32\MSCTF.dll
0x00007ffda9a40000 - 0x00007ffda9be0000 	C:\Windows\System32\ole32.dll
0x00007ffd926f0000 - 0x00007ffd92899000 	C:\Windows\system32\d3d9.dll
0x00007ffd9b5d0000 - 0x00007ffd9b78b000 	C:\Windows\System32\DriverStore\FileRepository\u0397033.inf_amd64_bf2b1fc18ba7195d\B396953\aticfx64.dll
0x00007ffd99700000 - 0x00007ffd99734000 	C:\Windows\System32\DriverStore\FileRepository\u0397033.inf_amd64_bf2b1fc18ba7195d\B396953\atiu9p64.dll
0x00007ffd57080000 - 0x00007ffd57dc7000 	C:\Windows\System32\DriverStore\FileRepository\u0397033.inf_amd64_bf2b1fc18ba7195d\B396953\atiumd64.dll
0x00007ffd980b0000 - 0x00007ffd980e5000 	C:\Windows\SYSTEM32\amdihk64.dll
0x00007ffd9ec10000 - 0x00007ffd9ec5a000 	C:\Windows\SYSTEM32\directxdatabasehelper.dll

dbghelp: loaded successfully - version: 4.0.5 - missing functions: none
symbol engine: initialized successfully - sym options: 0x614 - pdb path: .;C:\Program Files\Java\jdk-21\bin;C:\Windows\SYSTEM32;C:\Windows\WinSxS\amd64_microsoft.windows.common-controls_6595b64144ccf1df_6.0.22621.2506_none_270c5ae97388e100;C:\Program Files\Java\jdk-21\bin\server;C:\Windows\System32\DriverStore\FileRepository\u0397033.inf_amd64_bf2b1fc18ba7195d\B396953

VM Arguments:
jvm_args: -Dfile.encoding=UTF-8 --module-path=D:\BCA Programs(imp)\Practice Programming languages\NetBeansProjects\news_application\build\classes 
java_command: news_application.Login
java_class_path (initial): C:\Users\asazh\Downloads\mysql-connector-java-8.0.28.jar;D:\BCA Programs(imp)\Practice Programming languages\NetBeansProjects\news_application\build\classes
Launcher Type: SUN_STANDARD

[Global flags]
     intx CICompilerCount                          = 3                                         {product} {ergonomic}
     uint ConcGCThreads                            = 1                                         {product} {ergonomic}
     uint G1ConcRefinementThreads                  = 4                                         {product} {ergonomic}
   size_t G1HeapRegionSize                         = 2097152                                   {product} {ergonomic}
    uintx GCDrainStackTargetSize                   = 64                                        {product} {ergonomic}
   size_t InitialHeapSize                          = 234881024                                 {product} {ergonomic}
   size_t MarkStackSize                            = 4194304                                   {product} {ergonomic}
   size_t MaxHeapSize                              = 3745513472                                {product} {ergonomic}
   size_t MaxNewSize                               = 2246049792                                {product} {ergonomic}
   size_t MinHeapDeltaBytes                        = 2097152                                   {product} {ergonomic}
   size_t MinHeapSize                              = 8388608                                   {product} {ergonomic}
    uintx NonNMethodCodeHeapSize                   = 5832780                                {pd product} {ergonomic}
    uintx NonProfiledCodeHeapSize                  = 122912730                              {pd product} {ergonomic}
    uintx ProfiledCodeHeapSize                     = 122912730                              {pd product} {ergonomic}
    uintx ReservedCodeCacheSize                    = 251658240                              {pd product} {ergonomic}
     bool SegmentedCodeCache                       = true                                      {product} {ergonomic}
   size_t SoftMaxHeapSize                          = 3745513472                             {manageable} {ergonomic}
     bool UseCompressedOops                        = true                           {product lp64_product} {ergonomic}
     bool UseG1GC                                  = true                                      {product} {ergonomic}
     bool UseLargePagesIndividualAllocation        = false                                  {pd product} {ergonomic}

Logging:
Log output configuration:
 #0: stdout all=warning uptime,level,tags foldmultilines=false
 #1: stderr all=off uptime,level,tags foldmultilines=false

Environment Variables:
PATH=C:\Program Files\Python312\Scripts\;C:\Program Files\Python312\;C:\Program Files\Common Files\Oracle\Java\javapath;C:\Windows\system32;C:\Windows;C:\Windows\System32\Wbem;C:\Windows\System32\WindowsPowerShell\v1.0\;C:\Windows\System32\OpenSSH\;C:\Program Files\Microsoft SQL Server\150\Tools\Binn\;C:\Program Files\Microsoft SQL Server\Client SDK\ODBC\170\Tools\Binn\;C:\Program Files\dotnet\;C:\Program Files\MySQL\MySQL Shell 8.0\bin\;C:\Users\asazh\AppData\Local\Microsoft\WindowsApps;C:\Users\asazh\AppData\Local\Programs\Microsoft VS Code\bin;C:\MinGW\bin;C:\Users\asazh\.dotnet\tools
USERNAME=asazh
OS=Windows_NT
PROCESSOR_IDENTIFIER=AMD64 Family 23 Model 24 Stepping 1, AuthenticAMD
TMP=C:\Users\asazh\AppData\Local\Temp
TEMP=C:\Users\asazh\AppData\Local\Temp




Periodic native trim disabled

---------------  S Y S T E M  ---------------

OS:
 Windows 11 , 64 bit Build 22621 (10.0.22621.2506)
OS uptime: 0 days 22:18 hours

CPU: total 4 (initial active 4) (4 cores per cpu, 1 threads per core) family 23 model 24 stepping 1 microcode 0x0, cx8, cmov, fxsr, mmx, 3dnowpref, sse, sse2, sse3, ssse3, sse4a, sse4.1, sse4.2, popcnt, lzcnt, tsc, tscinvbit, avx, avx2, aes, clmul, bmi1, bmi2, adx, sha, fma, vzeroupper, clflush, clflushopt, rdtscp, f16c
Processor Information for all 4 processors :
  Max Mhz: 3600, Current Mhz: 3600, Mhz Limit: 3600

Memory: 4k page, system-wide physical 14284M (4765M free)
TotalPageFile size 39173M (AvailPageFile size 3M)
current process WorkingSet (physical memory assigned to process): 61M, peak: 61M
current process commit charge ("private bytes"): 313M, peak: 313M

vm_info: Java HotSpot(TM) 64-Bit Server VM (21.0.1+12-LTS-29) for windows-amd64 JRE (21.0.1+12-LTS-29), built on 2023-10-05T13:27:09Z by "mach5one" with MS VC++ 17.1 (VS2022)

END.
