#
# There is insufficient memory for the Java Runtime Environment to continue.
# Native memory allocation (mmap) failed to map 65536 bytes for Failed to commit metaspace.
# Possible reasons:
#   The system is out of physical RAM or swap space
#   The process is running with CompressedOops enabled, and the Java Heap may be blocking the growth of the native heap
# Possible solutions:
#   Reduce memory load on the system
#   Increase physical memory or swap space
#   Check if swap backing store is full
#   Decrease Java heap size (-Xmx/-Xms)
#   Decrease number of Java threads
#   Decrease Java thread stack sizes (-Xss)
#   Set larger code cache with -XX:ReservedCodeCacheSize=
#   JVM is running with Zero Based Compressed Oops mode in which the Java heap is
#     placed in the first 32GB address space. The Java Heap base address is the
#     maximum limit for the native heap growth. Please use -XX:HeapBaseMinAddress
#     to set the Java Heap base and to place the Java Heap above 32GB virtual address.
# This output file may be truncated or incomplete.
#
#  Out of Memory Error (virtualSpaceNode.cpp:110), pid=28352, tid=28420
#
# JRE version: Java(TM) SE Runtime Environment (17.0.4+11) (build 17.0.4+11-LTS-179)
# Java VM: Java HotSpot(TM) 64-Bit Server VM (17.0.4+11-LTS-179, mixed mode, sharing, tiered, compressed oops, compressed class ptrs, g1 gc, windows-amd64)
# No core dump will be written. Minidumps are not enabled by default on client versions of Windows
#

---------------  S U M M A R Y ------------

Command Line: -Dfile.encoding=UTF-8 --module-path=E:\BCA Programms\Practice Programming languages\NetBeansProjects\news_application\build\classes news_application.Signup

Host: AMD Ryzen 3 3200G with Radeon Vega Graphics    , 4 cores, 13G,  Windows 10 , 64 bit Build 19041 (10.0.19041.662)
Time: Fri Dec 29 00:13:17 2023 India Standard Time elapsed time: 0.247594 seconds (0d 0h 0m 0s)

---------------  T H R E A D  ---------------

Current thread (0x0000025135e0bcb0):  JavaThread "main" [_thread_in_vm, id=28420, stack(0x000000fee9c00000,0x000000fee9d00000)]

Stack: [0x000000fee9c00000,0x000000fee9d00000]
Native frames: (J=compiled Java code, j=interpreted, Vv=VM code, C=native code)
V  [jvm.dll+0x6723da]
V  [jvm.dll+0x7d1f74]
V  [jvm.dll+0x7d371e]
V  [jvm.dll+0x7d3d83]
V  [jvm.dll+0x242ed5]
V  [jvm.dll+0x7cdf1b]
V  [jvm.dll+0x618186]
V  [jvm.dll+0x6181ea]
V  [jvm.dll+0x61a9fa]
V  [jvm.dll+0x618b26]
V  [jvm.dll+0x2389e0]
V  [jvm.dll+0x1e8c9d]
V  [jvm.dll+0x1de6e1]
V  [jvm.dll+0x538b90]
V  [jvm.dll+0x1eeec7]
V  [jvm.dll+0x74bdfb]
V  [jvm.dll+0x74d1a2]
V  [jvm.dll+0x74d4d8]
V  [jvm.dll+0x23b34e]
V  [jvm.dll+0x23b59f]
V  [jvm.dll+0x556a18]
V  [jvm.dll+0x5598c7]
V  [jvm.dll+0x37fbd7]
V  [jvm.dll+0x37f22f]
C  0x000002513ee6a622

Java frames: (J=compiled Java code, j=interpreted, Vv=VM code)
j  javax.swing.JPanel.updateUI()V+2 java.desktop@17.0.4
j  javax.swing.JPanel.<init>(Ljava/awt/LayoutManager;Z)V+24 java.desktop@17.0.4
j  javax.swing.JPanel.<init>(Z)V+9 java.desktop@17.0.4
j  javax.swing.JPanel.<init>()V+2 java.desktop@17.0.4
j  javax.swing.JRootPane.createGlassPane()Ljava/awt/Component;+4 java.desktop@17.0.4
j  javax.swing.JRootPane.<init>()V+11 java.desktop@17.0.4
j  javax.swing.JFrame.createRootPane()Ljavax/swing/JRootPane;+4 java.desktop@17.0.4
j  javax.swing.JFrame.frameInit()V+16 java.desktop@17.0.4
j  javax.swing.JFrame.<init>()V+20 java.desktop@17.0.4
j  news_application.Signup.<init>()V+1
j  news_application.Signup.main([Ljava/lang/String;)V+4
v  ~StubRoutines::call_stub

---------------  P R O C E S S  ---------------

Threads class SMR info:
_java_thread_list=0x0000025159c21ed0, length=15, elements={
0x0000025135e0bcb0, 0x0000025158f13430, 0x0000025158f14fc0, 0x0000025158f25b50,
0x0000025158f27420, 0x0000025158f284f0, 0x0000025158f28db0, 0x0000025158f2cea0,
0x0000025158f378a0, 0x0000025158f381a0, 0x000002515995f990, 0x0000025159a3b660,
0x0000025159c25320, 0x0000025159c2c2c0, 0x0000025159c3cdb0
}

Java Threads: ( => current thread )
=>0x0000025135e0bcb0 JavaThread "main" [_thread_in_vm, id=28420, stack(0x000000fee9c00000,0x000000fee9d00000)]
  0x0000025158f13430 JavaThread "Reference Handler" daemon [_thread_blocked, id=28448, stack(0x000000feea300000,0x000000feea400000)]
  0x0000025158f14fc0 JavaThread "Finalizer" daemon [_thread_blocked, id=28452, stack(0x000000feea400000,0x000000feea500000)]
  0x0000025158f25b50 JavaThread "Signal Dispatcher" daemon [_thread_blocked, id=28456, stack(0x000000feea500000,0x000000feea600000)]
  0x0000025158f27420 JavaThread "Attach Listener" daemon [_thread_blocked, id=28460, stack(0x000000feea600000,0x000000feea700000)]
  0x0000025158f284f0 JavaThread "Service Thread" daemon [_thread_blocked, id=28464, stack(0x000000feea700000,0x000000feea800000)]
  0x0000025158f28db0 JavaThread "Monitor Deflation Thread" daemon [_thread_blocked, id=28468, stack(0x000000feea800000,0x000000feea900000)]
  0x0000025158f2cea0 JavaThread "C2 CompilerThread0" daemon [_thread_blocked, id=28472, stack(0x000000feea900000,0x000000feeaa00000)]
  0x0000025158f378a0 JavaThread "C1 CompilerThread0" daemon [_thread_blocked, id=28476, stack(0x000000feeaa00000,0x000000feeab00000)]
  0x0000025158f381a0 JavaThread "Sweeper thread" daemon [_thread_blocked, id=28480, stack(0x000000feeab00000,0x000000feeac00000)]
  0x000002515995f990 JavaThread "Common-Cleaner" daemon [_thread_blocked, id=28484, stack(0x000000feeac00000,0x000000feead00000)]
  0x0000025159a3b660 JavaThread "Notification Thread" daemon [_thread_blocked, id=28488, stack(0x000000feead00000,0x000000feeae00000)]
  0x0000025159c25320 JavaThread "Java2D Disposer" daemon [_thread_blocked, id=28496, stack(0x000000feeaf00000,0x000000feeb000000)]
  0x0000025159c2c2c0 JavaThread "AWT-Shutdown" [_thread_blocked, id=28500, stack(0x000000feeb000000,0x000000feeb100000)]
  0x0000025159c3cdb0 JavaThread "AWT-Windows" daemon [_thread_in_native, id=28504, stack(0x000000feeb100000,0x000000feeb200000)]

Other Threads:
  0x0000025158f0ebd0 VMThread "VM Thread" [stack: 0x000000feea200000,0x000000feea300000] [id=28444]
  0x0000025159a79d50 WatcherThread [stack: 0x000000feeae00000,0x000000feeaf00000] [id=28492]
  0x0000025135e6ccf0 GCTaskThread "GC Thread#0" [stack: 0x000000fee9d00000,0x000000fee9e00000] [id=28424]
  0x0000025135e7ca80 ConcurrentGCThread "G1 Main Marker" [stack: 0x000000fee9e00000,0x000000fee9f00000] [id=28428]
  0x0000025135e7db30 ConcurrentGCThread "G1 Conc#0" [stack: 0x000000fee9f00000,0x000000feea000000] [id=28432]
  0x0000025135ee1220 ConcurrentGCThread "G1 Refine#0" [stack: 0x000000feea000000,0x000000feea100000] [id=28436]
  0x0000025135ee1b40 ConcurrentGCThread "G1 Service" [stack: 0x000000feea100000,0x000000feea200000] [id=28440]

Threads with active compile tasks:

VM state: not at safepoint (normal execution)

VM Mutex/Monitor currently owned by a thread:  ([mutex/lock_event])
[0x0000025135e05c80] Metaspace_lock - owner thread: 0x0000025135e0bcb0

Heap address: 0x0000000720c00000, size: 3572 MB, Compressed Oops mode: Zero based, Oop shift amount: 3

CDS archive(s) mapped at: [0x0000000800000000-0x0000000800bc0000-0x0000000800bc0000), size 12320768, SharedBaseAddress: 0x0000000800000000, ArchiveRelocationMode: 0.
Compressed class space mapped at: 0x0000000800c00000-0x0000000840c00000, reserved size: 1073741824
Narrow klass base: 0x0000000800000000, Narrow klass shift: 0, Narrow klass range: 0x100000000

GC Precious Log:
 CPUs: 4 total, 4 available
 Memory: 14284M
 Large Page Support: Disabled
 NUMA Support: Disabled
 Compressed Oops: Enabled (Zero based)
 Heap Region Size: 2M
 Heap Min Capacity: 8M
 Heap Initial Capacity: 224M
 Heap Max Capacity: 3572M
 Pre-touch: Disabled
 Parallel Workers: 4
 Concurrent Workers: 1
 Concurrent Refinement Workers: 4
 Periodic GC: Disabled

Heap:
 garbage-first heap   total 229376K, used 2048K [0x0000000720c00000, 0x0000000800000000)
  region size 2048K, 2 young (4096K), 0 survivors (0K)
 Metaspace       used 3020K, committed 3136K, reserved 1056768K
  class space    used 290K, committed 384K, reserved 1048576K

Heap Regions: E=young(eden), S=young(survivor), O=old, HS=humongous(starts), HC=humongous(continues), CS=collection set, F=free, OA=open archive, CA=closed archive, TAMS=top-at-mark-start (previous, next)
|   0|0x0000000720c00000, 0x0000000720c00000, 0x0000000720e00000|  0%| F|  |TAMS 0x0000000720c00000, 0x0000000720c00000| Untracked 
|   1|0x0000000720e00000, 0x0000000720e00000, 0x0000000721000000|  0%| F|  |TAMS 0x0000000720e00000, 0x0000000720e00000| Untracked 
|   2|0x0000000721000000, 0x0000000721000000, 0x0000000721200000|  0%| F|  |TAMS 0x0000000721000000, 0x0000000721000000| Untracked 
|   3|0x0000000721200000, 0x0000000721200000, 0x0000000721400000|  0%| F|  |TAMS 0x0000000721200000, 0x0000000721200000| Untracked 
|   4|0x0000000721400000, 0x0000000721400000, 0x0000000721600000|  0%| F|  |TAMS 0x0000000721400000, 0x0000000721400000| Untracked 
|   5|0x0000000721600000, 0x0000000721600000, 0x0000000721800000|  0%| F|  |TAMS 0x0000000721600000, 0x0000000721600000| Untracked 
|   6|0x0000000721800000, 0x0000000721800000, 0x0000000721a00000|  0%| F|  |TAMS 0x0000000721800000, 0x0000000721800000| Untracked 
|   7|0x0000000721a00000, 0x0000000721a00000, 0x0000000721c00000|  0%| F|  |TAMS 0x0000000721a00000, 0x0000000721a00000| Untracked 
|   8|0x0000000721c00000, 0x0000000721c00000, 0x0000000721e00000|  0%| F|  |TAMS 0x0000000721c00000, 0x0000000721c00000| Untracked 
|   9|0x0000000721e00000, 0x0000000721e00000, 0x0000000722000000|  0%| F|  |TAMS 0x0000000721e00000, 0x0000000721e00000| Untracked 
|  10|0x0000000722000000, 0x0000000722000000, 0x0000000722200000|  0%| F|  |TAMS 0x0000000722000000, 0x0000000722000000| Untracked 
|  11|0x0000000722200000, 0x0000000722200000, 0x0000000722400000|  0%| F|  |TAMS 0x0000000722200000, 0x0000000722200000| Untracked 
|  12|0x0000000722400000, 0x0000000722400000, 0x0000000722600000|  0%| F|  |TAMS 0x0000000722400000, 0x0000000722400000| Untracked 
|  13|0x0000000722600000, 0x0000000722600000, 0x0000000722800000|  0%| F|  |TAMS 0x0000000722600000, 0x0000000722600000| Untracked 
|  14|0x0000000722800000, 0x0000000722800000, 0x0000000722a00000|  0%| F|  |TAMS 0x0000000722800000, 0x0000000722800000| Untracked 
|  15|0x0000000722a00000, 0x0000000722a00000, 0x0000000722c00000|  0%| F|  |TAMS 0x0000000722a00000, 0x0000000722a00000| Untracked 
|  16|0x0000000722c00000, 0x0000000722c00000, 0x0000000722e00000|  0%| F|  |TAMS 0x0000000722c00000, 0x0000000722c00000| Untracked 
|  17|0x0000000722e00000, 0x0000000722e00000, 0x0000000723000000|  0%| F|  |TAMS 0x0000000722e00000, 0x0000000722e00000| Untracked 
|  18|0x0000000723000000, 0x0000000723000000, 0x0000000723200000|  0%| F|  |TAMS 0x0000000723000000, 0x0000000723000000| Untracked 
|  19|0x0000000723200000, 0x0000000723200000, 0x0000000723400000|  0%| F|  |TAMS 0x0000000723200000, 0x0000000723200000| Untracked 
|  20|0x0000000723400000, 0x0000000723400000, 0x0000000723600000|  0%| F|  |TAMS 0x0000000723400000, 0x0000000723400000| Untracked 
|  21|0x0000000723600000, 0x0000000723600000, 0x0000000723800000|  0%| F|  |TAMS 0x0000000723600000, 0x0000000723600000| Untracked 
|  22|0x0000000723800000, 0x0000000723800000, 0x0000000723a00000|  0%| F|  |TAMS 0x0000000723800000, 0x0000000723800000| Untracked 
|  23|0x0000000723a00000, 0x0000000723a00000, 0x0000000723c00000|  0%| F|  |TAMS 0x0000000723a00000, 0x0000000723a00000| Untracked 
|  24|0x0000000723c00000, 0x0000000723c00000, 0x0000000723e00000|  0%| F|  |TAMS 0x0000000723c00000, 0x0000000723c00000| Untracked 
|  25|0x0000000723e00000, 0x0000000723e00000, 0x0000000724000000|  0%| F|  |TAMS 0x0000000723e00000, 0x0000000723e00000| Untracked 
|  26|0x0000000724000000, 0x0000000724000000, 0x0000000724200000|  0%| F|  |TAMS 0x0000000724000000, 0x0000000724000000| Untracked 
|  27|0x0000000724200000, 0x0000000724200000, 0x0000000724400000|  0%| F|  |TAMS 0x0000000724200000, 0x0000000724200000| Untracked 
|  28|0x0000000724400000, 0x0000000724400000, 0x0000000724600000|  0%| F|  |TAMS 0x0000000724400000, 0x0000000724400000| Untracked 
|  29|0x0000000724600000, 0x0000000724600000, 0x0000000724800000|  0%| F|  |TAMS 0x0000000724600000, 0x0000000724600000| Untracked 
|  30|0x0000000724800000, 0x0000000724800000, 0x0000000724a00000|  0%| F|  |TAMS 0x0000000724800000, 0x0000000724800000| Untracked 
|  31|0x0000000724a00000, 0x0000000724a00000, 0x0000000724c00000|  0%| F|  |TAMS 0x0000000724a00000, 0x0000000724a00000| Untracked 
|  32|0x0000000724c00000, 0x0000000724c00000, 0x0000000724e00000|  0%| F|  |TAMS 0x0000000724c00000, 0x0000000724c00000| Untracked 
|  33|0x0000000724e00000, 0x0000000724e00000, 0x0000000725000000|  0%| F|  |TAMS 0x0000000724e00000, 0x0000000724e00000| Untracked 
|  34|0x0000000725000000, 0x0000000725000000, 0x0000000725200000|  0%| F|  |TAMS 0x0000000725000000, 0x0000000725000000| Untracked 
|  35|0x0000000725200000, 0x0000000725200000, 0x0000000725400000|  0%| F|  |TAMS 0x0000000725200000, 0x0000000725200000| Untracked 
|  36|0x0000000725400000, 0x0000000725400000, 0x0000000725600000|  0%| F|  |TAMS 0x0000000725400000, 0x0000000725400000| Untracked 
|  37|0x0000000725600000, 0x0000000725600000, 0x0000000725800000|  0%| F|  |TAMS 0x0000000725600000, 0x0000000725600000| Untracked 
|  38|0x0000000725800000, 0x0000000725800000, 0x0000000725a00000|  0%| F|  |TAMS 0x0000000725800000, 0x0000000725800000| Untracked 
|  39|0x0000000725a00000, 0x0000000725a00000, 0x0000000725c00000|  0%| F|  |TAMS 0x0000000725a00000, 0x0000000725a00000| Untracked 
|  40|0x0000000725c00000, 0x0000000725c00000, 0x0000000725e00000|  0%| F|  |TAMS 0x0000000725c00000, 0x0000000725c00000| Untracked 
|  41|0x0000000725e00000, 0x0000000725e00000, 0x0000000726000000|  0%| F|  |TAMS 0x0000000725e00000, 0x0000000725e00000| Untracked 
|  42|0x0000000726000000, 0x0000000726000000, 0x0000000726200000|  0%| F|  |TAMS 0x0000000726000000, 0x0000000726000000| Untracked 
|  43|0x0000000726200000, 0x0000000726200000, 0x0000000726400000|  0%| F|  |TAMS 0x0000000726200000, 0x0000000726200000| Untracked 
|  44|0x0000000726400000, 0x0000000726400000, 0x0000000726600000|  0%| F|  |TAMS 0x0000000726400000, 0x0000000726400000| Untracked 
|  45|0x0000000726600000, 0x0000000726600000, 0x0000000726800000|  0%| F|  |TAMS 0x0000000726600000, 0x0000000726600000| Untracked 
|  46|0x0000000726800000, 0x0000000726800000, 0x0000000726a00000|  0%| F|  |TAMS 0x0000000726800000, 0x0000000726800000| Untracked 
|  47|0x0000000726a00000, 0x0000000726a00000, 0x0000000726c00000|  0%| F|  |TAMS 0x0000000726a00000, 0x0000000726a00000| Untracked 
|  48|0x0000000726c00000, 0x0000000726c00000, 0x0000000726e00000|  0%| F|  |TAMS 0x0000000726c00000, 0x0000000726c00000| Untracked 
|  49|0x0000000726e00000, 0x0000000726e00000, 0x0000000727000000|  0%| F|  |TAMS 0x0000000726e00000, 0x0000000726e00000| Untracked 
|  50|0x0000000727000000, 0x0000000727000000, 0x0000000727200000|  0%| F|  |TAMS 0x0000000727000000, 0x0000000727000000| Untracked 
|  51|0x0000000727200000, 0x0000000727200000, 0x0000000727400000|  0%| F|  |TAMS 0x0000000727200000, 0x0000000727200000| Untracked 
|  52|0x0000000727400000, 0x0000000727400000, 0x0000000727600000|  0%| F|  |TAMS 0x0000000727400000, 0x0000000727400000| Untracked 
|  53|0x0000000727600000, 0x0000000727600000, 0x0000000727800000|  0%| F|  |TAMS 0x0000000727600000, 0x0000000727600000| Untracked 
|  54|0x0000000727800000, 0x0000000727800000, 0x0000000727a00000|  0%| F|  |TAMS 0x0000000727800000, 0x0000000727800000| Untracked 
|  55|0x0000000727a00000, 0x0000000727a00000, 0x0000000727c00000|  0%| F|  |TAMS 0x0000000727a00000, 0x0000000727a00000| Untracked 
|  56|0x0000000727c00000, 0x0000000727c00000, 0x0000000727e00000|  0%| F|  |TAMS 0x0000000727c00000, 0x0000000727c00000| Untracked 
|  57|0x0000000727e00000, 0x0000000727e00000, 0x0000000728000000|  0%| F|  |TAMS 0x0000000727e00000, 0x0000000727e00000| Untracked 
|  58|0x0000000728000000, 0x0000000728000000, 0x0000000728200000|  0%| F|  |TAMS 0x0000000728000000, 0x0000000728000000| Untracked 
|  59|0x0000000728200000, 0x0000000728200000, 0x0000000728400000|  0%| F|  |TAMS 0x0000000728200000, 0x0000000728200000| Untracked 
|  60|0x0000000728400000, 0x0000000728400000, 0x0000000728600000|  0%| F|  |TAMS 0x0000000728400000, 0x0000000728400000| Untracked 
|  61|0x0000000728600000, 0x0000000728600000, 0x0000000728800000|  0%| F|  |TAMS 0x0000000728600000, 0x0000000728600000| Untracked 
|  62|0x0000000728800000, 0x0000000728800000, 0x0000000728a00000|  0%| F|  |TAMS 0x0000000728800000, 0x0000000728800000| Untracked 
|  63|0x0000000728a00000, 0x0000000728a00000, 0x0000000728c00000|  0%| F|  |TAMS 0x0000000728a00000, 0x0000000728a00000| Untracked 
|  64|0x0000000728c00000, 0x0000000728c00000, 0x0000000728e00000|  0%| F|  |TAMS 0x0000000728c00000, 0x0000000728c00000| Untracked 
|  65|0x0000000728e00000, 0x0000000728e00000, 0x0000000729000000|  0%| F|  |TAMS 0x0000000728e00000, 0x0000000728e00000| Untracked 
|  66|0x0000000729000000, 0x0000000729000000, 0x0000000729200000|  0%| F|  |TAMS 0x0000000729000000, 0x0000000729000000| Untracked 
|  67|0x0000000729200000, 0x0000000729200000, 0x0000000729400000|  0%| F|  |TAMS 0x0000000729200000, 0x0000000729200000| Untracked 
|  68|0x0000000729400000, 0x0000000729400000, 0x0000000729600000|  0%| F|  |TAMS 0x0000000729400000, 0x0000000729400000| Untracked 
|  69|0x0000000729600000, 0x0000000729600000, 0x0000000729800000|  0%| F|  |TAMS 0x0000000729600000, 0x0000000729600000| Untracked 
|  70|0x0000000729800000, 0x0000000729800000, 0x0000000729a00000|  0%| F|  |TAMS 0x0000000729800000, 0x0000000729800000| Untracked 
|  71|0x0000000729a00000, 0x0000000729a00000, 0x0000000729c00000|  0%| F|  |TAMS 0x0000000729a00000, 0x0000000729a00000| Untracked 
|  72|0x0000000729c00000, 0x0000000729c00000, 0x0000000729e00000|  0%| F|  |TAMS 0x0000000729c00000, 0x0000000729c00000| Untracked 
|  73|0x0000000729e00000, 0x0000000729e00000, 0x000000072a000000|  0%| F|  |TAMS 0x0000000729e00000, 0x0000000729e00000| Untracked 
|  74|0x000000072a000000, 0x000000072a000000, 0x000000072a200000|  0%| F|  |TAMS 0x000000072a000000, 0x000000072a000000| Untracked 
|  75|0x000000072a200000, 0x000000072a200000, 0x000000072a400000|  0%| F|  |TAMS 0x000000072a200000, 0x000000072a200000| Untracked 
|  76|0x000000072a400000, 0x000000072a400000, 0x000000072a600000|  0%| F|  |TAMS 0x000000072a400000, 0x000000072a400000| Untracked 
|  77|0x000000072a600000, 0x000000072a600000, 0x000000072a800000|  0%| F|  |TAMS 0x000000072a600000, 0x000000072a600000| Untracked 
|  78|0x000000072a800000, 0x000000072a800000, 0x000000072aa00000|  0%| F|  |TAMS 0x000000072a800000, 0x000000072a800000| Untracked 
|  79|0x000000072aa00000, 0x000000072aa00000, 0x000000072ac00000|  0%| F|  |TAMS 0x000000072aa00000, 0x000000072aa00000| Untracked 
|  80|0x000000072ac00000, 0x000000072ac00000, 0x000000072ae00000|  0%| F|  |TAMS 0x000000072ac00000, 0x000000072ac00000| Untracked 
|  81|0x000000072ae00000, 0x000000072ae00000, 0x000000072b000000|  0%| F|  |TAMS 0x000000072ae00000, 0x000000072ae00000| Untracked 
|  82|0x000000072b000000, 0x000000072b000000, 0x000000072b200000|  0%| F|  |TAMS 0x000000072b000000, 0x000000072b000000| Untracked 
|  83|0x000000072b200000, 0x000000072b200000, 0x000000072b400000|  0%| F|  |TAMS 0x000000072b200000, 0x000000072b200000| Untracked 
|  84|0x000000072b400000, 0x000000072b400000, 0x000000072b600000|  0%| F|  |TAMS 0x000000072b400000, 0x000000072b400000| Untracked 
|  85|0x000000072b600000, 0x000000072b600000, 0x000000072b800000|  0%| F|  |TAMS 0x000000072b600000, 0x000000072b600000| Untracked 
|  86|0x000000072b800000, 0x000000072b800000, 0x000000072ba00000|  0%| F|  |TAMS 0x000000072b800000, 0x000000072b800000| Untracked 
|  87|0x000000072ba00000, 0x000000072ba00000, 0x000000072bc00000|  0%| F|  |TAMS 0x000000072ba00000, 0x000000072ba00000| Untracked 
|  88|0x000000072bc00000, 0x000000072bc00000, 0x000000072be00000|  0%| F|  |TAMS 0x000000072bc00000, 0x000000072bc00000| Untracked 
|  89|0x000000072be00000, 0x000000072be00000, 0x000000072c000000|  0%| F|  |TAMS 0x000000072be00000, 0x000000072be00000| Untracked 
|  90|0x000000072c000000, 0x000000072c000000, 0x000000072c200000|  0%| F|  |TAMS 0x000000072c000000, 0x000000072c000000| Untracked 
|  91|0x000000072c200000, 0x000000072c200000, 0x000000072c400000|  0%| F|  |TAMS 0x000000072c200000, 0x000000072c200000| Untracked 
|  92|0x000000072c400000, 0x000000072c400000, 0x000000072c600000|  0%| F|  |TAMS 0x000000072c400000, 0x000000072c400000| Untracked 
|  93|0x000000072c600000, 0x000000072c600000, 0x000000072c800000|  0%| F|  |TAMS 0x000000072c600000, 0x000000072c600000| Untracked 
|  94|0x000000072c800000, 0x000000072c800000, 0x000000072ca00000|  0%| F|  |TAMS 0x000000072c800000, 0x000000072c800000| Untracked 
|  95|0x000000072ca00000, 0x000000072ca00000, 0x000000072cc00000|  0%| F|  |TAMS 0x000000072ca00000, 0x000000072ca00000| Untracked 
|  96|0x000000072cc00000, 0x000000072cc00000, 0x000000072ce00000|  0%| F|  |TAMS 0x000000072cc00000, 0x000000072cc00000| Untracked 
|  97|0x000000072ce00000, 0x000000072ce00000, 0x000000072d000000|  0%| F|  |TAMS 0x000000072ce00000, 0x000000072ce00000| Untracked 
|  98|0x000000072d000000, 0x000000072d000000, 0x000000072d200000|  0%| F|  |TAMS 0x000000072d000000, 0x000000072d000000| Untracked 
|  99|0x000000072d200000, 0x000000072d200000, 0x000000072d400000|  0%| F|  |TAMS 0x000000072d200000, 0x000000072d200000| Untracked 
| 100|0x000000072d400000, 0x000000072d400000, 0x000000072d600000|  0%| F|  |TAMS 0x000000072d400000, 0x000000072d400000| Untracked 
| 101|0x000000072d600000, 0x000000072d600000, 0x000000072d800000|  0%| F|  |TAMS 0x000000072d600000, 0x000000072d600000| Untracked 
| 102|0x000000072d800000, 0x000000072d800000, 0x000000072da00000|  0%| F|  |TAMS 0x000000072d800000, 0x000000072d800000| Untracked 
| 103|0x000000072da00000, 0x000000072da00000, 0x000000072dc00000|  0%| F|  |TAMS 0x000000072da00000, 0x000000072da00000| Untracked 
| 104|0x000000072dc00000, 0x000000072dc00000, 0x000000072de00000|  0%| F|  |TAMS 0x000000072dc00000, 0x000000072dc00000| Untracked 
| 105|0x000000072de00000, 0x000000072de00000, 0x000000072e000000|  0%| F|  |TAMS 0x000000072de00000, 0x000000072de00000| Untracked 
| 106|0x000000072e000000, 0x000000072e000000, 0x000000072e200000|  0%| F|  |TAMS 0x000000072e000000, 0x000000072e000000| Untracked 
| 107|0x000000072e200000, 0x000000072e200000, 0x000000072e400000|  0%| F|  |TAMS 0x000000072e200000, 0x000000072e200000| Untracked 
| 108|0x000000072e400000, 0x000000072e400000, 0x000000072e600000|  0%| F|  |TAMS 0x000000072e400000, 0x000000072e400000| Untracked 
| 109|0x000000072e600000, 0x000000072e600000, 0x000000072e800000|  0%| F|  |TAMS 0x000000072e600000, 0x000000072e600000| Untracked 
| 110|0x000000072e800000, 0x000000072e933bf0, 0x000000072ea00000| 60%| E|  |TAMS 0x000000072e800000, 0x000000072e800000| Complete 
| 111|0x000000072ea00000, 0x000000072ec00000, 0x000000072ec00000|100%| E|CS|TAMS 0x000000072ea00000, 0x000000072ea00000| Complete 

Card table byte_map: [0x000002514eb70000,0x000002514f270000] _byte_map_base: 0x000002514b26a000

Marking Bits (Prev, Next): (CMBitMap*) 0x0000025135e6e210, (CMBitMap*) 0x0000025135e6e250
 Prev Bits: [0x000002514f970000, 0x0000025153140000)
 Next Bits: [0x0000025153140000, 0x0000025156910000)

Polling page: 0x0000025135bf0000

Metaspace:

Usage:
  Non-class:      2.67 MB used.
      Class:    290.02 KB used.
       Both:      2.95 MB used.

Virtual space:
  Non-class space:        8.00 MB reserved,       2.69 MB ( 34%) committed,  1 nodes.
      Class space:        1.00 GB reserved,     384.00 KB ( <1%) committed,  1 nodes.
             Both:        1.01 GB reserved,       3.06 MB ( <1%) committed. 

Chunk freelists:
   Non-Class:  3.94 MB
       Class:  3.59 MB
        Both:  7.53 MB

MaxMetaspaceSize: unlimited
CompressedClassSpaceSize: 1.00 GB
Initial GC threshold: 21.00 MB
Current GC threshold: 21.00 MB
CDS: on
MetaspaceReclaimPolicy: balanced
 - commit_granule_bytes: 65536.
 - commit_granule_words: 8192.
 - virtual_space_node_default_size: 1048576.
 - enlarge_chunks_in_place: 1.
 - new_chunks_are_fully_committed: 0.
 - uncommit_free_chunks: 1.
 - use_allocation_guard: 0.
 - handle_deallocations: 1.


Internal statistics:

num_allocs_failed_limit: 0.
num_arena_births: 58.
num_arena_deaths: 0.
num_vsnodes_births: 2.
num_vsnodes_deaths: 0.
num_space_committed: 49.
num_space_uncommitted: 0.
num_chunks_returned_to_freelist: 0.
num_chunks_taken_from_freelist: 68.
num_chunk_merges: 0.
num_chunk_splits: 42.
num_chunks_enlarged: 20.
num_purges: 0.
num_inconsistent_stats: 0.

CodeHeap 'non-profiled nmethods': size=120000Kb used=124Kb max_used=124Kb free=119875Kb
 bounds [0x0000025146920000, 0x0000025146b90000, 0x000002514de50000]
CodeHeap 'profiled nmethods': size=120000Kb used=506Kb max_used=506Kb free=119493Kb
 bounds [0x000002513f3f0000, 0x000002513f660000, 0x0000025146920000]
CodeHeap 'non-nmethods': size=5760Kb used=1172Kb max_used=1180Kb free=4587Kb
 bounds [0x000002513ee50000, 0x000002513f0c0000, 0x000002513f3f0000]
 total_blobs=852 nmethods=383 adapters=382
 compilation: enabled
              stopped_count=0, restarted_count=0
 full_count=0

Compilation events (20 events):
Event: 0.168 Thread 0x0000025158f378a0 nmethod 372 0x000002513f466290 code [0x000002513f466680, 0x000002513f4684d8]
Event: 0.168 Thread 0x0000025158f378a0  373       3       jdk.internal.org.objectweb.asm.ByteVector::putInt (74 bytes)
Event: 0.168 Thread 0x0000025158f378a0 nmethod 373 0x000002513f469010 code [0x000002513f4691c0, 0x000002513f469428]
Event: 0.168 Thread 0x0000025158f378a0  376       3       java.lang.invoke.MemberName::getName (25 bytes)
Event: 0.168 Thread 0x0000025158f378a0 nmethod 376 0x000002513f469590 code [0x000002513f469760, 0x000002513f469b08]
Event: 0.168 Thread 0x0000025158f378a0  374       3       java.util.HashSet::contains (9 bytes)
Event: 0.168 Thread 0x0000025158f378a0 nmethod 374 0x000002513f469c10 code [0x000002513f469dc0, 0x000002513f46a048]
Event: 0.169 Thread 0x0000025158f378a0  377       3       sun.invoke.util.VerifyAccess::isSamePackage (37 bytes)
Event: 0.170 Thread 0x0000025158f378a0 nmethod 377 0x000002513f46a110 code [0x000002513f46a420, 0x000002513f46b8b8]
Event: 0.170 Thread 0x0000025158f2cea0 nmethod 375 0x000002514693df90 code [0x000002514693e140, 0x000002514693e4f8]
Event: 0.179 Thread 0x0000025158f378a0  378       3       java.lang.invoke.MethodType::insertParameterTypes (121 bytes)
Event: 0.180 Thread 0x0000025158f2cea0  380       4       java.lang.String::coder (15 bytes)
Event: 0.180 Thread 0x0000025158f2cea0 nmethod 380 0x000002514693ec90 code [0x000002514693ee00, 0x000002514693ee78]
Event: 0.180 Thread 0x0000025158f378a0 nmethod 378 0x000002513f46be90 code [0x000002513f46c160, 0x000002513f46cf68]
Event: 0.180 Thread 0x0000025158f378a0  381       3       java.lang.invoke.MemberName$Factory::resolveOrFail (79 bytes)
Event: 0.180 Thread 0x0000025158f378a0 nmethod 381 0x000002513f46d490 code [0x000002513f46d6a0, 0x000002513f46de38]
Event: 0.240 Thread 0x0000025158f378a0  383       3       java.lang.invoke.LambdaForm::forceInterpretation (14 bytes)
Event: 0.240 Thread 0x0000025158f378a0 nmethod 383 0x000002513f46e110 code [0x000002513f46e2a0, 0x000002513f46e418]
Event: 0.241 Thread 0x0000025158f378a0  384       3       java.lang.invoke.LambdaForm::uncustomize (57 bytes)
Event: 0.241 Thread 0x0000025158f378a0 nmethod 384 0x000002513f46e490 code [0x000002513f46e640, 0x000002513f46e968]

GC Heap History (0 events):
No events

Deoptimization events (4 events):
Event: 0.087 Thread 0x0000025135e0bcb0 Uncommon trap: trap_request=0xffffff45 fr.pc=0x000002514692ea2c relative=0x00000000000008cc
Event: 0.087 Thread 0x0000025135e0bcb0 Uncommon trap: reason=unstable_if action=reinterpret pc=0x000002514692ea2c method=java.util.HashMap.putVal(ILjava/lang/Object;Ljava/lang/Object;ZZ)Ljava/lang/Object; @ 81 c2
Event: 0.087 Thread 0x0000025135e0bcb0 DEOPT PACKING pc=0x000002514692ea2c sp=0x000000fee9cfe4b0
Event: 0.087 Thread 0x0000025135e0bcb0 DEOPT UNPACKING pc=0x000002513eea23a3 sp=0x000000fee9cfe450 mode 2

Classes unloaded (0 events):
No events

Classes redefined (0 events):
No events

Internal exceptions (8 events):
Event: 0.063 Thread 0x0000025135e0bcb0 Exception <a 'sun/nio/fs/WindowsException'{0x000000072eb30bf8}> (0x000000072eb30bf8) 
thrown [s\open\src\hotspot\share\prims\jni.cpp, line 516]
Event: 0.063 Thread 0x0000025135e0bcb0 Exception <a 'sun/nio/fs/WindowsException'{0x000000072eb311d8}> (0x000000072eb311d8) 
thrown [s\open\src\hotspot\share\prims\jni.cpp, line 516]
Event: 0.064 Thread 0x0000025135e0bcb0 Exception <a 'sun/nio/fs/WindowsException'{0x000000072eb33af8}> (0x000000072eb33af8) 
thrown [s\open\src\hotspot\share\prims\jni.cpp, line 516]
Event: 0.064 Thread 0x0000025135e0bcb0 Exception <a 'sun/nio/fs/WindowsException'{0x000000072eb34730}> (0x000000072eb34730) 
thrown [s\open\src\hotspot\share\prims\jni.cpp, line 516]
Event: 0.102 Thread 0x0000025135e0bcb0 Exception <a 'java/lang/ClassNotFoundException'{0x000000072e803368}: sun/awt/resources/spi/awtProvider> (0x000000072e803368) 
thrown [s\open\src\hotspot\share\classfile\systemDictionary.cpp, line 256]
Event: 0.123 Thread 0x0000025135e0bcb0 Exception <a 'java/io/FileNotFoundException'{0x000000072e856630}> (0x000000072e856630) 
thrown [s\open\src\hotspot\share\prims\jni.cpp, line 516]
Event: 0.130 Thread 0x0000025135e0bcb0 Exception <a 'java/io/FileNotFoundException'{0x000000072e883778}> (0x000000072e883778) 
thrown [s\open\src\hotspot\share\prims\jni.cpp, line 516]
Event: 0.166 Thread 0x0000025135e0bcb0 Exception <a 'java/lang/NoSuchMethodError'{0x000000072e8c7c60}: 'java.lang.Object java.lang.invoke.DirectMethodHandle$Holder.invokeStaticInit(java.lang.Object)'> (0x000000072e8c7c60) 
thrown [s\open\src\hotspot\share\interpreter\linkResolver.cpp, line 759]

VM Operations (2 events):
Event: 0.066 Executing VM operation: HandshakeAllThreads
Event: 0.066 Executing VM operation: HandshakeAllThreads done

Events (20 events):
Event: 0.244 loading class sun/awt/KeyboardFocusManagerPeerImpl
Event: 0.244 loading class java/awt/peer/KeyboardFocusManagerPeer
Event: 0.244 loading class java/awt/peer/KeyboardFocusManagerPeer done
Event: 0.244 loading class sun/awt/KeyboardFocusManagerPeerImpl done
Event: 0.244 loading class sun/awt/windows/WKeyboardFocusManagerPeer done
Event: 0.245 loading class javax/swing/JComponent$1
Event: 0.245 loading class sun/swing/SwingAccessor$JComponentAccessor
Event: 0.245 loading class sun/swing/SwingAccessor$JComponentAccessor done
Event: 0.245 loading class javax/swing/JComponent$1 done
Event: 0.245 loading class javax/swing/JComponent$2
Event: 0.245 loading class javax/swing/JComponent$2 done
Event: 0.245 loading class javax/swing/SwingUtilities
Event: 0.245 loading class javax/swing/SwingUtilities done
Event: 0.246 loading class javax/swing/JRootPane
Event: 0.246 loading class javax/swing/JRootPane done
Event: 0.246 loading class javax/swing/JPanel
Event: 0.246 loading class javax/swing/JPanel done
Event: 0.246 loading class java/awt/FlowLayout
Event: 0.246 loading class java/awt/FlowLayout done
Event: 0.246 loading class javax/swing/UIManager


Dynamic libraries:
0x00007ff7b4b90000 - 0x00007ff7b4ba0000 	C:\Program Files\Java\jdk-17.0.4\bin\java.exe
0x00007ffa6cc90000 - 0x00007ffa6ce86000 	C:\WINDOWS\SYSTEM32\ntdll.dll
0x00007ffa6ada0000 - 0x00007ffa6ae5d000 	C:\WINDOWS\System32\KERNEL32.DLL
0x00007ffa6a3d0000 - 0x00007ffa6a699000 	C:\WINDOWS\System32\KERNELBASE.dll
0x00007ffa6a960000 - 0x00007ffa6aa60000 	C:\WINDOWS\System32\ucrtbase.dll
0x00007ffa67560000 - 0x00007ffa67578000 	C:\Program Files\Java\jdk-17.0.4\bin\jli.dll
0x00007ffa552f0000 - 0x00007ffa5530a000 	C:\Program Files\Java\jdk-17.0.4\bin\VCRUNTIME140.dll
0x00007ffa6af00000 - 0x00007ffa6afac000 	C:\WINDOWS\System32\ADVAPI32.dll
0x00007ffa6ae60000 - 0x00007ffa6aefe000 	C:\WINDOWS\System32\msvcrt.dll
0x00007ffa6b920000 - 0x00007ffa6b9bc000 	C:\WINDOWS\System32\sechost.dll
0x00007ffa6c530000 - 0x00007ffa6c65b000 	C:\WINDOWS\System32\RPCRT4.dll
0x00007ffa6c7c0000 - 0x00007ffa6c960000 	C:\WINDOWS\System32\USER32.dll
0x00007ffa6a6a0000 - 0x00007ffa6a6c2000 	C:\WINDOWS\System32\win32u.dll
0x00007ffa4a400000 - 0x00007ffa4a69b000 	C:\WINDOWS\WinSxS\amd64_microsoft.windows.common-controls_6595b64144ccf1df_6.0.19041.746_none_ca02b4b61b8320a4\COMCTL32.dll
0x00007ffa6c4d0000 - 0x00007ffa6c4fa000 	C:\WINDOWS\System32\GDI32.dll
0x00007ffa6a850000 - 0x00007ffa6a95b000 	C:\WINDOWS\System32\gdi32full.dll
0x00007ffa6a6d0000 - 0x00007ffa6a76d000 	C:\WINDOWS\System32\msvcp_win.dll
0x00007ffa63340000 - 0x00007ffa6334a000 	C:\WINDOWS\SYSTEM32\VERSION.dll
0x00007ffa6c500000 - 0x00007ffa6c530000 	C:\WINDOWS\System32\IMM32.DLL
0x00007ffa67660000 - 0x00007ffa6766c000 	C:\Program Files\Java\jdk-17.0.4\bin\vcruntime140_1.dll
0x00007ffa37870000 - 0x00007ffa378fd000 	C:\Program Files\Java\jdk-17.0.4\bin\msvcp140.dll
0x00007ffa23380000 - 0x00007ffa23f42000 	C:\Program Files\Java\jdk-17.0.4\bin\server\jvm.dll
0x00007ffa6c4c0000 - 0x00007ffa6c4c8000 	C:\WINDOWS\System32\PSAPI.DLL
0x00007ffa5caa0000 - 0x00007ffa5caa9000 	C:\WINDOWS\SYSTEM32\WSOCK32.dll
0x00007ffa60bc0000 - 0x00007ffa60be7000 	C:\WINDOWS\SYSTEM32\WINMM.dll
0x00007ffa6ba80000 - 0x00007ffa6baeb000 	C:\WINDOWS\System32\WS2_32.dll
0x00007ffa68d00000 - 0x00007ffa68d12000 	C:\WINDOWS\SYSTEM32\kernel.appcore.dll
0x00007ffa67530000 - 0x00007ffa6753a000 	C:\Program Files\Java\jdk-17.0.4\bin\jimage.dll
0x00007ffa681c0000 - 0x00007ffa683a4000 	C:\WINDOWS\SYSTEM32\DBGHELP.DLL
0x00007ffa5e4c0000 - 0x00007ffa5e4ec000 	C:\WINDOWS\SYSTEM32\dbgcore.DLL
0x00007ffa6aa60000 - 0x00007ffa6aae0000 	C:\WINDOWS\System32\bcryptPrimitives.dll
0x00007ffa552a0000 - 0x00007ffa552c5000 	C:\Program Files\Java\jdk-17.0.4\bin\java.dll
0x00007ffa3ead0000 - 0x00007ffa3eba6000 	C:\Program Files\Java\jdk-17.0.4\bin\jsvml.dll
0x00007ffa6afd0000 - 0x00007ffa6b713000 	C:\WINDOWS\System32\SHELL32.dll
0x00007ffa683b0000 - 0x00007ffa68b3f000 	C:\WINDOWS\SYSTEM32\windows.storage.dll
0x00007ffa6c160000 - 0x00007ffa6c4b6000 	C:\WINDOWS\System32\combase.dll
0x00007ffa69d60000 - 0x00007ffa69d8c000 	C:\WINDOWS\SYSTEM32\Wldp.dll
0x00007ffa6bb00000 - 0x00007ffa6bbae000 	C:\WINDOWS\System32\SHCORE.dll
0x00007ffa6b9c0000 - 0x00007ffa6ba15000 	C:\WINDOWS\System32\shlwapi.dll
0x00007ffa6a300000 - 0x00007ffa6a326000 	C:\WINDOWS\SYSTEM32\profapi.dll
0x00007ffa52760000 - 0x00007ffa52779000 	C:\Program Files\Java\jdk-17.0.4\bin\net.dll
0x00007ffa65440000 - 0x00007ffa65540000 	C:\WINDOWS\SYSTEM32\WINHTTP.dll
0x00007ffa69ae0000 - 0x00007ffa69b4a000 	C:\WINDOWS\system32\mswsock.dll
0x00007ffa526b0000 - 0x00007ffa526c6000 	C:\Program Files\Java\jdk-17.0.4\bin\nio.dll
0x00007ffa4f260000 - 0x00007ffa4f278000 	C:\Program Files\Java\jdk-17.0.4\bin\zip.dll
0x00007ffa231f0000 - 0x00007ffa2337f000 	C:\Program Files\Java\jdk-17.0.4\bin\awt.dll
0x00007ffa6c6f0000 - 0x00007ffa6c7bd000 	C:\WINDOWS\System32\OLEAUT32.dll
0x00007ffa67830000 - 0x00007ffa678c0000 	C:\WINDOWS\SYSTEM32\apphelp.dll
0x00007ffa67e10000 - 0x00007ffa67e3f000 	C:\WINDOWS\system32\DWMAPI.DLL
0x00007ffa679c0000 - 0x00007ffa67a5e000 	C:\WINDOWS\system32\uxtheme.dll
0x00007ffa34750000 - 0x00007ffa34875000 	C:\WINDOWS\system32\opengl32.dll
0x00007ffa4d6c0000 - 0x00007ffa4d6ec000 	C:\WINDOWS\SYSTEM32\GLU32.dll
0x00007ffa6b780000 - 0x00007ffa6b896000 	C:\WINDOWS\System32\MSCTF.dll
0x00007ffa6c970000 - 0x00007ffa6ca9a000 	C:\WINDOWS\System32\ole32.dll
0x00007ff9fd1d0000 - 0x00007ff9fd39f000 	C:\WINDOWS\system32\d3d9.dll
0x00007ffa60bf0000 - 0x00007ffa60dcb000 	C:\WINDOWS\System32\DriverStore\FileRepository\u0366490.inf_amd64_c0dea8a43cb81731\B366217\aticfx64.dll
0x00007ffa52780000 - 0x00007ffa527b3000 	C:\WINDOWS\System32\DriverStore\FileRepository\u0366490.inf_amd64_c0dea8a43cb81731\B366217\atiu9p64.dll
0x00007ffa21fb0000 - 0x00007ffa22d0a000 	C:\WINDOWS\System32\DriverStore\FileRepository\u0366490.inf_amd64_c0dea8a43cb81731\B366217\atiumd64.dll
0x000000005f130000 - 0x000000005fffb000 	C:\WINDOWS\System32\DriverStore\FileRepository\u0366490.inf_amd64_c0dea8a43cb81731\B366217\atiumd6a.dll
0x00007ffa6a2b0000 - 0x00007ffa6a2fb000 	C:\WINDOWS\SYSTEM32\POWRPROF.dll
0x00007ffa6a210000 - 0x00007ffa6a222000 	C:\WINDOWS\SYSTEM32\UMPDC.dll
0x00007ffa5e230000 - 0x00007ffa5e260000 	C:\WINDOWS\SYSTEM32\amdihk64.dll
0x00007ffa60dd0000 - 0x00007ffa60e0b000 	C:\WINDOWS\SYSTEM32\dxcore.dll
0x00007ffa6a800000 - 0x00007ffa6a84e000 	C:\WINDOWS\System32\cfgmgr32.dll

dbghelp: loaded successfully - version: 4.0.5 - missing functions: none
symbol engine: initialized successfully - sym options: 0x614 - pdb path: .;C:\Program Files\Java\jdk-17.0.4\bin;C:\WINDOWS\SYSTEM32;C:\WINDOWS\WinSxS\amd64_microsoft.windows.common-controls_6595b64144ccf1df_6.0.19041.746_none_ca02b4b61b8320a4;C:\Program Files\Java\jdk-17.0.4\bin\server;C:\WINDOWS\System32\DriverStore\FileRepository\u0366490.inf_amd64_c0dea8a43cb81731\B366217

VM Arguments:
jvm_args: -Dfile.encoding=UTF-8 --module-path=E:\BCA Programms\Practice Programming languages\NetBeansProjects\news_application\build\classes 
java_command: news_application.Signup
java_class_path (initial): C:\Users\AZHAR\Downloads\mysql-connector-java-8.0.28.jar;C:\Users\AZHAR\Downloads\jcalendar-tz-1.3.3-4.jar;E:\BCA Programms\Practice Programming languages\NetBeansProjects\news_application\build\classes
Launcher Type: SUN_STANDARD

[Global flags]
     intx CICompilerCount                          = 3                                         {product} {ergonomic}
     uint ConcGCThreads                            = 1                                         {product} {ergonomic}
     uint G1ConcRefinementThreads                  = 4                                         {product} {ergonomic}
   size_t G1HeapRegionSize                         = 2097152                                   {product} {ergonomic}
    uintx GCDrainStackTargetSize                   = 64                                        {product} {ergonomic}
   size_t InitialHeapSize                          = 234881024                                 {product} {ergonomic}
   size_t MarkStackSize                            = 4194304                                   {product} {ergonomic}
   size_t MaxHeapSize                              = 3745513472                                {product} {ergonomic}
   size_t MaxNewSize                               = 2246049792                                {product} {ergonomic}
   size_t MinHeapDeltaBytes                        = 2097152                                   {product} {ergonomic}
   size_t MinHeapSize                              = 8388608                                   {product} {ergonomic}
    uintx NonNMethodCodeHeapSize                   = 5832780                                {pd product} {ergonomic}
    uintx NonProfiledCodeHeapSize                  = 122912730                              {pd product} {ergonomic}
    uintx ProfiledCodeHeapSize                     = 122912730                              {pd product} {ergonomic}
    uintx ReservedCodeCacheSize                    = 251658240                              {pd product} {ergonomic}
     bool SegmentedCodeCache                       = true                                      {product} {ergonomic}
   size_t SoftMaxHeapSize                          = 3745513472                             {manageable} {ergonomic}
     bool UseCompressedClassPointers               = true                           {product lp64_product} {ergonomic}
     bool UseCompressedOops                        = true                           {product lp64_product} {ergonomic}
     bool UseG1GC                                  = true                                      {product} {ergonomic}
     bool UseLargePagesIndividualAllocation        = false                                  {pd product} {ergonomic}

Logging:
Log output configuration:
 #0: stdout all=warning uptime,level,tags
 #1: stderr all=off uptime,level,tags

Environment Variables:
PATH=C:\Program Files (x86)\Common Files\Oracle\Java\javapath;C:\Program Files\Microsoft\jdk-11.0.16.101-hotspot\bin;C:\Program Files\Common Files\Oracle\Java\javapath;C:\WINDOWS\system32;C:\WINDOWS;C:\WINDOWS\System32\Wbem;C:\WINDOWS\System32\WindowsPowerShell\v1.0\;C:\WINDOWS\System32\OpenSSH\;C:\Program Files (x86)\dotnet\;C:\Program Files\dotnet\;C:\Program Files\MySQL\MySQL Shell 8.0\bin\;C:\Users\AZHAR\AppData\Local\Microsoft\WindowsApps;C:\Users\AZHAR\AppData\Local\Programs\Microsoft VS Code\bin;C:\Program Files (x86)\mingw-w64\i686-8.1.0-posix-dwarf-rt_v6-rev0\mingw32\bin;C:\Program Files (x86)\mingw-w64\i686-8.1.0-posix-dwarf-rt_v6-rev0\mingw32\bin;C:\Program Files\Java\jdk-17.0.4\bin;C:\Users\AZHAR\.dotnet\tools
USERNAME=AZHAR
OS=Windows_NT
PROCESSOR_IDENTIFIER=AMD64 Family 23 Model 24 Stepping 1, AuthenticAMD



---------------  S Y S T E M  ---------------

OS:
 Windows 10 , 64 bit Build 19041 (10.0.19041.662)
OS uptime: 0 days 1:18 hours

CPU: total 4 (initial active 4) (4 cores per cpu, 1 threads per core) family 23 model 24 stepping 1 microcode 0x0, cx8, cmov, fxsr, mmx, 3dnowpref, sse, sse2, sse3, ssse3, sse4a, sse4.1, sse4.2, popcnt, lzcnt, tsc, tscinvbit, avx, avx2, aes, clmul, bmi1, bmi2, adx, sha, fma, vzeroupper, clflush, clflushopt

Memory: 4k page, system-wide physical 14284M (3400M free)
TotalPageFile size 40132M (AvailPageFile size 4M)
current process WorkingSet (physical memory assigned to process): 52M, peak: 52M
current process commit charge ("private bytes"): 322M, peak: 322M

vm_info: Java HotSpot(TM) 64-Bit Server VM (17.0.4+11-LTS-179) for windows-amd64 JRE (17.0.4+11-LTS-179), built on Jun 28 2022 08:23:05 by "mach5one" with MS VC++ 16.8 / 16.9 (VS2019)

END.
